Script started on Mon 17 Feb 2020 06:15:37 PM PST
UVM_INFO @ 0: reporter [RNTST] Running test my_test...
UVM_INFO /home/morris/uvm-1.2/src/base/uvm_root.svh(579) @ 0: reporter [UVMTOP] UVM testbench topology:
--------------------------------------------------------------
Name                       Type                    Size  Value
--------------------------------------------------------------
uvm_test_top               my_test                 -     @335 
  env_alu                  my_environment          -     @348 
    agnt_alu               my_agent                -     @357 
      DRIVER               my_driver               -     @366 
        rsp_port           uvm_analysis_port       -     @385 
        seq_item_port      uvm_seq_item_pull_port  -     @375 
      SEQUENCER            my_sequencer            -     @395 
        rsp_export         uvm_analysis_export     -     @404 
        seq_item_export    uvm_seq_item_pull_imp   -     @522 
        arbitration_queue  array                   0     -    
        lock_queue         array                   0     -    
        num_last_reqs      integral                32    'd1  
        num_last_rsps      integral                32    'd1  
--------------------------------------------------------------

UVM_INFO alu_driver.sv(20) @ 0: uvm_test_top.env_alu.agnt_alu.DRIVER [DRIVER] A = 0010010000011111 , B = 0110100011011110
UVM_INFO alu_driver.sv(20) @ 0: uvm_test_top.env_alu.agnt_alu.DRIVER [DRIVER] A = 0011001100011000 , B = 0001000010010011
UVM_INFO alu_driver.sv(20) @ 0: uvm_test_top.env_alu.agnt_alu.DRIVER [DRIVER] A = 1110110101010110 , B = 0110000100010110
UVM_INFO alu_driver.sv(20) @ 0: uvm_test_top.env_alu.agnt_alu.DRIVER [DRIVER] A = 0111111100010011 , B = 1011010101011101
UVM_INFO alu_driver.sv(20) @ 0: uvm_test_top.env_alu.agnt_alu.DRIVER [DRIVER] A = 0110010111011000 , B = 1101110111011110
UVM_INFO alu_driver.sv(20) @ 0: uvm_test_top.env_alu.agnt_alu.DRIVER [DRIVER] A = 0011000100011101 , B = 1100011111011101
UVM_INFO alu_driver.sv(20) @ 0: uvm_test_top.env_alu.agnt_alu.DRIVER [DRIVER] A = 0111001000010010 , B = 0011111110011101
UVM_INFO alu_driver.sv(20) @ 0: uvm_test_top.env_alu.agnt_alu.DRIVER [DRIVER] A = 1001101010011111 , B = 1011101001011100
UVM_INFO alu_driver.sv(20) @ 0: uvm_test_top.env_alu.agnt_alu.DRIVER [DRIVER] A = 1001001101011111 , B = 0001101001011011
UVM_INFO alu_driver.sv(20) @ 0: uvm_test_top.env_alu.agnt_alu.DRIVER [DRIVER] A = 0100001000010001 , B = 1111010000010011
UVM_INFO alu_driver.sv(20) @ 0: uvm_test_top.env_alu.agnt_alu.DRIVER [DRIVER] A = 0101010011011011 , B = 1110001000010011
UVM_INFO alu_driver.sv(20) @ 0: uvm_test_top.env_alu.agnt_alu.DRIVER [DRIVER] A = 0101101011010011 , B = 0000001111010011
UVM_INFO alu_driver.sv(20) @ 0: uvm_test_top.env_alu.agnt_alu.DRIVER [DRIVER] A = 0100111111010000 , B = 1111000100011101
UVM_INFO alu_driver.sv(20) @ 0: uvm_test_top.env_alu.agnt_alu.DRIVER [DRIVER] A = 0000000100011001 , B = 0100000000011001
UVM_INFO alu_driver.sv(20) @ 0: uvm_test_top.env_alu.agnt_alu.DRIVER [DRIVER] A = 1111110100010011 , B = 1011110110011110
UVM_INFO alu_driver.sv(20) @ 0: uvm_test_top.env_alu.agnt_alu.DRIVER [DRIVER] A = 0100111100010000 , B = 0001110110010100
UVM_INFO alu_driver.sv(20) @ 0: uvm_test_top.env_alu.agnt_alu.DRIVER [DRIVER] A = 1111101101011101 , B = 0101100110011000
UVM_INFO alu_driver.sv(20) @ 0: uvm_test_top.env_alu.agnt_alu.DRIVER [DRIVER] A = 0010001010010111 , B = 0110100001010111
UVM_INFO alu_driver.sv(20) @ 0: uvm_test_top.env_alu.agnt_alu.DRIVER [DRIVER] A = 1011011000010010 , B = 0010111111010011
UVM_INFO alu_driver.sv(20) @ 0: uvm_test_top.env_alu.agnt_alu.DRIVER [DRIVER] A = 0110000111010110 , B = 1011111111010001
UVM_INFO alu_driver.sv(20) @ 0: uvm_test_top.env_alu.agnt_alu.DRIVER [DRIVER] A = 0011100010010110 , B = 1001100011010111
UVM_INFO alu_driver.sv(20) @ 0: uvm_test_top.env_alu.agnt_alu.DRIVER [DRIVER] A = 0010100100011010 , B = 1000101100011110
UVM_INFO alu_driver.sv(20) @ 0: uvm_test_top.env_alu.agnt_alu.DRIVER [DRIVER] A = 1001011000011010 , B = 1110001001010100
UVM_INFO alu_driver.sv(20) @ 0: uvm_test_top.env_alu.agnt_alu.DRIVER [DRIVER] A = 1101010111011111 , B = 1001101000011001
UVM_INFO alu_driver.sv(20) @ 0: uvm_test_top.env_alu.agnt_alu.DRIVER [DRIVER] A = 0011000111011000 , B = 1010011001011100
UVM_INFO alu_driver.sv(20) @ 0: uvm_test_top.env_alu.agnt_alu.DRIVER [DRIVER] A = 1110011001011011 , B = 0000101111010001
UVM_INFO alu_driver.sv(20) @ 0: uvm_test_top.env_alu.agnt_alu.DRIVER [DRIVER] A = 0000110111011100 , B = 0100010111010000
UVM_INFO alu_driver.sv(20) @ 0: uvm_test_top.env_alu.agnt_alu.DRIVER [DRIVER] A = 0001010111011101 , B = 1010110000011100
UVM_INFO alu_driver.sv(20) @ 0: uvm_test_top.env_alu.agnt_alu.DRIVER [DRIVER] A = 0000110010010001 , B = 0100111101010110
UVM_INFO alu_driver.sv(20) @ 0: uvm_test_top.env_alu.agnt_alu.DRIVER [DRIVER] A = 1010111101010001 , B = 0111100111011111
UVM_INFO alu_driver.sv(20) @ 0: uvm_test_top.env_alu.agnt_alu.DRIVER [DRIVER] A = 1010010010011011 , B = 1001011101011011
UVM_INFO alu_driver.sv(20) @ 0: uvm_test_top.env_alu.agnt_alu.DRIVER [DRIVER] A = 1001111010010011 , B = 1101000110010110
UVM_INFO alu_driver.sv(20) @ 0: uvm_test_top.env_alu.agnt_alu.DRIVER [DRIVER] A = 1011111010011010 , B = 1011010111011110
UVM_INFO alu_driver.sv(20) @ 0: uvm_test_top.env_alu.agnt_alu.DRIVER [DRIVER] A = 0110101001010111 , B = 0000010100011111
UVM_INFO alu_driver.sv(20) @ 0: uvm_test_top.env_alu.agnt_alu.DRIVER [DRIVER] A = 1111110010010100 , B = 0000011101010111
UVM_INFO alu_driver.sv(20) @ 0: uvm_test_top.env_alu.agnt_alu.DRIVER [DRIVER] A = 1010000101011001 , B = 0110010000010101
UVM_INFO alu_driver.sv(20) @ 0: uvm_test_top.env_alu.agnt_alu.DRIVER [DRIVER] A = 1001011010011111 , B = 1101011101011100
UVM_INFO alu_driver.sv(20) @ 0: uvm_test_top.env_alu.agnt_alu.DRIVER [DRIVER] A = 1100001011010010 , B = 0111011111010111
UVM_INFO alu_driver.sv(20) @ 0: uvm_test_top.env_alu.agnt_alu.DRIVER [DRIVER] A = 1000000111011011 , B = 1100001010011110
UVM_INFO alu_driver.sv(20) @ 0: uvm_test_top.env_alu.agnt_alu.DRIVER [DRIVER] A = 1010011001010010 , B = 1111110100011100
UVM_INFO alu_driver.sv(20) @ 0: uvm_test_top.env_alu.agnt_alu.DRIVER [DRIVER] A = 0101010001011110 , B = 0010100010011101
UVM_INFO alu_driver.sv(20) @ 0: uvm_test_top.env_alu.agnt_alu.DRIVER [DRIVER] A = 1101110010011010 , B = 1000101001010001
UVM_INFO alu_driver.sv(20) @ 0: uvm_test_top.env_alu.agnt_alu.DRIVER [DRIVER] A = 0111101011010111 , B = 1010100110011111
UVM_INFO alu_driver.sv(20) @ 0: uvm_test_top.env_alu.agnt_alu.DRIVER [DRIVER] A = 0000000011010100 , B = 1011011010011110
UVM_INFO alu_driver.sv(20) @ 0: uvm_test_top.env_alu.agnt_alu.DRIVER [DRIVER] A = 1011011101011011 , B = 0111010011011011
UVM_INFO alu_driver.sv(20) @ 0: uvm_test_top.env_alu.agnt_alu.DRIVER [DRIVER] A = 0010011110010110 , B = 1100111100011111
UVM_INFO alu_driver.sv(20) @ 0: uvm_test_top.env_alu.agnt_alu.DRIVER [DRIVER] A = 0001010101010001 , B = 1000111011011010
UVM_INFO alu_driver.sv(20) @ 0: uvm_test_top.env_alu.agnt_alu.DRIVER [DRIVER] A = 0010011110011111 , B = 0000110101010010
UVM_INFO alu_driver.sv(20) @ 0: uvm_test_top.env_alu.agnt_alu.DRIVER [DRIVER] A = 1011110000010000 , B = 0101110000011101
UVM_INFO alu_driver.sv(20) @ 0: uvm_test_top.env_alu.agnt_alu.DRIVER [DRIVER] A = 1010000110010001 , B = 0001001000010100
UVM_INFO alu_driver.sv(20) @ 0: uvm_test_top.env_alu.agnt_alu.DRIVER [DRIVER] A = 1101011001011000 , B = 1110110101011000
UVM_INFO alu_driver.sv(20) @ 0: uvm_test_top.env_alu.agnt_alu.DRIVER [DRIVER] A = 1110000001010010 , B = 0011000001010111
UVM_INFO alu_driver.sv(20) @ 0: uvm_test_top.env_alu.agnt_alu.DRIVER [DRIVER] A = 0001111100011100 , B = 1101100100011000
UVM_INFO alu_driver.sv(20) @ 0: uvm_test_top.env_alu.agnt_alu.DRIVER [DRIVER] A = 1000111011011110 , B = 0001101000010111
UVM_INFO alu_driver.sv(20) @ 0: uvm_test_top.env_alu.agnt_alu.DRIVER [DRIVER] A = 1110100001010110 , B = 1010010011011100
UVM_INFO alu_driver.sv(20) @ 0: uvm_test_top.env_alu.agnt_alu.DRIVER [DRIVER] A = 1111101011011000 , B = 0011010001010110
UVM_INFO alu_driver.sv(20) @ 0: uvm_test_top.env_alu.agnt_alu.DRIVER [DRIVER] A = 1101110011011000 , B = 0000100001010111
UVM_INFO alu_driver.sv(20) @ 0: uvm_test_top.env_alu.agnt_alu.DRIVER [DRIVER] A = 0000101011011000 , B = 0011100000010101
UVM_INFO alu_driver.sv(20) @ 0: uvm_test_top.env_alu.agnt_alu.DRIVER [DRIVER] A = 1110101011011100 , B = 0000111001010010
UVM_INFO alu_driver.sv(20) @ 0: uvm_test_top.env_alu.agnt_alu.DRIVER [DRIVER] A = 1100011000010010 , B = 1010000100011111
UVM_INFO alu_driver.sv(20) @ 0: uvm_test_top.env_alu.agnt_alu.DRIVER [DRIVER] A = 0001010001011110 , B = 0110011110011001
UVM_INFO alu_driver.sv(20) @ 0: uvm_test_top.env_alu.agnt_alu.DRIVER [DRIVER] A = 1001101000011110 , B = 0010110011010000
UVM_INFO alu_driver.sv(20) @ 0: uvm_test_top.env_alu.agnt_alu.DRIVER [DRIVER] A = 0110111101011110 , B = 1110001011011000
UVM_INFO alu_driver.sv(20) @ 0: uvm_test_top.env_alu.agnt_alu.DRIVER [DRIVER] A = 1000110101011011 , B = 1000010000010000
UVM_INFO alu_driver.sv(20) @ 0: uvm_test_top.env_alu.agnt_alu.DRIVER [DRIVER] A = 1010001011011100 , B = 0101101011010000
UVM_INFO alu_driver.sv(20) @ 0: uvm_test_top.env_alu.agnt_alu.DRIVER [DRIVER] A = 0101101010010110 , B = 0101011111010011
UVM_INFO alu_driver.sv(20) @ 0: uvm_test_top.env_alu.agnt_alu.DRIVER [DRIVER] A = 0101100010010001 , B = 0101000000011100
UVM_INFO alu_driver.sv(20) @ 0: uvm_test_top.env_alu.agnt_alu.DRIVER [DRIVER] A = 0001110011010110 , B = 1000110010010001
UVM_INFO alu_driver.sv(20) @ 0: uvm_test_top.env_alu.agnt_alu.DRIVER [DRIVER] A = 0001000110010111 , B = 0011011010011010
UVM_INFO alu_driver.sv(20) @ 0: uvm_test_top.env_alu.agnt_alu.DRIVER [DRIVER] A = 0111001011010111 , B = 0010011100011101
UVM_INFO alu_driver.sv(20) @ 0: uvm_test_top.env_alu.agnt_alu.DRIVER [DRIVER] A = 0111010111011111 , B = 1111011001010111
UVM_INFO alu_driver.sv(20) @ 0: uvm_test_top.env_alu.agnt_alu.DRIVER [DRIVER] A = 1111000111010011 , B = 0001101101011010
UVM_INFO alu_driver.sv(20) @ 0: uvm_test_top.env_alu.agnt_alu.DRIVER [DRIVER] A = 1011011010010110 , B = 1100101100010100
UVM_INFO alu_driver.sv(20) @ 0: uvm_test_top.env_alu.agnt_alu.DRIVER [DRIVER] A = 0000111001011110 , B = 0111011111010001
UVM_INFO alu_driver.sv(20) @ 0: uvm_test_top.env_alu.agnt_alu.DRIVER [DRIVER] A = 1011000100010100 , B = 1010011010010100
UVM_INFO alu_driver.sv(20) @ 0: uvm_test_top.env_alu.agnt_alu.DRIVER [DRIVER] A = 1101100100010011 , B = 0111111110010000
UVM_INFO alu_driver.sv(20) @ 0: uvm_test_top.env_alu.agnt_alu.DRIVER [DRIVER] A = 1010111011010100 , B = 0101110101011001
UVM_INFO alu_driver.sv(20) @ 0: uvm_test_top.env_alu.agnt_alu.DRIVER [DRIVER] A = 0011011010010100 , B = 1101100000011000
UVM_INFO alu_driver.sv(20) @ 0: uvm_test_top.env_alu.agnt_alu.DRIVER [DRIVER] A = 1100111000010101 , B = 0110110111011001
UVM_INFO alu_driver.sv(20) @ 0: uvm_test_top.env_alu.agnt_alu.DRIVER [DRIVER] A = 1010011111011010 , B = 1100111101010111
UVM_INFO alu_driver.sv(20) @ 0: uvm_test_top.env_alu.agnt_alu.DRIVER [DRIVER] A = 1101010010010001 , B = 0110000000011100
UVM_INFO alu_driver.sv(20) @ 0: uvm_test_top.env_alu.agnt_alu.DRIVER [DRIVER] A = 1101010010010010 , B = 1110111001011100
UVM_INFO alu_driver.sv(20) @ 0: uvm_test_top.env_alu.agnt_alu.DRIVER [DRIVER] A = 1001000010011001 , B = 1100011101011100
UVM_INFO alu_driver.sv(20) @ 0: uvm_test_top.env_alu.agnt_alu.DRIVER [DRIVER] A = 0010101011011010 , B = 0110000111010100
UVM_INFO alu_driver.sv(20) @ 0: uvm_test_top.env_alu.agnt_alu.DRIVER [DRIVER] A = 1010001011011010 , B = 0100001100010101
UVM_INFO alu_driver.sv(20) @ 0: uvm_test_top.env_alu.agnt_alu.DRIVER [DRIVER] A = 0011111010011000 , B = 0111011010010001
UVM_INFO alu_driver.sv(20) @ 0: uvm_test_top.env_alu.agnt_alu.DRIVER [DRIVER] A = 1110100010010101 , B = 0100000110010000
UVM_INFO alu_driver.sv(20) @ 0: uvm_test_top.env_alu.agnt_alu.DRIVER [DRIVER] A = 0011111010010101 , B = 0111100010011000
UVM_INFO alu_driver.sv(20) @ 0: uvm_test_top.env_alu.agnt_alu.DRIVER [DRIVER] A = 0100110100011101 , B = 0010011001011110
UVM_INFO alu_driver.sv(20) @ 0: uvm_test_top.env_alu.agnt_alu.DRIVER [DRIVER] A = 1011011101011111 , B = 0100100100011010
UVM_INFO alu_driver.sv(20) @ 0: uvm_test_top.env_alu.agnt_alu.DRIVER [DRIVER] A = 0110110000010110 , B = 0010001100011001
UVM_INFO alu_driver.sv(20) @ 0: uvm_test_top.env_alu.agnt_alu.DRIVER [DRIVER] A = 1010001100011100 , B = 0000110100011111
UVM_INFO alu_driver.sv(20) @ 0: uvm_test_top.env_alu.agnt_alu.DRIVER [DRIVER] A = 1101111111010101 , B = 1001110101011000
UVM_INFO alu_driver.sv(20) @ 0: uvm_test_top.env_alu.agnt_alu.DRIVER [DRIVER] A = 1111100110010111 , B = 0110000110011101
UVM_INFO alu_driver.sv(20) @ 0: uvm_test_top.env_alu.agnt_alu.DRIVER [DRIVER] A = 0110001101011110 , B = 1000000011010101
UVM_INFO alu_driver.sv(20) @ 0: uvm_test_top.env_alu.agnt_alu.DRIVER [DRIVER] A = 1010000110011000 , B = 0000000000010010
UVM_INFO alu_driver.sv(20) @ 0: uvm_test_top.env_alu.agnt_alu.DRIVER [DRIVER] A = 0110110000011100 , B = 0000000101011000
UVM_INFO alu_driver.sv(20) @ 0: uvm_test_top.env_alu.agnt_alu.DRIVER [DRIVER] A = 1010010100011001 , B = 0000111110010101
UVM_INFO alu_driver.sv(20) @ 0: uvm_test_top.env_alu.agnt_alu.DRIVER [DRIVER] A = 0110000001011001 , B = 0111100101010010
UVM_INFO alu_driver.sv(20) @ 0: uvm_test_top.env_alu.agnt_alu.DRIVER [DRIVER] A = 0010110101011001 , B = 0001100101010110
UVM_INFO alu_driver.sv(20) @ 0: uvm_test_top.env_alu.agnt_alu.DRIVER [DRIVER] A = 0111010001010111 , B = 1000010100010011
UVM_INFO alu_driver.sv(20) @ 0: uvm_test_top.env_alu.agnt_alu.DRIVER [DRIVER] A = 0100110011011110 , B = 1111000010011100
UVM_INFO alu_driver.sv(20) @ 0: uvm_test_top.env_alu.agnt_alu.DRIVER [DRIVER] A = 1001101100011001 , B = 0101110100010100
UVM_INFO alu_driver.sv(20) @ 0: uvm_test_top.env_alu.agnt_alu.DRIVER [DRIVER] A = 1010011101010001 , B = 0010011100011010
UVM_INFO alu_driver.sv(20) @ 0: uvm_test_top.env_alu.agnt_alu.DRIVER [DRIVER] A = 1101100111011101 , B = 1111110000010000
UVM_INFO alu_driver.sv(20) @ 0: uvm_test_top.env_alu.agnt_alu.DRIVER [DRIVER] A = 0000010001011011 , B = 1100001100011001
UVM_INFO alu_driver.sv(20) @ 0: uvm_test_top.env_alu.agnt_alu.DRIVER [DRIVER] A = 0110000000011100 , B = 0001000111010111
UVM_INFO alu_driver.sv(20) @ 0: uvm_test_top.env_alu.agnt_alu.DRIVER [DRIVER] A = 0011110000010101 , B = 1110001110010100
UVM_INFO alu_driver.sv(20) @ 0: uvm_test_top.env_alu.agnt_alu.DRIVER [DRIVER] A = 1100111000011101 , B = 0110100111010001
UVM_INFO alu_driver.sv(20) @ 0: uvm_test_top.env_alu.agnt_alu.DRIVER [DRIVER] A = 0010111000011101 , B = 1010100100010011
UVM_INFO alu_driver.sv(20) @ 0: uvm_test_top.env_alu.agnt_alu.DRIVER [DRIVER] A = 1011111010010111 , B = 0111110101011000
UVM_INFO alu_driver.sv(20) @ 0: uvm_test_top.env_alu.agnt_alu.DRIVER [DRIVER] A = 1000111001010110 , B = 1001101000010110
UVM_INFO alu_driver.sv(20) @ 0: uvm_test_top.env_alu.agnt_alu.DRIVER [DRIVER] A = 0111100100010011 , B = 0100101001011101
UVM_INFO alu_driver.sv(20) @ 0: uvm_test_top.env_alu.agnt_alu.DRIVER [DRIVER] A = 1101110111011011 , B = 1111100011011101
UVM_INFO alu_driver.sv(20) @ 0: uvm_test_top.env_alu.agnt_alu.DRIVER [DRIVER] A = 1101001000011011 , B = 0110011100011110
UVM_INFO alu_driver.sv(20) @ 0: uvm_test_top.env_alu.agnt_alu.DRIVER [DRIVER] A = 1111110100011100 , B = 0011100000010111
UVM_INFO alu_driver.sv(20) @ 0: uvm_test_top.env_alu.agnt_alu.DRIVER [DRIVER] A = 0111110110011110 , B = 1110000000011110
UVM_INFO alu_driver.sv(20) @ 0: uvm_test_top.env_alu.agnt_alu.DRIVER [DRIVER] A = 0010000110010001 , B = 0011111011010011
UVM_INFO alu_driver.sv(20) @ 0: uvm_test_top.env_alu.agnt_alu.DRIVER [DRIVER] A = 1100011110011000 , B = 0001101101010110
UVM_INFO alu_driver.sv(20) @ 0: uvm_test_top.env_alu.agnt_alu.DRIVER [DRIVER] A = 0111010101010110 , B = 0010101000011011
UVM_INFO alu_driver.sv(20) @ 0: uvm_test_top.env_alu.agnt_alu.DRIVER [DRIVER] A = 1110000111010011 , B = 1101000110010000
UVM_INFO alu_driver.sv(20) @ 0: uvm_test_top.env_alu.agnt_alu.DRIVER [DRIVER] A = 1011100111010011 , B = 0010100000011010
UVM_INFO alu_driver.sv(20) @ 0: uvm_test_top.env_alu.agnt_alu.DRIVER [DRIVER] A = 1100111100010110 , B = 0001011010011101
UVM_INFO alu_driver.sv(20) @ 0: uvm_test_top.env_alu.agnt_alu.DRIVER [DRIVER] A = 1001000111011011 , B = 0011011001011101
UVM_INFO alu_driver.sv(20) @ 0: uvm_test_top.env_alu.agnt_alu.DRIVER [DRIVER] A = 0101100101011000 , B = 0010111011010100
UVM_INFO alu_driver.sv(20) @ 0: uvm_test_top.env_alu.agnt_alu.DRIVER [DRIVER] A = 0010001100010001 , B = 1011010000011110
UVM_INFO alu_driver.sv(20) @ 0: uvm_test_top.env_alu.agnt_alu.DRIVER [DRIVER] A = 1101010100010011 , B = 0000101101010100
UVM_INFO alu_driver.sv(20) @ 0: uvm_test_top.env_alu.agnt_alu.DRIVER [DRIVER] A = 0110101001011110 , B = 0001000000011100
UVM_INFO alu_driver.sv(20) @ 0: uvm_test_top.env_alu.agnt_alu.DRIVER [DRIVER] A = 1011011111010000 , B = 0101000100011000
UVM_INFO alu_driver.sv(20) @ 0: uvm_test_top.env_alu.agnt_alu.DRIVER [DRIVER] A = 0100101101011000 , B = 0101010101010110
UVM_INFO alu_driver.sv(20) @ 0: uvm_test_top.env_alu.agnt_alu.DRIVER [DRIVER] A = 0011111111011110 , B = 0010100000011000
UVM_INFO alu_driver.sv(20) @ 0: uvm_test_top.env_alu.agnt_alu.DRIVER [DRIVER] A = 1000100111010010 , B = 0110110000011110
UVM_INFO alu_driver.sv(20) @ 0: uvm_test_top.env_alu.agnt_alu.DRIVER [DRIVER] A = 0011000100010110 , B = 1101101110011001
UVM_INFO alu_driver.sv(20) @ 0: uvm_test_top.env_alu.agnt_alu.DRIVER [DRIVER] A = 0101100100011010 , B = 1100101111011100
UVM_INFO alu_driver.sv(20) @ 0: uvm_test_top.env_alu.agnt_alu.DRIVER [DRIVER] A = 0111011000010110 , B = 0111110000010101
UVM_INFO alu_driver.sv(20) @ 0: uvm_test_top.env_alu.agnt_alu.DRIVER [DRIVER] A = 0000011100010010 , B = 1100011100011110
UVM_INFO alu_driver.sv(20) @ 0: uvm_test_top.env_alu.agnt_alu.DRIVER [DRIVER] A = 0100111110010001 , B = 1000011110010010
UVM_INFO alu_driver.sv(20) @ 0: uvm_test_top.env_alu.agnt_alu.DRIVER [DRIVER] A = 0000100011010011 , B = 1111011010011011
UVM_INFO alu_driver.sv(20) @ 0: uvm_test_top.env_alu.agnt_alu.DRIVER [DRIVER] A = 1001101101011000 , B = 1100101000010101
UVM_INFO alu_driver.sv(20) @ 0: uvm_test_top.env_alu.agnt_alu.DRIVER [DRIVER] A = 0110101000011001 , B = 1010011100010001
UVM_INFO alu_driver.sv(20) @ 0: uvm_test_top.env_alu.agnt_alu.DRIVER [DRIVER] A = 0101001110011111 , B = 0101010100010001
UVM_INFO alu_driver.sv(20) @ 0: uvm_test_top.env_alu.agnt_alu.DRIVER [DRIVER] A = 0100000000011010 , B = 1111111010010010
UVM_INFO alu_driver.sv(20) @ 0: uvm_test_top.env_alu.agnt_alu.DRIVER [DRIVER] A = 1001111111010100 , B = 1111001011011110
UVM_INFO alu_driver.sv(20) @ 0: uvm_test_top.env_alu.agnt_alu.DRIVER [DRIVER] A = 1010001110010100 , B = 1110101010010000
UVM_INFO alu_driver.sv(20) @ 0: uvm_test_top.env_alu.agnt_alu.DRIVER [DRIVER] A = 0001001110011000 , B = 1100011011010100
UVM_INFO alu_driver.sv(20) @ 0: uvm_test_top.env_alu.agnt_alu.DRIVER [DRIVER] A = 0000101001010101 , B = 0011010010011001
UVM_INFO alu_driver.sv(20) @ 0: uvm_test_top.env_alu.agnt_alu.DRIVER [DRIVER] A = 0000110001010000 , B = 1111011100011110
UVM_INFO alu_driver.sv(20) @ 0: uvm_test_top.env_alu.agnt_alu.DRIVER [DRIVER] A = 0110000110010001 , B = 1001001011011111
UVM_INFO alu_driver.sv(20) @ 0: uvm_test_top.env_alu.agnt_alu.DRIVER [DRIVER] A = 0100011000010111 , B = 0001011111010010
UVM_INFO alu_driver.sv(20) @ 0: uvm_test_top.env_alu.agnt_alu.DRIVER [DRIVER] A = 0100010011010010 , B = 1111110001010111
UVM_INFO alu_driver.sv(20) @ 0: uvm_test_top.env_alu.agnt_alu.DRIVER [DRIVER] A = 1010010000011000 , B = 1010010011011101
UVM_INFO alu_driver.sv(20) @ 0: uvm_test_top.env_alu.agnt_alu.DRIVER [DRIVER] A = 0001100100011010 , B = 1101110100010110
UVM_INFO alu_driver.sv(20) @ 0: uvm_test_top.env_alu.agnt_alu.DRIVER [DRIVER] A = 1100110111011011 , B = 0001100100010011
UVM_INFO alu_driver.sv(20) @ 0: uvm_test_top.env_alu.agnt_alu.DRIVER [DRIVER] A = 1100100100011110 , B = 1101100111010101
UVM_INFO alu_driver.sv(20) @ 0: uvm_test_top.env_alu.agnt_alu.DRIVER [DRIVER] A = 1101110001010101 , B = 1111000011010111
UVM_INFO alu_driver.sv(20) @ 0: uvm_test_top.env_alu.agnt_alu.DRIVER [DRIVER] A = 1011111000011010 , B = 1101000101011010
UVM_INFO alu_driver.sv(20) @ 0: uvm_test_top.env_alu.agnt_alu.DRIVER [DRIVER] A = 1001010101010010 , B = 0110101000011111
UVM_INFO alu_driver.sv(20) @ 0: uvm_test_top.env_alu.agnt_alu.DRIVER [DRIVER] A = 0000100110011111 , B = 1101001000010011
UVM_INFO alu_driver.sv(20) @ 0: uvm_test_top.env_alu.agnt_alu.DRIVER [DRIVER] A = 0010101000011010 , B = 0011100100011011
UVM_INFO alu_driver.sv(20) @ 0: uvm_test_top.env_alu.agnt_alu.DRIVER [DRIVER] A = 1010110100011111 , B = 0010010100010101
UVM_INFO alu_driver.sv(20) @ 0: uvm_test_top.env_alu.agnt_alu.DRIVER [DRIVER] A = 0000110101011111 , B = 0101000011011000
UVM_INFO alu_driver.sv(20) @ 0: uvm_test_top.env_alu.agnt_alu.DRIVER [DRIVER] A = 1100111100011001 , B = 1111101111010100
UVM_INFO alu_driver.sv(20) @ 0: uvm_test_top.env_alu.agnt_alu.DRIVER [DRIVER] A = 0100100001010101 , B = 1111011100010100
UVM_INFO alu_driver.sv(20) @ 0: uvm_test_top.env_alu.agnt_alu.DRIVER [DRIVER] A = 0010100000011010 , B = 0100011000011001
UVM_INFO alu_driver.sv(20) @ 0: uvm_test_top.env_alu.agnt_alu.DRIVER [DRIVER] A = 0010100110010010 , B = 1111011000011100
UVM_INFO alu_driver.sv(20) @ 0: uvm_test_top.env_alu.agnt_alu.DRIVER [DRIVER] A = 0001000010011001 , B = 0001110100010111
UVM_INFO alu_driver.sv(20) @ 0: uvm_test_top.env_alu.agnt_alu.DRIVER [DRIVER] A = 0110111010010011 , B = 1011101010011110
UVM_INFO alu_driver.sv(20) @ 0: uvm_test_top.env_alu.agnt_alu.DRIVER [DRIVER] A = 1101100001011011 , B = 0111000111011011
UVM_INFO alu_driver.sv(20) @ 0: uvm_test_top.env_alu.agnt_alu.DRIVER [DRIVER] A = 0001111111010101 , B = 0110110000010100
UVM_INFO alu_driver.sv(20) @ 0: uvm_test_top.env_alu.agnt_alu.DRIVER [DRIVER] A = 1110011101010010 , B = 0100011111011001
UVM_INFO alu_driver.sv(20) @ 0: uvm_test_top.env_alu.agnt_alu.DRIVER [DRIVER] A = 1000111011011101 , B = 0111100001010010
UVM_INFO alu_driver.sv(20) @ 0: uvm_test_top.env_alu.agnt_alu.DRIVER [DRIVER] A = 1110011001011000 , B = 1011011101011100
UVM_INFO alu_driver.sv(20) @ 0: uvm_test_top.env_alu.agnt_alu.DRIVER [DRIVER] A = 1010101011010111 , B = 1101010101010111
UVM_INFO alu_driver.sv(20) @ 0: uvm_test_top.env_alu.agnt_alu.DRIVER [DRIVER] A = 1110110100010001 , B = 1011100111010001
UVM_INFO alu_driver.sv(20) @ 0: uvm_test_top.env_alu.agnt_alu.DRIVER [DRIVER] A = 1100110010011011 , B = 0111011011010000
UVM_INFO alu_driver.sv(20) @ 0: uvm_test_top.env_alu.agnt_alu.DRIVER [DRIVER] A = 0000110100010000 , B = 0001101110010101
UVM_INFO alu_driver.sv(20) @ 0: uvm_test_top.env_alu.agnt_alu.DRIVER [DRIVER] A = 1011000100010101 , B = 1110110110010010
UVM_INFO alu_driver.sv(20) @ 0: uvm_test_top.env_alu.agnt_alu.DRIVER [DRIVER] A = 1101010000011101 , B = 0100100011011101
UVM_INFO alu_driver.sv(20) @ 0: uvm_test_top.env_alu.agnt_alu.DRIVER [DRIVER] A = 0010101111010001 , B = 0010001010011111
UVM_INFO alu_driver.sv(20) @ 0: uvm_test_top.env_alu.agnt_alu.DRIVER [DRIVER] A = 1000110010011011 , B = 1000101001011011
UVM_INFO alu_driver.sv(20) @ 0: uvm_test_top.env_alu.agnt_alu.DRIVER [DRIVER] A = 0100001001011000 , B = 1101100110011001
UVM_INFO alu_driver.sv(20) @ 0: uvm_test_top.env_alu.agnt_alu.DRIVER [DRIVER] A = 0000001100011100 , B = 0110001011011111
UVM_INFO alu_driver.sv(20) @ 0: uvm_test_top.env_alu.agnt_alu.DRIVER [DRIVER] A = 0101011110010001 , B = 1100011010011110
UVM_INFO alu_driver.sv(20) @ 0: uvm_test_top.env_alu.agnt_alu.DRIVER [DRIVER] A = 0010101001011110 , B = 1011000110010101
UVM_INFO alu_driver.sv(20) @ 0: uvm_test_top.env_alu.agnt_alu.DRIVER [DRIVER] A = 0101000011011011 , B = 0100001101010110
UVM_INFO alu_driver.sv(20) @ 0: uvm_test_top.env_alu.agnt_alu.DRIVER [DRIVER] A = 0101000101010000 , B = 1011111101011111
UVM_INFO alu_driver.sv(20) @ 0: uvm_test_top.env_alu.agnt_alu.DRIVER [DRIVER] A = 1101101111011000 , B = 0011010010010101
UVM_INFO alu_driver.sv(20) @ 0: uvm_test_top.env_alu.agnt_alu.DRIVER [DRIVER] A = 1110001011010111 , B = 0001100100011111
UVM_INFO alu_driver.sv(20) @ 0: uvm_test_top.env_alu.agnt_alu.DRIVER [DRIVER] A = 1001010100010101 , B = 0101001111010010
UVM_INFO alu_driver.sv(20) @ 0: uvm_test_top.env_alu.agnt_alu.DRIVER [DRIVER] A = 1111111101011000 , B = 0001000000011010
UVM_INFO alu_driver.sv(20) @ 0: uvm_test_top.env_alu.agnt_alu.DRIVER [DRIVER] A = 1001001100011010 , B = 1001000010010010
UVM_INFO alu_driver.sv(20) @ 0: uvm_test_top.env_alu.agnt_alu.DRIVER [DRIVER] A = 1011110011011010 , B = 0100011011011001
UVM_INFO alu_driver.sv(20) @ 0: uvm_test_top.env_alu.agnt_alu.DRIVER [DRIVER] A = 1000111001010001 , B = 0101110111010110
UVM_INFO alu_driver.sv(20) @ 0: uvm_test_top.env_alu.agnt_alu.DRIVER [DRIVER] A = 1011011110011010 , B = 0101011011010101
UVM_INFO alu_driver.sv(20) @ 0: uvm_test_top.env_alu.agnt_alu.DRIVER [DRIVER] A = 1011110000010110 , B = 0010001110010011
UVM_INFO alu_driver.sv(20) @ 0: uvm_test_top.env_alu.agnt_alu.DRIVER [DRIVER] A = 0001000000011110 , B = 1011111010010010
UVM_INFO alu_driver.sv(20) @ 0: uvm_test_top.env_alu.agnt_alu.DRIVER [DRIVER] A = 1010111000011110 , B = 1000100011010000
UVM_INFO alu_driver.sv(20) @ 0: uvm_test_top.env_alu.agnt_alu.DRIVER [DRIVER] A = 0011010011011010 , B = 0000001010011110
UVM_INFO alu_driver.sv(20) @ 0: uvm_test_top.env_alu.agnt_alu.DRIVER [DRIVER] A = 0110000100010010 , B = 0110101010010111
UVM_INFO alu_driver.sv(20) @ 0: uvm_test_top.env_alu.agnt_alu.DRIVER [DRIVER] A = 0111010101011110 , B = 1111101010010000
UVM_INFO alu_driver.sv(20) @ 0: uvm_test_top.env_alu.agnt_alu.DRIVER [DRIVER] A = 1001001001010111 , B = 0100101010010001
UVM_INFO alu_driver.sv(20) @ 0: uvm_test_top.env_alu.agnt_alu.DRIVER [DRIVER] A = 1001001101010010 , B = 1100100111010101
UVM_INFO alu_driver.sv(20) @ 0: uvm_test_top.env_alu.agnt_alu.DRIVER [DRIVER] A = 0010010100011100 , B = 0010100110011100
UVM_INFO alu_driver.sv(20) @ 0: uvm_test_top.env_alu.agnt_alu.DRIVER [DRIVER] A = 1101110001010000 , B = 0000000110010011
UVM_INFO alu_driver.sv(20) @ 0: uvm_test_top.env_alu.agnt_alu.DRIVER [DRIVER] A = 0010111010011010 , B = 0001100110010001
UVM_INFO alu_driver.sv(20) @ 0: uvm_test_top.env_alu.agnt_alu.DRIVER [DRIVER] A = 0111010010011011 , B = 0000001000011000
UVM_INFO alu_driver.sv(20) @ 0: uvm_test_top.env_alu.agnt_alu.DRIVER [DRIVER] A = 1011011001011100 , B = 0001000101011001
UVM_INFO alu_driver.sv(20) @ 0: uvm_test_top.env_alu.agnt_alu.DRIVER [DRIVER] A = 0000000001010001 , B = 1110010101011111
UVM_INFO alu_driver.sv(20) @ 0: uvm_test_top.env_alu.agnt_alu.DRIVER [DRIVER] A = 1000000101011010 , B = 0110001000010000
UVM_INFO alu_driver.sv(20) @ 0: uvm_test_top.env_alu.agnt_alu.DRIVER [DRIVER] A = 1110001000010001 , B = 0111000011011110
UVM_INFO alu_driver.sv(20) @ 0: uvm_test_top.env_alu.agnt_alu.DRIVER [DRIVER] A = 1100110111011001 , B = 0001111100011111
UVM_INFO alu_driver.sv(20) @ 0: uvm_test_top.env_alu.agnt_alu.DRIVER [DRIVER] A = 0111110110011011 , B = 0011010111011000
UVM_INFO alu_driver.sv(20) @ 0: uvm_test_top.env_alu.agnt_alu.DRIVER [DRIVER] A = 1110001001011010 , B = 0111111110011101
UVM_INFO alu_driver.sv(20) @ 0: uvm_test_top.env_alu.agnt_alu.DRIVER [DRIVER] A = 1110010101010111 , B = 0111001000010111
UVM_INFO alu_driver.sv(20) @ 0: uvm_test_top.env_alu.agnt_alu.DRIVER [DRIVER] A = 1110110111011101 , B = 0110100011011101
UVM_INFO alu_driver.sv(20) @ 0: uvm_test_top.env_alu.agnt_alu.DRIVER [DRIVER] A = 1000011001011000 , B = 0010110010010000
UVM_INFO alu_driver.sv(20) @ 0: uvm_test_top.env_alu.agnt_alu.DRIVER [DRIVER] A = 0100101100011100 , B = 0011111000010100
UVM_INFO alu_driver.sv(20) @ 0: uvm_test_top.env_alu.agnt_alu.DRIVER [DRIVER] A = 1010011000011010 , B = 1101100001011100
UVM_INFO alu_driver.sv(20) @ 0: uvm_test_top.env_alu.agnt_alu.DRIVER [DRIVER] A = 0111010111010001 , B = 0111110011010001
UVM_INFO alu_driver.sv(20) @ 0: uvm_test_top.env_alu.agnt_alu.DRIVER [DRIVER] A = 0011011110011101 , B = 0100110001011010
UVM_INFO alu_driver.sv(20) @ 0: uvm_test_top.env_alu.agnt_alu.DRIVER [DRIVER] A = 1101100110010101 , B = 0010010011010111
UVM_INFO alu_driver.sv(20) @ 0: uvm_test_top.env_alu.agnt_alu.DRIVER [DRIVER] A = 0111000000010011 , B = 0011101111010000
UVM_INFO alu_driver.sv(20) @ 0: uvm_test_top.env_alu.agnt_alu.DRIVER [DRIVER] A = 0010100101011000 , B = 0100100011010011
UVM_INFO alu_driver.sv(20) @ 0: uvm_test_top.env_alu.agnt_alu.DRIVER [DRIVER] A = 1011011000010101 , B = 1011011110010001
UVM_INFO alu_driver.sv(20) @ 0: uvm_test_top.env_alu.agnt_alu.DRIVER [DRIVER] A = 0100100001011000 , B = 0101011010010011
UVM_INFO alu_driver.sv(20) @ 0: uvm_test_top.env_alu.agnt_alu.DRIVER [DRIVER] A = 0000000000010000 , B = 0010101100010011
UVM_INFO alu_driver.sv(20) @ 0: uvm_test_top.env_alu.agnt_alu.DRIVER [DRIVER] A = 0110000000011001 , B = 1011111001011100
UVM_INFO alu_driver.sv(20) @ 0: uvm_test_top.env_alu.agnt_alu.DRIVER [DRIVER] A = 1111000101010010 , B = 1110000001011011
UVM_INFO alu_driver.sv(20) @ 0: uvm_test_top.env_alu.agnt_alu.DRIVER [DRIVER] A = 1101010100011000 , B = 1000011111010101
UVM_INFO alu_driver.sv(20) @ 0: uvm_test_top.env_alu.agnt_alu.DRIVER [DRIVER] A = 0000011100011011 , B = 0101010100011111
UVM_INFO alu_driver.sv(20) @ 0: uvm_test_top.env_alu.agnt_alu.DRIVER [DRIVER] A = 1010110000010001 , B = 0101101100010101
UVM_INFO alu_driver.sv(20) @ 0: uvm_test_top.env_alu.agnt_alu.DRIVER [DRIVER] A = 0111001011010111 , B = 1001010101010100
UVM_INFO alu_driver.sv(20) @ 0: uvm_test_top.env_alu.agnt_alu.DRIVER [DRIVER] A = 0000001110011000 , B = 1011011101010011
UVM_INFO alu_driver.sv(20) @ 0: uvm_test_top.env_alu.agnt_alu.DRIVER [DRIVER] A = 1000001111011000 , B = 0000011111010110
UVM_INFO alu_driver.sv(20) @ 0: uvm_test_top.env_alu.agnt_alu.DRIVER [DRIVER] A = 1110001101010011 , B = 0100110111010011
UVM_INFO alu_driver.sv(20) @ 0: uvm_test_top.env_alu.agnt_alu.DRIVER [DRIVER] A = 0110000011011000 , B = 0000011100010101
UVM_INFO alu_driver.sv(20) @ 0: uvm_test_top.env_alu.agnt_alu.DRIVER [DRIVER] A = 1011011111011100 , B = 0110111001011111
UVM_INFO alu_driver.sv(20) @ 0: uvm_test_top.env_alu.agnt_alu.DRIVER [DRIVER] A = 1110010001010001 , B = 0101111000010001
UVM_INFO alu_driver.sv(20) @ 0: uvm_test_top.env_alu.agnt_alu.DRIVER [DRIVER] A = 0110000101011101 , B = 1110111100011010
UVM_INFO alu_driver.sv(20) @ 0: uvm_test_top.env_alu.agnt_alu.DRIVER [DRIVER] A = 1010110111011101 , B = 1100001010011000
UVM_INFO alu_driver.sv(20) @ 0: uvm_test_top.env_alu.agnt_alu.DRIVER [DRIVER] A = 0000111001010111 , B = 0111010010011000
UVM_INFO alu_driver.sv(20) @ 0: uvm_test_top.env_alu.agnt_alu.DRIVER [DRIVER] A = 0101110011010100 , B = 1000011011010100
UVM_INFO alu_driver.sv(20) @ 0: uvm_test_top.env_alu.agnt_alu.DRIVER [DRIVER] A = 1111100011010101 , B = 1101101101011101
UVM_INFO alu_driver.sv(20) @ 0: uvm_test_top.env_alu.agnt_alu.DRIVER [DRIVER] A = 1111001001010111 , B = 0110011100011110
UVM_INFO alu_driver.sv(20) @ 0: uvm_test_top.env_alu.agnt_alu.DRIVER [DRIVER] A = 1101111100011100 , B = 0101101000011100
UVM_INFO alu_driver.sv(20) @ 0: uvm_test_top.env_alu.agnt_alu.DRIVER [DRIVER] A = 1011100000010011 , B = 1111100111011100
UVM_INFO alu_driver.sv(20) @ 0: uvm_test_top.env_alu.agnt_alu.DRIVER [DRIVER] A = 1000101001010001 , B = 1101101100011101
UVM_INFO alu_driver.sv(20) @ 0: uvm_test_top.env_alu.agnt_alu.DRIVER [DRIVER] A = 0100001111010010 , B = 0011000111011111
UVM_INFO alu_driver.sv(20) @ 0: uvm_test_top.env_alu.agnt_alu.DRIVER [DRIVER] A = 0000111111011011 , B = 1000001001010011
UVM_INFO alu_driver.sv(20) @ 0: uvm_test_top.env_alu.agnt_alu.DRIVER [DRIVER] A = 1100010010010011 , B = 0010110110010001
UVM_INFO alu_driver.sv(20) @ 0: uvm_test_top.env_alu.agnt_alu.DRIVER [DRIVER] A = 0011001111011011 , B = 1000111110011111
UVM_INFO alu_driver.sv(20) @ 0: uvm_test_top.env_alu.agnt_alu.DRIVER [DRIVER] A = 0111100111011101 , B = 1101100011010111
UVM_INFO alu_driver.sv(20) @ 0: uvm_test_top.env_alu.agnt_alu.DRIVER [DRIVER] A = 0011001000011100 , B = 1011111001010100
UVM_INFO alu_driver.sv(20) @ 0: uvm_test_top.env_alu.agnt_alu.DRIVER [DRIVER] A = 1110000100011001 , B = 1001000100011000
UVM_INFO alu_driver.sv(20) @ 0: uvm_test_top.env_alu.agnt_alu.DRIVER [DRIVER] A = 0010101011010100 , B = 0111010111010001
UVM_INFO alu_driver.sv(20) @ 0: uvm_test_top.env_alu.agnt_alu.DRIVER [DRIVER] A = 0000000100011011 , B = 1110010001011111
UVM_INFO alu_driver.sv(20) @ 0: uvm_test_top.env_alu.agnt_alu.DRIVER [DRIVER] A = 0101000010010111 , B = 0010111111011011
UVM_INFO alu_driver.sv(20) @ 0: uvm_test_top.env_alu.agnt_alu.DRIVER [DRIVER] A = 0111011011010110 , B = 0100000101010101
UVM_INFO alu_driver.sv(20) @ 0: uvm_test_top.env_alu.agnt_alu.DRIVER [DRIVER] A = 1101111111010111 , B = 1000001010011100
UVM_INFO alu_driver.sv(20) @ 0: uvm_test_top.env_alu.agnt_alu.DRIVER [DRIVER] A = 1010110100010010 , B = 0000100111011110
UVM_INFO alu_driver.sv(20) @ 0: uvm_test_top.env_alu.agnt_alu.DRIVER [DRIVER] A = 1100000110011100 , B = 1101101111010111
UVM_INFO alu_driver.sv(20) @ 0: uvm_test_top.env_alu.agnt_alu.DRIVER [DRIVER] A = 0111101111010110 , B = 0000100011011101
UVM_INFO alu_driver.sv(20) @ 0: uvm_test_top.env_alu.agnt_alu.DRIVER [DRIVER] A = 1110111100010110 , B = 1001100101011011
UVM_INFO alu_driver.sv(20) @ 0: uvm_test_top.env_alu.agnt_alu.DRIVER [DRIVER] A = 1110111111010010 , B = 1110100010011001
UVM_INFO alu_driver.sv(20) @ 0: uvm_test_top.env_alu.agnt_alu.DRIVER [DRIVER] A = 1000110111011010 , B = 0011100011010100
UVM_INFO alu_driver.sv(20) @ 0: uvm_test_top.env_alu.agnt_alu.DRIVER [DRIVER] A = 0001010111011011 , B = 1110011001010011
UVM_INFO alu_driver.sv(20) @ 0: uvm_test_top.env_alu.agnt_alu.DRIVER [DRIVER] A = 0111011110010000 , B = 1111110000010010
UVM_INFO alu_driver.sv(20) @ 0: uvm_test_top.env_alu.agnt_alu.DRIVER [DRIVER] A = 0110101001011000 , B = 1111101000011001
UVM_INFO alu_driver.sv(20) @ 0: uvm_test_top.env_alu.agnt_alu.DRIVER [DRIVER] A = 1101110100011110 , B = 0110000100010111
UVM_INFO alu_driver.sv(20) @ 0: uvm_test_top.env_alu.agnt_alu.DRIVER [DRIVER] A = 0000100000011101 , B = 1000111110011100
UVM_INFO alu_driver.sv(20) @ 0: uvm_test_top.env_alu.agnt_alu.DRIVER [DRIVER] A = 1001011111011111 , B = 1101001000011100
UVM_INFO alu_driver.sv(20) @ 0: uvm_test_top.env_alu.agnt_alu.DRIVER [DRIVER] A = 0010001100011110 , B = 0010001101011100
UVM_INFO alu_driver.sv(20) @ 0: uvm_test_top.env_alu.agnt_alu.DRIVER [DRIVER] A = 0001100110011011 , B = 1111000001010101
UVM_INFO alu_driver.sv(20) @ 0: uvm_test_top.env_alu.agnt_alu.DRIVER [DRIVER] A = 0111001011011100 , B = 1100010000011101
UVM_INFO alu_driver.sv(20) @ 0: uvm_test_top.env_alu.agnt_alu.DRIVER [DRIVER] A = 1000011110011110 , B = 1000010010011111
UVM_INFO alu_driver.sv(20) @ 0: uvm_test_top.env_alu.agnt_alu.DRIVER [DRIVER] A = 1000010111011011 , B = 1111001101011001
UVM_INFO alu_driver.sv(20) @ 0: uvm_test_top.env_alu.agnt_alu.DRIVER [DRIVER] A = 1100010100011000 , B = 0001011000011110
UVM_INFO alu_driver.sv(20) @ 0: uvm_test_top.env_alu.agnt_alu.DRIVER [DRIVER] A = 0011100111011101 , B = 0100001110010101
UVM_INFO alu_driver.sv(20) @ 0: uvm_test_top.env_alu.agnt_alu.DRIVER [DRIVER] A = 0010011100010010 , B = 0111000100011111
UVM_INFO alu_driver.sv(20) @ 0: uvm_test_top.env_alu.agnt_alu.DRIVER [DRIVER] A = 0010110110011001 , B = 0111000111010110
UVM_INFO alu_driver.sv(20) @ 0: uvm_test_top.env_alu.agnt_alu.DRIVER [DRIVER] A = 1101010000010100 , B = 1110110100010010
UVM_INFO alu_driver.sv(20) @ 0: uvm_test_top.env_alu.agnt_alu.DRIVER [DRIVER] A = 1000111100010010 , B = 1000011111011000
UVM_INFO alu_driver.sv(20) @ 0: uvm_test_top.env_alu.agnt_alu.DRIVER [DRIVER] A = 0101011110011001 , B = 0010010011011010
UVM_INFO alu_driver.sv(20) @ 0: uvm_test_top.env_alu.agnt_alu.DRIVER [DRIVER] A = 1111110100011100 , B = 1001100110010011
UVM_INFO alu_driver.sv(20) @ 0: uvm_test_top.env_alu.agnt_alu.DRIVER [DRIVER] A = 0110000000010001 , B = 0111010001011101
UVM_INFO alu_driver.sv(20) @ 0: uvm_test_top.env_alu.agnt_alu.DRIVER [DRIVER] A = 1100011001010011 , B = 0000010101010000
UVM_INFO alu_driver.sv(20) @ 0: uvm_test_top.env_alu.agnt_alu.DRIVER [DRIVER] A = 1011000011011000 , B = 1010010000010011
UVM_INFO alu_driver.sv(20) @ 0: uvm_test_top.env_alu.agnt_alu.DRIVER [DRIVER] A = 1110001111010011 , B = 0111111000011100
UVM_INFO alu_driver.sv(20) @ 0: uvm_test_top.env_alu.agnt_alu.DRIVER [DRIVER] A = 1100010100011001 , B = 0010000000010110
UVM_INFO alu_driver.sv(20) @ 0: uvm_test_top.env_alu.agnt_alu.DRIVER [DRIVER] A = 0100100101010001 , B = 1100010001011101
UVM_INFO alu_driver.sv(20) @ 0: uvm_test_top.env_alu.agnt_alu.DRIVER [DRIVER] A = 1001011000011111 , B = 0101100010011010
UVM_INFO alu_driver.sv(20) @ 0: uvm_test_top.env_alu.agnt_alu.DRIVER [DRIVER] A = 1010010010010111 , B = 1100001000010000
UVM_INFO alu_driver.sv(20) @ 0: uvm_test_top.env_alu.agnt_alu.DRIVER [DRIVER] A = 1100110101010001 , B = 0000011010010101
UVM_INFO alu_driver.sv(20) @ 0: uvm_test_top.env_alu.agnt_alu.DRIVER [DRIVER] A = 0111010100011110 , B = 0100010101011100
UVM_INFO alu_driver.sv(20) @ 0: uvm_test_top.env_alu.agnt_alu.DRIVER [DRIVER] A = 0011000110011000 , B = 0001000100010101
UVM_INFO alu_driver.sv(20) @ 0: uvm_test_top.env_alu.agnt_alu.DRIVER [DRIVER] A = 1001000010010111 , B = 1001010011010111
UVM_INFO alu_driver.sv(20) @ 0: uvm_test_top.env_alu.agnt_alu.DRIVER [DRIVER] A = 0010000000010111 , B = 0000101111011101
UVM_INFO alu_driver.sv(20) @ 0: uvm_test_top.env_alu.agnt_alu.DRIVER [DRIVER] A = 1100100101011011 , B = 1111101101010010
UVM_INFO alu_driver.sv(20) @ 0: uvm_test_top.env_alu.agnt_alu.DRIVER [DRIVER] A = 0111110010011011 , B = 1111100001010000
UVM_INFO alu_driver.sv(20) @ 0: uvm_test_top.env_alu.agnt_alu.DRIVER [DRIVER] A = 1011000010011100 , B = 0001001011010000
UVM_INFO alu_driver.sv(20) @ 0: uvm_test_top.env_alu.agnt_alu.DRIVER [DRIVER] A = 0111011011011010 , B = 0111111011010000
UVM_INFO alu_driver.sv(20) @ 0: uvm_test_top.env_alu.agnt_alu.DRIVER [DRIVER] A = 0110100000011010 , B = 0111011100011001
UVM_INFO alu_driver.sv(20) @ 0: uvm_test_top.env_alu.agnt_alu.DRIVER [DRIVER] A = 1011000010011101 , B = 1100010011011001
UVM_INFO alu_driver.sv(20) @ 0: uvm_test_top.env_alu.agnt_alu.DRIVER [DRIVER] A = 1011110011011010 , B = 0100010101011100
UVM_INFO alu_driver.sv(20) @ 0: uvm_test_top.env_alu.agnt_alu.DRIVER [DRIVER] A = 1000110101011110 , B = 0011000101010001
UVM_INFO alu_driver.sv(20) @ 0: uvm_test_top.env_alu.agnt_alu.DRIVER [DRIVER] A = 0011111001011000 , B = 1100011100011011
UVM_INFO alu_driver.sv(20) @ 0: uvm_test_top.env_alu.agnt_alu.DRIVER [DRIVER] A = 0001000000010101 , B = 1011000000010100
UVM_INFO alu_driver.sv(20) @ 0: uvm_test_top.env_alu.agnt_alu.DRIVER [DRIVER] A = 1011111001010011 , B = 0000011110011000
UVM_INFO alu_driver.sv(20) @ 0: uvm_test_top.env_alu.agnt_alu.DRIVER [DRIVER] A = 1101010111010010 , B = 1011101011011001
UVM_INFO alu_driver.sv(20) @ 0: uvm_test_top.env_alu.agnt_alu.DRIVER [DRIVER] A = 1000000111010111 , B = 1000001101010100
UVM_INFO alu_driver.sv(20) @ 0: uvm_test_top.env_alu.agnt_alu.DRIVER [DRIVER] A = 1111110001010110 , B = 1100000001011001
UVM_INFO alu_driver.sv(20) @ 0: uvm_test_top.env_alu.agnt_alu.DRIVER [DRIVER] A = 1100111000010011 , B = 1111110101011010
UVM_INFO alu_driver.sv(20) @ 0: uvm_test_top.env_alu.agnt_alu.DRIVER [DRIVER] A = 1100010010011101 , B = 0000010101010111
UVM_INFO alu_driver.sv(20) @ 0: uvm_test_top.env_alu.agnt_alu.DRIVER [DRIVER] A = 1010100100011000 , B = 1001010000011000
UVM_INFO alu_driver.sv(20) @ 0: uvm_test_top.env_alu.agnt_alu.DRIVER [DRIVER] A = 1000011010010100 , B = 0010101111011100
UVM_INFO alu_driver.sv(20) @ 0: uvm_test_top.env_alu.agnt_alu.DRIVER [DRIVER] A = 0110111110010010 , B = 0100000010011010
UVM_INFO alu_driver.sv(20) @ 0: uvm_test_top.env_alu.agnt_alu.DRIVER [DRIVER] A = 1011000101010100 , B = 0110000000010010
UVM_INFO alu_driver.sv(20) @ 0: uvm_test_top.env_alu.agnt_alu.DRIVER [DRIVER] A = 0001110110011001 , B = 1100001110011010
UVM_INFO alu_driver.sv(20) @ 0: uvm_test_top.env_alu.agnt_alu.DRIVER [DRIVER] A = 0100101101010100 , B = 1011101010011011
UVM_INFO alu_driver.sv(20) @ 0: uvm_test_top.env_alu.agnt_alu.DRIVER [DRIVER] A = 0010001111010011 , B = 0011111011011111
UVM_INFO alu_driver.sv(20) @ 0: uvm_test_top.env_alu.agnt_alu.DRIVER [DRIVER] A = 1001011110011111 , B = 1100000010010011
UVM_INFO alu_driver.sv(20) @ 0: uvm_test_top.env_alu.agnt_alu.DRIVER [DRIVER] A = 1011011010011001 , B = 1011110111011101
UVM_INFO alu_driver.sv(20) @ 0: uvm_test_top.env_alu.agnt_alu.DRIVER [DRIVER] A = 1101110110011010 , B = 1110011110010010
UVM_INFO alu_driver.sv(20) @ 0: uvm_test_top.env_alu.agnt_alu.DRIVER [DRIVER] A = 0110000011010101 , B = 1110000110010010
UVM_INFO alu_driver.sv(20) @ 0: uvm_test_top.env_alu.agnt_alu.DRIVER [DRIVER] A = 1010010010010111 , B = 1101111011011101
UVM_INFO alu_driver.sv(20) @ 0: uvm_test_top.env_alu.agnt_alu.DRIVER [DRIVER] A = 1001010001011111 , B = 1100010100010011
UVM_INFO alu_driver.sv(20) @ 0: uvm_test_top.env_alu.agnt_alu.DRIVER [DRIVER] A = 1101110100011101 , B = 0000011111010111
UVM_INFO alu_driver.sv(20) @ 0: uvm_test_top.env_alu.agnt_alu.DRIVER [DRIVER] A = 1011000100011101 , B = 1110110101010101
UVM_INFO alu_driver.sv(20) @ 0: uvm_test_top.env_alu.agnt_alu.DRIVER [DRIVER] A = 0100011011010010 , B = 0111000001010010
UVM_INFO alu_driver.sv(20) @ 0: uvm_test_top.env_alu.agnt_alu.DRIVER [DRIVER] A = 1100011101011011 , B = 1011010001010011
UVM_INFO alu_driver.sv(20) @ 0: uvm_test_top.env_alu.agnt_alu.DRIVER [DRIVER] A = 0011011010011100 , B = 1001101000010100
UVM_INFO alu_driver.sv(20) @ 0: uvm_test_top.env_alu.agnt_alu.DRIVER [DRIVER] A = 1110101010010101 , B = 1001100010011110
UVM_INFO alu_driver.sv(20) @ 0: uvm_test_top.env_alu.agnt_alu.DRIVER [DRIVER] A = 0010101010010100 , B = 1001100101010111
UVM_INFO alu_driver.sv(20) @ 0: uvm_test_top.env_alu.agnt_alu.DRIVER [DRIVER] A = 1100111000010101 , B = 1101010000010011
UVM_INFO alu_driver.sv(20) @ 0: uvm_test_top.env_alu.agnt_alu.DRIVER [DRIVER] A = 1101000101011001 , B = 1001010010011111
UVM_INFO alu_driver.sv(20) @ 0: uvm_test_top.env_alu.agnt_alu.DRIVER [DRIVER] A = 0100110011011011 , B = 1010101101011001
UVM_INFO alu_driver.sv(20) @ 0: uvm_test_top.env_alu.agnt_alu.DRIVER [DRIVER] A = 1010110111011001 , B = 1110110001010110
UVM_INFO alu_driver.sv(20) @ 0: uvm_test_top.env_alu.agnt_alu.DRIVER [DRIVER] A = 0100011111011010 , B = 1000001101010001
UVM_INFO alu_driver.sv(20) @ 0: uvm_test_top.env_alu.agnt_alu.DRIVER [DRIVER] A = 1001101010011001 , B = 0001011000010000
UVM_INFO alu_driver.sv(20) @ 0: uvm_test_top.env_alu.agnt_alu.DRIVER [DRIVER] A = 0101111000010001 , B = 1100110101011100
UVM_INFO alu_driver.sv(20) @ 0: uvm_test_top.env_alu.agnt_alu.DRIVER [DRIVER] A = 1111001110010010 , B = 0011000011011110
UVM_INFO alu_driver.sv(20) @ 0: uvm_test_top.env_alu.agnt_alu.DRIVER [DRIVER] A = 1111100111010100 , B = 1110111011011111
UVM_INFO alu_driver.sv(20) @ 0: uvm_test_top.env_alu.agnt_alu.DRIVER [DRIVER] A = 1100001011011011 , B = 1000000010011110
UVM_INFO alu_driver.sv(20) @ 0: uvm_test_top.env_alu.agnt_alu.DRIVER [DRIVER] A = 0000011110010000 , B = 0000000000011110
UVM_INFO alu_driver.sv(20) @ 0: uvm_test_top.env_alu.agnt_alu.DRIVER [DRIVER] A = 0011010000010011 , B = 1010111101011101
UVM_INFO alu_driver.sv(20) @ 0: uvm_test_top.env_alu.agnt_alu.DRIVER [DRIVER] A = 1101001100010000 , B = 1010110010011101
UVM_INFO alu_driver.sv(20) @ 0: uvm_test_top.env_alu.agnt_alu.DRIVER [DRIVER] A = 1111100110010101 , B = 1101100101011001
UVM_INFO alu_driver.sv(20) @ 0: uvm_test_top.env_alu.agnt_alu.DRIVER [DRIVER] A = 0110101010010110 , B = 0111110101010101
UVM_INFO alu_driver.sv(20) @ 0: uvm_test_top.env_alu.agnt_alu.DRIVER [DRIVER] A = 1101110101011001 , B = 0011001000011010
UVM_INFO alu_driver.sv(20) @ 0: uvm_test_top.env_alu.agnt_alu.DRIVER [DRIVER] A = 0101010010011111 , B = 1011010011010100
UVM_INFO alu_driver.sv(20) @ 0: uvm_test_top.env_alu.agnt_alu.DRIVER [DRIVER] A = 0010010001011011 , B = 0011011010011111
UVM_INFO alu_driver.sv(20) @ 0: uvm_test_top.env_alu.agnt_alu.DRIVER [DRIVER] A = 1101001111011100 , B = 1110110010011010
UVM_INFO alu_driver.sv(20) @ 0: uvm_test_top.env_alu.agnt_alu.DRIVER [DRIVER] A = 1001101110010110 , B = 1111010101011110
UVM_INFO alu_driver.sv(20) @ 0: uvm_test_top.env_alu.agnt_alu.DRIVER [DRIVER] A = 1010011100010001 , B = 1101111011010111
UVM_INFO alu_driver.sv(20) @ 0: uvm_test_top.env_alu.agnt_alu.DRIVER [DRIVER] A = 1110010010011110 , B = 0110000100011011
UVM_INFO alu_driver.sv(20) @ 0: uvm_test_top.env_alu.agnt_alu.DRIVER [DRIVER] A = 1100011000011111 , B = 0010101101011110
UVM_INFO alu_driver.sv(20) @ 0: uvm_test_top.env_alu.agnt_alu.DRIVER [DRIVER] A = 0100010100011001 , B = 1000101101011110
UVM_INFO alu_driver.sv(20) @ 0: uvm_test_top.env_alu.agnt_alu.DRIVER [DRIVER] A = 1001111001010101 , B = 0001010111011101
UVM_INFO alu_driver.sv(20) @ 0: uvm_test_top.env_alu.agnt_alu.DRIVER [DRIVER] A = 0000001001010111 , B = 1010001101010100
UVM_INFO alu_driver.sv(20) @ 0: uvm_test_top.env_alu.agnt_alu.DRIVER [DRIVER] A = 1110010001010101 , B = 0110100001010010
UVM_INFO alu_driver.sv(20) @ 0: uvm_test_top.env_alu.agnt_alu.DRIVER [DRIVER] A = 0010110111010110 , B = 0101110010011000
UVM_INFO alu_driver.sv(20) @ 0: uvm_test_top.env_alu.agnt_alu.DRIVER [DRIVER] A = 0100111001010111 , B = 1000111110010011
UVM_INFO alu_driver.sv(20) @ 0: uvm_test_top.env_alu.agnt_alu.DRIVER [DRIVER] A = 1100100111011101 , B = 0000111110011001
UVM_INFO alu_driver.sv(20) @ 0: uvm_test_top.env_alu.agnt_alu.DRIVER [DRIVER] A = 1100100110011001 , B = 1111011001011111
UVM_INFO alu_driver.sv(20) @ 0: uvm_test_top.env_alu.agnt_alu.DRIVER [DRIVER] A = 0110101010011110 , B = 0000111111010100
UVM_INFO alu_driver.sv(20) @ 0: uvm_test_top.env_alu.agnt_alu.DRIVER [DRIVER] A = 1001010000011111 , B = 1100101010011001
UVM_INFO alu_driver.sv(20) @ 0: uvm_test_top.env_alu.agnt_alu.DRIVER [DRIVER] A = 1011010110011101 , B = 1100110110010111
UVM_INFO alu_driver.sv(20) @ 0: uvm_test_top.env_alu.agnt_alu.DRIVER [DRIVER] A = 1111101111011101 , B = 0111101001010001
UVM_INFO alu_driver.sv(20) @ 0: uvm_test_top.env_alu.agnt_alu.DRIVER [DRIVER] A = 0011011010010001 , B = 1001101010010001
UVM_INFO alu_driver.sv(20) @ 0: uvm_test_top.env_alu.agnt_alu.DRIVER [DRIVER] A = 0100110110011000 , B = 1101111100010010
UVM_INFO alu_driver.sv(20) @ 0: uvm_test_top.env_alu.agnt_alu.DRIVER [DRIVER] A = 1111110011010001 , B = 1100100110011000
UVM_INFO alu_driver.sv(20) @ 0: uvm_test_top.env_alu.agnt_alu.DRIVER [DRIVER] A = 0010101100011000 , B = 1000111000010110
UVM_INFO alu_driver.sv(20) @ 0: uvm_test_top.env_alu.agnt_alu.DRIVER [DRIVER] A = 0000110010011110 , B = 0000100010010011
UVM_INFO alu_driver.sv(20) @ 0: uvm_test_top.env_alu.agnt_alu.DRIVER [DRIVER] A = 1010010111010100 , B = 0001000000011000
UVM_INFO alu_driver.sv(20) @ 0: uvm_test_top.env_alu.agnt_alu.DRIVER [DRIVER] A = 1000001001010000 , B = 0100010000010011
UVM_INFO alu_driver.sv(20) @ 0: uvm_test_top.env_alu.agnt_alu.DRIVER [DRIVER] A = 1111000110010001 , B = 0110000111010100
UVM_INFO alu_driver.sv(20) @ 0: uvm_test_top.env_alu.agnt_alu.DRIVER [DRIVER] A = 0100000011010011 , B = 1110111111010010
UVM_INFO alu_driver.sv(20) @ 0: uvm_test_top.env_alu.agnt_alu.DRIVER [DRIVER] A = 0101101000011011 , B = 0011100001010101
UVM_INFO alu_driver.sv(20) @ 0: uvm_test_top.env_alu.agnt_alu.DRIVER [DRIVER] A = 0010010100011100 , B = 1010101011011001
UVM_INFO alu_driver.sv(20) @ 0: uvm_test_top.env_alu.agnt_alu.DRIVER [DRIVER] A = 1101010100011110 , B = 0100001000011010
UVM_INFO alu_driver.sv(20) @ 0: uvm_test_top.env_alu.agnt_alu.DRIVER [DRIVER] A = 1100000100010110 , B = 0111000000010010
UVM_INFO alu_driver.sv(20) @ 0: uvm_test_top.env_alu.agnt_alu.DRIVER [DRIVER] A = 0011111001010110 , B = 1111001001011100
UVM_INFO alu_driver.sv(20) @ 0: uvm_test_top.env_alu.agnt_alu.DRIVER [DRIVER] A = 1010100101011000 , B = 1101100100011110
UVM_INFO alu_driver.sv(20) @ 0: uvm_test_top.env_alu.agnt_alu.DRIVER [DRIVER] A = 1011101101010100 , B = 1010010111010001
UVM_INFO alu_driver.sv(20) @ 0: uvm_test_top.env_alu.agnt_alu.DRIVER [DRIVER] A = 1001100000010110 , B = 0101001110011011
UVM_INFO alu_driver.sv(20) @ 0: uvm_test_top.env_alu.agnt_alu.DRIVER [DRIVER] A = 0010101010010101 , B = 1011000111011111
UVM_INFO alu_driver.sv(20) @ 0: uvm_test_top.env_alu.agnt_alu.DRIVER [DRIVER] A = 0111101000010101 , B = 1101011001011011
UVM_INFO alu_driver.sv(20) @ 0: uvm_test_top.env_alu.agnt_alu.DRIVER [DRIVER] A = 1101011011010111 , B = 1111001111011111
UVM_INFO alu_driver.sv(20) @ 0: uvm_test_top.env_alu.agnt_alu.DRIVER [DRIVER] A = 1000010111011100 , B = 0100011100010100
UVM_INFO alu_driver.sv(20) @ 0: uvm_test_top.env_alu.agnt_alu.DRIVER [DRIVER] A = 1010001000010111 , B = 1110010110010010
UVM_INFO alu_driver.sv(20) @ 0: uvm_test_top.env_alu.agnt_alu.DRIVER [DRIVER] A = 1110111100011001 , B = 1001010101011111
UVM_INFO alu_driver.sv(20) @ 0: uvm_test_top.env_alu.agnt_alu.DRIVER [DRIVER] A = 1010000101010010 , B = 1010111011010000
UVM_INFO alu_driver.sv(20) @ 0: uvm_test_top.env_alu.agnt_alu.DRIVER [DRIVER] A = 1011001110010010 , B = 0110101110011110
UVM_INFO alu_driver.sv(20) @ 0: uvm_test_top.env_alu.agnt_alu.DRIVER [DRIVER] A = 0100000000010000 , B = 1100010001010100
UVM_INFO alu_driver.sv(20) @ 0: uvm_test_top.env_alu.agnt_alu.DRIVER [DRIVER] A = 0011100011011110 , B = 1110010100010111
UVM_INFO alu_driver.sv(20) @ 0: uvm_test_top.env_alu.agnt_alu.DRIVER [DRIVER] A = 0100110110010100 , B = 0101001110011000
UVM_INFO alu_driver.sv(20) @ 0: uvm_test_top.env_alu.agnt_alu.DRIVER [DRIVER] A = 1000101100010010 , B = 1111001000011100
UVM_INFO alu_driver.sv(20) @ 0: uvm_test_top.env_alu.agnt_alu.DRIVER [DRIVER] A = 1100000001010100 , B = 1001001110011011
UVM_INFO alu_driver.sv(20) @ 0: uvm_test_top.env_alu.agnt_alu.DRIVER [DRIVER] A = 1011010001011110 , B = 1110001000011000
UVM_INFO alu_driver.sv(20) @ 0: uvm_test_top.env_alu.agnt_alu.DRIVER [DRIVER] A = 0000101000010110 , B = 0011011110010010
UVM_INFO alu_driver.sv(20) @ 0: uvm_test_top.env_alu.agnt_alu.DRIVER [DRIVER] A = 1000011001011001 , B = 1011010011011011
UVM_INFO alu_driver.sv(20) @ 0: uvm_test_top.env_alu.agnt_alu.DRIVER [DRIVER] A = 1111111001010001 , B = 0000111100010010
UVM_INFO alu_driver.sv(20) @ 0: uvm_test_top.env_alu.agnt_alu.DRIVER [DRIVER] A = 1010100110011100 , B = 1001100000010100
UVM_INFO alu_driver.sv(20) @ 0: uvm_test_top.env_alu.agnt_alu.DRIVER [DRIVER] A = 1100001111010011 , B = 1011011000010111
UVM_INFO alu_driver.sv(20) @ 0: uvm_test_top.env_alu.agnt_alu.DRIVER [DRIVER] A = 0001001100010100 , B = 1010110100011011
UVM_INFO alu_driver.sv(20) @ 0: uvm_test_top.env_alu.agnt_alu.DRIVER [DRIVER] A = 1001011011011110 , B = 1111110010010000
UVM_INFO alu_driver.sv(20) @ 0: uvm_test_top.env_alu.agnt_alu.DRIVER [DRIVER] A = 1101000000010010 , B = 1011010011011001
UVM_INFO alu_driver.sv(20) @ 0: uvm_test_top.env_alu.agnt_alu.DRIVER [DRIVER] A = 0001000001010001 , B = 1111101101011111
UVM_INFO alu_driver.sv(20) @ 0: uvm_test_top.env_alu.agnt_alu.DRIVER [DRIVER] A = 0000001111011101 , B = 1101011000011111
UVM_INFO alu_driver.sv(20) @ 0: uvm_test_top.env_alu.agnt_alu.DRIVER [DRIVER] A = 1000000110010110 , B = 0001000110011011
UVM_INFO alu_driver.sv(20) @ 0: uvm_test_top.env_alu.agnt_alu.DRIVER [DRIVER] A = 1010110011010101 , B = 1101010111010001
UVM_INFO alu_driver.sv(20) @ 0: uvm_test_top.env_alu.agnt_alu.DRIVER [DRIVER] A = 0110100010011001 , B = 1100011000011000
UVM_INFO alu_driver.sv(20) @ 0: uvm_test_top.env_alu.agnt_alu.DRIVER [DRIVER] A = 0111010111011001 , B = 1011101001011100
UVM_INFO alu_driver.sv(20) @ 0: uvm_test_top.env_alu.agnt_alu.DRIVER [DRIVER] A = 1000110110010110 , B = 1011001100011101
UVM_INFO alu_driver.sv(20) @ 0: uvm_test_top.env_alu.agnt_alu.DRIVER [DRIVER] A = 0101000110010101 , B = 1001101101011000
UVM_INFO alu_driver.sv(20) @ 0: uvm_test_top.env_alu.agnt_alu.DRIVER [DRIVER] A = 1101001000011101 , B = 1111011001011001
UVM_INFO alu_driver.sv(20) @ 0: uvm_test_top.env_alu.agnt_alu.DRIVER [DRIVER] A = 0010100001010010 , B = 1111010100011101
UVM_INFO alu_driver.sv(20) @ 0: uvm_test_top.env_alu.agnt_alu.DRIVER [DRIVER] A = 1000100011010110 , B = 0100000110010110
UVM_INFO alu_driver.sv(20) @ 0: uvm_test_top.env_alu.agnt_alu.DRIVER [DRIVER] A = 1100000000010111 , B = 0100100110011010
UVM_INFO alu_driver.sv(20) @ 0: uvm_test_top.env_alu.agnt_alu.DRIVER [DRIVER] A = 0110111000010011 , B = 1001011111011011
UVM_INFO alu_driver.sv(20) @ 0: uvm_test_top.env_alu.agnt_alu.DRIVER [DRIVER] A = 1010001000011011 , B = 1110001110011101
UVM_INFO alu_driver.sv(20) @ 0: uvm_test_top.env_alu.agnt_alu.DRIVER [DRIVER] A = 1000011101010000 , B = 1000010111011010
UVM_INFO alu_driver.sv(20) @ 0: uvm_test_top.env_alu.agnt_alu.DRIVER [DRIVER] A = 0010011110010111 , B = 0110110010011010
UVM_INFO alu_driver.sv(20) @ 0: uvm_test_top.env_alu.agnt_alu.DRIVER [DRIVER] A = 0001011111011001 , B = 0001100010010010
UVM_INFO alu_driver.sv(20) @ 0: uvm_test_top.env_alu.agnt_alu.DRIVER [DRIVER] A = 0001101001010011 , B = 0001111011011000
UVM_INFO alu_driver.sv(20) @ 0: uvm_test_top.env_alu.agnt_alu.DRIVER [DRIVER] A = 0011011110010010 , B = 1010010000011110
UVM_INFO alu_driver.sv(20) @ 0: uvm_test_top.env_alu.agnt_alu.DRIVER [DRIVER] A = 0010111100010011 , B = 0001000001010011
UVM_INFO alu_driver.sv(20) @ 0: uvm_test_top.env_alu.agnt_alu.DRIVER [DRIVER] A = 1100010101010001 , B = 0111001101010010
UVM_INFO alu_driver.sv(20) @ 0: uvm_test_top.env_alu.agnt_alu.DRIVER [DRIVER] A = 1001001110010110 , B = 0011011010010101
UVM_INFO alu_driver.sv(20) @ 0: uvm_test_top.env_alu.agnt_alu.DRIVER [DRIVER] A = 0100110011010010 , B = 0011100101011011
UVM_INFO alu_driver.sv(20) @ 0: uvm_test_top.env_alu.agnt_alu.DRIVER [DRIVER] A = 1101100001010100 , B = 0000000011010010
UVM_INFO alu_driver.sv(20) @ 0: uvm_test_top.env_alu.agnt_alu.DRIVER [DRIVER] A = 0001111001011100 , B = 0101011101010000
UVM_INFO alu_driver.sv(20) @ 0: uvm_test_top.env_alu.agnt_alu.DRIVER [DRIVER] A = 0010011000010101 , B = 1111000010010000
UVM_INFO alu_driver.sv(20) @ 0: uvm_test_top.env_alu.agnt_alu.DRIVER [DRIVER] A = 1010110100011111 , B = 1001010000011100
UVM_INFO alu_driver.sv(20) @ 0: uvm_test_top.env_alu.agnt_alu.DRIVER [DRIVER] A = 1111000110011001 , B = 0011010000010101
UVM_INFO alu_driver.sv(20) @ 0: uvm_test_top.env_alu.agnt_alu.DRIVER [DRIVER] A = 1101111100010101 , B = 0010000001011000
UVM_INFO alu_driver.sv(20) @ 0: uvm_test_top.env_alu.agnt_alu.DRIVER [DRIVER] A = 1010101100011101 , B = 1111110010010011
UVM_INFO alu_driver.sv(20) @ 0: uvm_test_top.env_alu.agnt_alu.DRIVER [DRIVER] A = 0100100011010101 , B = 0101101001011101
UVM_INFO alu_driver.sv(20) @ 0: uvm_test_top.env_alu.agnt_alu.DRIVER [DRIVER] A = 1110111111010110 , B = 1011001010011011
UVM_INFO alu_driver.sv(20) @ 0: uvm_test_top.env_alu.agnt_alu.DRIVER [DRIVER] A = 1101011011011100 , B = 1011100010011000
UVM_INFO alu_driver.sv(20) @ 0: uvm_test_top.env_alu.agnt_alu.DRIVER [DRIVER] A = 0111101110011101 , B = 0011100011010101
UVM_INFO alu_driver.sv(20) @ 0: uvm_test_top.env_alu.agnt_alu.DRIVER [DRIVER] A = 0111101100010100 , B = 1010000100010010
UVM_INFO alu_driver.sv(20) @ 0: uvm_test_top.env_alu.agnt_alu.DRIVER [DRIVER] A = 0100111000011101 , B = 1110100000011001
UVM_INFO alu_driver.sv(20) @ 0: uvm_test_top.env_alu.agnt_alu.DRIVER [DRIVER] A = 0001000111011011 , B = 0001011010011010
UVM_INFO alu_driver.sv(20) @ 0: uvm_test_top.env_alu.agnt_alu.DRIVER [DRIVER] A = 0110011110010001 , B = 0100110011011010
UVM_INFO alu_driver.sv(20) @ 0: uvm_test_top.env_alu.agnt_alu.DRIVER [DRIVER] A = 1110100110010111 , B = 1001010011010101
UVM_INFO alu_driver.sv(20) @ 0: uvm_test_top.env_alu.agnt_alu.DRIVER [DRIVER] A = 0010101011011011 , B = 1010001110010000
UVM_INFO alu_driver.sv(20) @ 0: uvm_test_top.env_alu.agnt_alu.DRIVER [DRIVER] A = 1111111110010000 , B = 1011001111010110
UVM_INFO alu_driver.sv(20) @ 0: uvm_test_top.env_alu.agnt_alu.DRIVER [DRIVER] A = 1111101010011110 , B = 1001000110010010
UVM_INFO alu_driver.sv(20) @ 0: uvm_test_top.env_alu.agnt_alu.DRIVER [DRIVER] A = 0111110001011110 , B = 0000110000010101
UVM_INFO alu_driver.sv(20) @ 0: uvm_test_top.env_alu.agnt_alu.DRIVER [DRIVER] A = 1010100110010100 , B = 1110100000010110
UVM_INFO alu_driver.sv(20) @ 0: uvm_test_top.env_alu.agnt_alu.DRIVER [DRIVER] A = 0100100111011011 , B = 0101101110011100
UVM_INFO alu_driver.sv(20) @ 0: uvm_test_top.env_alu.agnt_alu.DRIVER [DRIVER] A = 0101110010011101 , B = 1101010000010111
UVM_INFO alu_driver.sv(20) @ 0: uvm_test_top.env_alu.agnt_alu.DRIVER [DRIVER] A = 0101000100010010 , B = 1111010001010010
UVM_INFO alu_driver.sv(20) @ 0: uvm_test_top.env_alu.agnt_alu.DRIVER [DRIVER] A = 1000110110010101 , B = 0111100010011111
UVM_INFO alu_driver.sv(20) @ 0: uvm_test_top.env_alu.agnt_alu.DRIVER [DRIVER] A = 0110000100011010 , B = 1001101100011010
UVM_INFO alu_driver.sv(20) @ 0: uvm_test_top.env_alu.agnt_alu.DRIVER [DRIVER] A = 1110010000011010 , B = 1101100111011100
UVM_INFO alu_driver.sv(20) @ 0: uvm_test_top.env_alu.agnt_alu.DRIVER [DRIVER] A = 1001001010010010 , B = 0000011011011111
UVM_INFO alu_driver.sv(20) @ 0: uvm_test_top.env_alu.agnt_alu.DRIVER [DRIVER] A = 1001001100010100 , B = 1101010101010001
UVM_INFO alu_driver.sv(20) @ 0: uvm_test_top.env_alu.agnt_alu.DRIVER [DRIVER] A = 1111001100011111 , B = 1100001101010001
UVM_INFO alu_driver.sv(20) @ 0: uvm_test_top.env_alu.agnt_alu.DRIVER [DRIVER] A = 1001001111011000 , B = 1001100011011110
UVM_INFO alu_driver.sv(20) @ 0: uvm_test_top.env_alu.agnt_alu.DRIVER [DRIVER] A = 1001100110011111 , B = 1110000001010111
UVM_INFO alu_driver.sv(20) @ 0: uvm_test_top.env_alu.agnt_alu.DRIVER [DRIVER] A = 0000110001011000 , B = 0110110001011100
UVM_INFO alu_driver.sv(20) @ 0: uvm_test_top.env_alu.agnt_alu.DRIVER [DRIVER] A = 1110011001010010 , B = 1011000101011000
UVM_INFO alu_driver.sv(20) @ 0: uvm_test_top.env_alu.agnt_alu.DRIVER [DRIVER] A = 0101110110010010 , B = 1101010100010101
UVM_INFO alu_driver.sv(20) @ 0: uvm_test_top.env_alu.agnt_alu.DRIVER [DRIVER] A = 0110011100011001 , B = 0111100100011001
UVM_INFO alu_driver.sv(20) @ 0: uvm_test_top.env_alu.agnt_alu.DRIVER [DRIVER] A = 1010110101011000 , B = 0110011111010010
UVM_INFO alu_driver.sv(20) @ 0: uvm_test_top.env_alu.agnt_alu.DRIVER [DRIVER] A = 0010001110010110 , B = 1000100100011011
UVM_INFO alu_driver.sv(20) @ 0: uvm_test_top.env_alu.agnt_alu.DRIVER [DRIVER] A = 0110001100011111 , B = 0110100111010111
UVM_INFO alu_driver.sv(20) @ 0: uvm_test_top.env_alu.agnt_alu.DRIVER [DRIVER] A = 1000000001010010 , B = 1110011001010011
UVM_INFO alu_driver.sv(20) @ 0: uvm_test_top.env_alu.agnt_alu.DRIVER [DRIVER] A = 0011001101011011 , B = 1001101100011111
UVM_INFO alu_driver.sv(20) @ 0: uvm_test_top.env_alu.agnt_alu.DRIVER [DRIVER] A = 1011000011010001 , B = 1001000000011001
UVM_INFO alu_driver.sv(20) @ 0: uvm_test_top.env_alu.agnt_alu.DRIVER [DRIVER] A = 0001010110011001 , B = 1011001100011000
UVM_INFO alu_driver.sv(20) @ 0: uvm_test_top.env_alu.agnt_alu.DRIVER [DRIVER] A = 1101100100010111 , B = 1001001111011111
UVM_INFO alu_driver.sv(20) @ 0: uvm_test_top.env_alu.agnt_alu.DRIVER [DRIVER] A = 1111011010010000 , B = 1010000000010000
UVM_INFO alu_driver.sv(20) @ 0: uvm_test_top.env_alu.agnt_alu.DRIVER [DRIVER] A = 1111010000011010 , B = 1001100011010101
UVM_INFO alu_driver.sv(20) @ 0: uvm_test_top.env_alu.agnt_alu.DRIVER [DRIVER] A = 1010010001011001 , B = 0001100011011001
UVM_INFO alu_driver.sv(20) @ 0: uvm_test_top.env_alu.agnt_alu.DRIVER [DRIVER] A = 1100000111011101 , B = 0110100000011010
UVM_INFO alu_driver.sv(20) @ 0: uvm_test_top.env_alu.agnt_alu.DRIVER [DRIVER] A = 1000010110011001 , B = 1000110000011000
UVM_INFO alu_driver.sv(20) @ 0: uvm_test_top.env_alu.agnt_alu.DRIVER [DRIVER] A = 1110001101010110 , B = 0001110011011111
UVM_INFO alu_driver.sv(20) @ 0: uvm_test_top.env_alu.agnt_alu.DRIVER [DRIVER] A = 1011000011011000 , B = 1011001101011000
UVM_INFO alu_driver.sv(20) @ 0: uvm_test_top.env_alu.agnt_alu.DRIVER [DRIVER] A = 0111010111010000 , B = 0100011110011101
UVM_INFO alu_driver.sv(20) @ 0: uvm_test_top.env_alu.agnt_alu.DRIVER [DRIVER] A = 0000010000011100 , B = 1000000101011100
UVM_INFO alu_driver.sv(20) @ 0: uvm_test_top.env_alu.agnt_alu.DRIVER [DRIVER] A = 1011101000011100 , B = 1111011100011110
UVM_INFO alu_driver.sv(20) @ 0: uvm_test_top.env_alu.agnt_alu.DRIVER [DRIVER] A = 0000011000010110 , B = 0101000011011101
UVM_INFO alu_driver.sv(20) @ 0: uvm_test_top.env_alu.agnt_alu.DRIVER [DRIVER] A = 0010101110010010 , B = 1111001001010110
UVM_INFO alu_driver.sv(20) @ 0: uvm_test_top.env_alu.agnt_alu.DRIVER [DRIVER] A = 0100011010011100 , B = 1010011000010101
UVM_INFO alu_driver.sv(20) @ 0: uvm_test_top.env_alu.agnt_alu.DRIVER [DRIVER] A = 0111100010010011 , B = 0000001001010101
UVM_INFO alu_driver.sv(20) @ 0: uvm_test_top.env_alu.agnt_alu.DRIVER [DRIVER] A = 1001000101011011 , B = 0110100010011011
UVM_INFO alu_driver.sv(20) @ 0: uvm_test_top.env_alu.agnt_alu.DRIVER [DRIVER] A = 1110011111010001 , B = 1000011010010110
UVM_INFO alu_driver.sv(20) @ 0: uvm_test_top.env_alu.agnt_alu.DRIVER [DRIVER] A = 1110101110011101 , B = 0111101110010001
UVM_INFO alu_driver.sv(20) @ 0: uvm_test_top.env_alu.agnt_alu.DRIVER [DRIVER] A = 1101010010011010 , B = 0011101011011111
UVM_INFO alu_driver.sv(20) @ 0: uvm_test_top.env_alu.agnt_alu.DRIVER [DRIVER] A = 1000111100011110 , B = 1101100011010111
UVM_INFO alu_driver.sv(20) @ 0: uvm_test_top.env_alu.agnt_alu.DRIVER [DRIVER] A = 1010110000010100 , B = 1000011001011100
UVM_INFO alu_driver.sv(20) @ 0: uvm_test_top.env_alu.agnt_alu.DRIVER [DRIVER] A = 1110100011010000 , B = 0110011000010000
UVM_INFO alu_driver.sv(20) @ 0: uvm_test_top.env_alu.agnt_alu.DRIVER [DRIVER] A = 0100110110011110 , B = 1010000010010011
UVM_INFO alu_driver.sv(20) @ 0: uvm_test_top.env_alu.agnt_alu.DRIVER [DRIVER] A = 1110010010011110 , B = 0010111000011011
UVM_INFO alu_driver.sv(20) @ 0: uvm_test_top.env_alu.agnt_alu.DRIVER [DRIVER] A = 1001111101011110 , B = 1111100001011100
UVM_INFO alu_driver.sv(20) @ 0: uvm_test_top.env_alu.agnt_alu.DRIVER [DRIVER] A = 1010010001010001 , B = 1100001110010010
UVM_INFO alu_driver.sv(20) @ 0: uvm_test_top.env_alu.agnt_alu.DRIVER [DRIVER] A = 0100111101011001 , B = 1000111010010110
UVM_INFO /home/morris/uvm-1.2/src/base/uvm_report_server.svh(847) @ 0: reporter [UVM/REPORT/SERVER] 
--- UVM Report Summary ---

** Report counts by severity
UVM_INFO :  503
UVM_WARNING :    0
UVM_ERROR :    0
UVM_FATAL :    0
** Report counts by id
[DRIVER]   500
[RNTST]     1
[UVM/RELNOTES]     1
[UVMTOP]     1

$finish called from file "/home/morris/uvm-1.2/src/base/uvm_root.svh", line 517.
$finish at simulation time                    0
           V C S   S i m u l a t i o n   R e p o r t 
Time: 0 ns
CPU Time:      0.290 seconds;       Data structure size:   0.2Mb
Mon Feb 17 18:15:48 2020

Script done on Mon 17 Feb 2020 06:15:58 PM PST
