Command: vcs -sverilog -timescale=1ns/1ns +define+UVM_OBJECT_MUST_HAVE_CONSTRUCTOR \
+define+UVM_NO_DEPRECATED +acc +vpi +incdir+/home/morris/uvm-1.2/src /home/morris/uvm-1.2/src/uvm.sv \
/home/morris/uvm-1.2/src/dpi/uvm_dpi.cc /home/morris/uvm-1.2/src/uvm_pkg.sv -CFLAGS \
-DVCS ./ALU_DUTs/alu.sv alu_top.sv -l compile.log
                         Chronologic VCS (TM)
           Version I-2014.03-2 -- Tue Mar 10 13:56:55 2020
               Copyright (c) 1991-2014 by Synopsys Inc.
                         ALL RIGHTS RESERVED

This program is proprietary and confidential information of Synopsys Inc.
and may be used and disclosed only as authorized in a license agreement
controlling such use and disclosure.


Warning-[ACC_CLI_ON] ACC/CLI capabilities enabled
  ACC/CLI capabilities have been enabled for the entire design. For faster 
  performance enable module specific capability in pli.tab file

Parsing design file '/home/morris/uvm-1.2/src/uvm.sv'
Parsing included file '/home/morris/uvm-1.2/src/uvm_pkg.sv'.
Parsing included file '/home/morris/uvm-1.2/src/uvm_macros.svh'.
Parsing included file '/home/morris/uvm-1.2/src/macros/uvm_version_defines.svh'.
Back to file '/home/morris/uvm-1.2/src/uvm_macros.svh'.
Parsing included file '/home/morris/uvm-1.2/src/macros/uvm_global_defines.svh'.
Back to file '/home/morris/uvm-1.2/src/uvm_macros.svh'.
Parsing included file '/home/morris/uvm-1.2/src/macros/uvm_message_defines.svh'.
Back to file '/home/morris/uvm-1.2/src/uvm_macros.svh'.
Parsing included file '/home/morris/uvm-1.2/src/macros/uvm_phase_defines.svh'.
Back to file '/home/morris/uvm-1.2/src/uvm_macros.svh'.
Parsing included file '/home/morris/uvm-1.2/src/macros/uvm_object_defines.svh'.
Back to file '/home/morris/uvm-1.2/src/uvm_macros.svh'.
Parsing included file '/home/morris/uvm-1.2/src/macros/uvm_printer_defines.svh'.
Back to file '/home/morris/uvm-1.2/src/uvm_macros.svh'.
Parsing included file '/home/morris/uvm-1.2/src/macros/uvm_tlm_defines.svh'.
Parsing included file '/home/morris/uvm-1.2/src/tlm1/uvm_tlm_imps.svh'.
Back to file '/home/morris/uvm-1.2/src/macros/uvm_tlm_defines.svh'.
Back to file '/home/morris/uvm-1.2/src/uvm_macros.svh'.
Parsing included file '/home/morris/uvm-1.2/src/macros/uvm_sequence_defines.svh'.
Back to file '/home/morris/uvm-1.2/src/uvm_macros.svh'.
Parsing included file '/home/morris/uvm-1.2/src/macros/uvm_callback_defines.svh'.
Back to file '/home/morris/uvm-1.2/src/uvm_macros.svh'.
Parsing included file '/home/morris/uvm-1.2/src/macros/uvm_reg_defines.svh'.
Back to file '/home/morris/uvm-1.2/src/uvm_macros.svh'.
Parsing included file '/home/morris/uvm-1.2/src/macros/uvm_deprecated_defines.svh'.
Back to file '/home/morris/uvm-1.2/src/uvm_macros.svh'.
Back to file '/home/morris/uvm-1.2/src/uvm_pkg.sv'.
Parsing included file '/home/morris/uvm-1.2/src/dpi/uvm_dpi.svh'.
Parsing included file '/home/morris/uvm-1.2/src/dpi/uvm_hdl.svh'.
Back to file '/home/morris/uvm-1.2/src/dpi/uvm_dpi.svh'.
Parsing included file '/home/morris/uvm-1.2/src/dpi/uvm_svcmd_dpi.svh'.
Back to file '/home/morris/uvm-1.2/src/dpi/uvm_dpi.svh'.
Parsing included file '/home/morris/uvm-1.2/src/dpi/uvm_regex.svh'.
Back to file '/home/morris/uvm-1.2/src/dpi/uvm_dpi.svh'.
Back to file '/home/morris/uvm-1.2/src/uvm_pkg.sv'.
Parsing included file '/home/morris/uvm-1.2/src/base/uvm_base.svh'.
Parsing included file '/home/morris/uvm-1.2/src/base/uvm_coreservice.svh'.
Back to file '/home/morris/uvm-1.2/src/base/uvm_base.svh'.
Parsing included file '/home/morris/uvm-1.2/src/base/uvm_version.svh'.
Back to file '/home/morris/uvm-1.2/src/base/uvm_base.svh'.
Parsing included file '/home/morris/uvm-1.2/src/base/uvm_object_globals.svh'.
Back to file '/home/morris/uvm-1.2/src/base/uvm_base.svh'.
Parsing included file '/home/morris/uvm-1.2/src/base/uvm_misc.svh'.
Back to file '/home/morris/uvm-1.2/src/base/uvm_base.svh'.
Parsing included file '/home/morris/uvm-1.2/src/base/uvm_object.svh'.
Back to file '/home/morris/uvm-1.2/src/base/uvm_base.svh'.
Parsing included file '/home/morris/uvm-1.2/src/base/uvm_pool.svh'.
Back to file '/home/morris/uvm-1.2/src/base/uvm_base.svh'.
Parsing included file '/home/morris/uvm-1.2/src/base/uvm_queue.svh'.
Back to file '/home/morris/uvm-1.2/src/base/uvm_base.svh'.
Parsing included file '/home/morris/uvm-1.2/src/base/uvm_factory.svh'.
Back to file '/home/morris/uvm-1.2/src/base/uvm_base.svh'.
Parsing included file '/home/morris/uvm-1.2/src/base/uvm_registry.svh'.
Back to file '/home/morris/uvm-1.2/src/base/uvm_base.svh'.
Parsing included file '/home/morris/uvm-1.2/src/base/uvm_spell_chkr.svh'.
Back to file '/home/morris/uvm-1.2/src/base/uvm_base.svh'.
Parsing included file '/home/morris/uvm-1.2/src/base/uvm_resource.svh'.
Back to file '/home/morris/uvm-1.2/src/base/uvm_base.svh'.
Parsing included file '/home/morris/uvm-1.2/src/base/uvm_resource_specializations.svh'.
Back to file '/home/morris/uvm-1.2/src/base/uvm_base.svh'.
Parsing included file '/home/morris/uvm-1.2/src/base/uvm_resource_db.svh'.
Back to file '/home/morris/uvm-1.2/src/base/uvm_base.svh'.
Parsing included file '/home/morris/uvm-1.2/src/base/uvm_config_db.svh'.
Back to file '/home/morris/uvm-1.2/src/base/uvm_base.svh'.
Parsing included file '/home/morris/uvm-1.2/src/base/uvm_printer.svh'.
Back to file '/home/morris/uvm-1.2/src/base/uvm_base.svh'.
Parsing included file '/home/morris/uvm-1.2/src/base/uvm_comparer.svh'.
Back to file '/home/morris/uvm-1.2/src/base/uvm_base.svh'.
Parsing included file '/home/morris/uvm-1.2/src/base/uvm_packer.svh'.
Back to file '/home/morris/uvm-1.2/src/base/uvm_base.svh'.
Parsing included file '/home/morris/uvm-1.2/src/base/uvm_links.svh'.
Back to file '/home/morris/uvm-1.2/src/base/uvm_base.svh'.
Parsing included file '/home/morris/uvm-1.2/src/base/uvm_tr_database.svh'.
Back to file '/home/morris/uvm-1.2/src/base/uvm_base.svh'.
Parsing included file '/home/morris/uvm-1.2/src/base/uvm_tr_stream.svh'.
Back to file '/home/morris/uvm-1.2/src/base/uvm_base.svh'.
Parsing included file '/home/morris/uvm-1.2/src/base/uvm_recorder.svh'.
Back to file '/home/morris/uvm-1.2/src/base/uvm_base.svh'.
Parsing included file '/home/morris/uvm-1.2/src/base/uvm_event_callback.svh'.
Back to file '/home/morris/uvm-1.2/src/base/uvm_base.svh'.
Parsing included file '/home/morris/uvm-1.2/src/base/uvm_event.svh'.
Back to file '/home/morris/uvm-1.2/src/base/uvm_base.svh'.
Parsing included file '/home/morris/uvm-1.2/src/base/uvm_barrier.svh'.
Back to file '/home/morris/uvm-1.2/src/base/uvm_base.svh'.
Parsing included file '/home/morris/uvm-1.2/src/base/uvm_callback.svh'.
Parsing included file '/home/morris/uvm-1.2/src/uvm_macros.svh'.
Back to file '/home/morris/uvm-1.2/src/base/uvm_callback.svh'.
Back to file '/home/morris/uvm-1.2/src/base/uvm_base.svh'.
Parsing included file '/home/morris/uvm-1.2/src/base/uvm_report_message.svh'.
Back to file '/home/morris/uvm-1.2/src/base/uvm_base.svh'.
Parsing included file '/home/morris/uvm-1.2/src/base/uvm_report_catcher.svh'.
Back to file '/home/morris/uvm-1.2/src/base/uvm_base.svh'.
Parsing included file '/home/morris/uvm-1.2/src/base/uvm_report_server.svh'.
Back to file '/home/morris/uvm-1.2/src/base/uvm_base.svh'.
Parsing included file '/home/morris/uvm-1.2/src/base/uvm_report_handler.svh'.
Back to file '/home/morris/uvm-1.2/src/base/uvm_base.svh'.
Parsing included file '/home/morris/uvm-1.2/src/base/uvm_report_object.svh'.
Back to file '/home/morris/uvm-1.2/src/base/uvm_base.svh'.
Parsing included file '/home/morris/uvm-1.2/src/base/uvm_transaction.svh'.
Back to file '/home/morris/uvm-1.2/src/base/uvm_base.svh'.
Parsing included file '/home/morris/uvm-1.2/src/base/uvm_phase.svh'.
Back to file '/home/morris/uvm-1.2/src/base/uvm_base.svh'.
Parsing included file '/home/morris/uvm-1.2/src/base/uvm_domain.svh'.
Back to file '/home/morris/uvm-1.2/src/base/uvm_base.svh'.
Parsing included file '/home/morris/uvm-1.2/src/base/uvm_bottomup_phase.svh'.
Back to file '/home/morris/uvm-1.2/src/base/uvm_base.svh'.
Parsing included file '/home/morris/uvm-1.2/src/base/uvm_topdown_phase.svh'.
Back to file '/home/morris/uvm-1.2/src/base/uvm_base.svh'.
Parsing included file '/home/morris/uvm-1.2/src/base/uvm_task_phase.svh'.
Back to file '/home/morris/uvm-1.2/src/base/uvm_base.svh'.
Parsing included file '/home/morris/uvm-1.2/src/base/uvm_common_phases.svh'.
Back to file '/home/morris/uvm-1.2/src/base/uvm_base.svh'.
Parsing included file '/home/morris/uvm-1.2/src/base/uvm_runtime_phases.svh'.
Back to file '/home/morris/uvm-1.2/src/base/uvm_base.svh'.
Parsing included file '/home/morris/uvm-1.2/src/base/uvm_component.svh'.
Parsing included file '/home/morris/uvm-1.2/src/base/uvm_root.svh'.
Back to file '/home/morris/uvm-1.2/src/base/uvm_component.svh'.
Back to file '/home/morris/uvm-1.2/src/base/uvm_base.svh'.
Parsing included file '/home/morris/uvm-1.2/src/base/uvm_objection.svh'.
Back to file '/home/morris/uvm-1.2/src/base/uvm_base.svh'.
Parsing included file '/home/morris/uvm-1.2/src/base/uvm_heartbeat.svh'.
Back to file '/home/morris/uvm-1.2/src/base/uvm_base.svh'.
Parsing included file '/home/morris/uvm-1.2/src/base/uvm_globals.svh'.
Back to file '/home/morris/uvm-1.2/src/base/uvm_base.svh'.
Parsing included file '/home/morris/uvm-1.2/src/base/uvm_cmdline_processor.svh'.
Back to file '/home/morris/uvm-1.2/src/base/uvm_base.svh'.
Parsing included file '/home/morris/uvm-1.2/src/base/uvm_traversal.svh'.
Back to file '/home/morris/uvm-1.2/src/base/uvm_base.svh'.
Back to file '/home/morris/uvm-1.2/src/uvm_pkg.sv'.
Parsing included file '/home/morris/uvm-1.2/src/dap/uvm_dap.svh'.
Parsing included file '/home/morris/uvm-1.2/src/dap/uvm_set_get_dap_base.svh'.
Back to file '/home/morris/uvm-1.2/src/dap/uvm_dap.svh'.
Parsing included file '/home/morris/uvm-1.2/src/dap/uvm_simple_lock_dap.svh'.
Back to file '/home/morris/uvm-1.2/src/dap/uvm_dap.svh'.
Parsing included file '/home/morris/uvm-1.2/src/dap/uvm_get_to_lock_dap.svh'.
Back to file '/home/morris/uvm-1.2/src/dap/uvm_dap.svh'.
Parsing included file '/home/morris/uvm-1.2/src/dap/uvm_set_before_get_dap.svh'.
Back to file '/home/morris/uvm-1.2/src/dap/uvm_dap.svh'.
Back to file '/home/morris/uvm-1.2/src/uvm_pkg.sv'.
Parsing included file '/home/morris/uvm-1.2/src/tlm1/uvm_tlm.svh'.
Parsing included file '/home/morris/uvm-1.2/src/tlm1/uvm_tlm_ifs.svh'.
Back to file '/home/morris/uvm-1.2/src/tlm1/uvm_tlm.svh'.
Parsing included file '/home/morris/uvm-1.2/src/tlm1/uvm_sqr_ifs.svh'.
Back to file '/home/morris/uvm-1.2/src/tlm1/uvm_tlm.svh'.
Parsing included file '/home/morris/uvm-1.2/src/base/uvm_port_base.svh'.
Back to file '/home/morris/uvm-1.2/src/tlm1/uvm_tlm.svh'.
Parsing included file '/home/morris/uvm-1.2/src/tlm1/uvm_tlm_imps.svh'.
Back to file '/home/morris/uvm-1.2/src/tlm1/uvm_tlm.svh'.
Parsing included file '/home/morris/uvm-1.2/src/tlm1/uvm_imps.svh'.
Back to file '/home/morris/uvm-1.2/src/tlm1/uvm_tlm.svh'.
Parsing included file '/home/morris/uvm-1.2/src/tlm1/uvm_ports.svh'.
Back to file '/home/morris/uvm-1.2/src/tlm1/uvm_tlm.svh'.
Parsing included file '/home/morris/uvm-1.2/src/tlm1/uvm_exports.svh'.
Back to file '/home/morris/uvm-1.2/src/tlm1/uvm_tlm.svh'.
Parsing included file '/home/morris/uvm-1.2/src/tlm1/uvm_analysis_port.svh'.
Back to file '/home/morris/uvm-1.2/src/tlm1/uvm_tlm.svh'.
Parsing included file '/home/morris/uvm-1.2/src/tlm1/uvm_tlm_fifo_base.svh'.
Back to file '/home/morris/uvm-1.2/src/tlm1/uvm_tlm.svh'.
Parsing included file '/home/morris/uvm-1.2/src/tlm1/uvm_tlm_fifos.svh'.
Back to file '/home/morris/uvm-1.2/src/tlm1/uvm_tlm.svh'.
Parsing included file '/home/morris/uvm-1.2/src/tlm1/uvm_tlm_req_rsp.svh'.
Back to file '/home/morris/uvm-1.2/src/tlm1/uvm_tlm.svh'.
Parsing included file '/home/morris/uvm-1.2/src/tlm1/uvm_sqr_connections.svh'.
Back to file '/home/morris/uvm-1.2/src/tlm1/uvm_tlm.svh'.
Back to file '/home/morris/uvm-1.2/src/uvm_pkg.sv'.
Parsing included file '/home/morris/uvm-1.2/src/comps/uvm_comps.svh'.
Parsing included file '/home/morris/uvm-1.2/src/comps/uvm_pair.svh'.
Back to file '/home/morris/uvm-1.2/src/comps/uvm_comps.svh'.
Parsing included file '/home/morris/uvm-1.2/src/comps/uvm_policies.svh'.
Back to file '/home/morris/uvm-1.2/src/comps/uvm_comps.svh'.
Parsing included file '/home/morris/uvm-1.2/src/comps/uvm_in_order_comparator.svh'.
Back to file '/home/morris/uvm-1.2/src/comps/uvm_comps.svh'.
Parsing included file '/home/morris/uvm-1.2/src/comps/uvm_algorithmic_comparator.svh'.
Back to file '/home/morris/uvm-1.2/src/comps/uvm_comps.svh'.
Parsing included file '/home/morris/uvm-1.2/src/comps/uvm_random_stimulus.svh'.
Back to file '/home/morris/uvm-1.2/src/comps/uvm_comps.svh'.
Parsing included file '/home/morris/uvm-1.2/src/comps/uvm_subscriber.svh'.
Back to file '/home/morris/uvm-1.2/src/comps/uvm_comps.svh'.
Parsing included file '/home/morris/uvm-1.2/src/comps/uvm_monitor.svh'.
Back to file '/home/morris/uvm-1.2/src/comps/uvm_comps.svh'.
Parsing included file '/home/morris/uvm-1.2/src/comps/uvm_driver.svh'.
Back to file '/home/morris/uvm-1.2/src/comps/uvm_comps.svh'.
Parsing included file '/home/morris/uvm-1.2/src/comps/uvm_push_driver.svh'.
Back to file '/home/morris/uvm-1.2/src/comps/uvm_comps.svh'.
Parsing included file '/home/morris/uvm-1.2/src/comps/uvm_scoreboard.svh'.
Back to file '/home/morris/uvm-1.2/src/comps/uvm_comps.svh'.
Parsing included file '/home/morris/uvm-1.2/src/comps/uvm_agent.svh'.
Back to file '/home/morris/uvm-1.2/src/comps/uvm_comps.svh'.
Parsing included file '/home/morris/uvm-1.2/src/comps/uvm_env.svh'.
Back to file '/home/morris/uvm-1.2/src/comps/uvm_comps.svh'.
Parsing included file '/home/morris/uvm-1.2/src/comps/uvm_test.svh'.
Back to file '/home/morris/uvm-1.2/src/comps/uvm_comps.svh'.
Back to file '/home/morris/uvm-1.2/src/uvm_pkg.sv'.
Parsing included file '/home/morris/uvm-1.2/src/seq/uvm_seq.svh'.
Parsing included file '/home/morris/uvm-1.2/src/seq/uvm_sequence_item.svh'.
Back to file '/home/morris/uvm-1.2/src/seq/uvm_seq.svh'.
Parsing included file '/home/morris/uvm-1.2/src/seq/uvm_sequencer_base.svh'.
Back to file '/home/morris/uvm-1.2/src/seq/uvm_seq.svh'.
Parsing included file '/home/morris/uvm-1.2/src/seq/uvm_sequencer_analysis_fifo.svh'.
Back to file '/home/morris/uvm-1.2/src/seq/uvm_seq.svh'.
Parsing included file '/home/morris/uvm-1.2/src/seq/uvm_sequencer_param_base.svh'.
Back to file '/home/morris/uvm-1.2/src/seq/uvm_seq.svh'.
Parsing included file '/home/morris/uvm-1.2/src/seq/uvm_sequencer.svh'.
Back to file '/home/morris/uvm-1.2/src/seq/uvm_seq.svh'.
Parsing included file '/home/morris/uvm-1.2/src/seq/uvm_push_sequencer.svh'.
Back to file '/home/morris/uvm-1.2/src/seq/uvm_seq.svh'.
Parsing included file '/home/morris/uvm-1.2/src/seq/uvm_sequence_base.svh'.
Back to file '/home/morris/uvm-1.2/src/seq/uvm_seq.svh'.
Parsing included file '/home/morris/uvm-1.2/src/seq/uvm_sequence.svh'.
Back to file '/home/morris/uvm-1.2/src/seq/uvm_seq.svh'.
Parsing included file '/home/morris/uvm-1.2/src/seq/uvm_sequence_library.svh'.
Back to file '/home/morris/uvm-1.2/src/seq/uvm_seq.svh'.
Parsing included file '/home/morris/uvm-1.2/src/seq/uvm_sequence_builtin.svh'.
Back to file '/home/morris/uvm-1.2/src/seq/uvm_seq.svh'.
Back to file '/home/morris/uvm-1.2/src/uvm_pkg.sv'.
Parsing included file '/home/morris/uvm-1.2/src/tlm2/uvm_tlm2.svh'.
Parsing included file '/home/morris/uvm-1.2/src/tlm2/uvm_tlm2_defines.svh'.
Back to file '/home/morris/uvm-1.2/src/tlm2/uvm_tlm2.svh'.
Parsing included file '/home/morris/uvm-1.2/src/tlm2/uvm_tlm2_time.svh'.
Back to file '/home/morris/uvm-1.2/src/tlm2/uvm_tlm2.svh'.
Parsing included file '/home/morris/uvm-1.2/src/tlm2/uvm_tlm2_generic_payload.svh'.
Back to file '/home/morris/uvm-1.2/src/tlm2/uvm_tlm2.svh'.
Parsing included file '/home/morris/uvm-1.2/src/tlm2/uvm_tlm2_ifs.svh'.
Back to file '/home/morris/uvm-1.2/src/tlm2/uvm_tlm2.svh'.
Parsing included file '/home/morris/uvm-1.2/src/tlm2/uvm_tlm2_imps.svh'.
Back to file '/home/morris/uvm-1.2/src/tlm2/uvm_tlm2.svh'.
Parsing included file '/home/morris/uvm-1.2/src/tlm2/uvm_tlm2_ports.svh'.
Back to file '/home/morris/uvm-1.2/src/tlm2/uvm_tlm2.svh'.
Parsing included file '/home/morris/uvm-1.2/src/tlm2/uvm_tlm2_exports.svh'.
Back to file '/home/morris/uvm-1.2/src/tlm2/uvm_tlm2.svh'.
Parsing included file '/home/morris/uvm-1.2/src/tlm2/uvm_tlm2_sockets_base.svh'.
Back to file '/home/morris/uvm-1.2/src/tlm2/uvm_tlm2.svh'.
Parsing included file '/home/morris/uvm-1.2/src/tlm2/uvm_tlm2_sockets.svh'.
Back to file '/home/morris/uvm-1.2/src/tlm2/uvm_tlm2.svh'.
Back to file '/home/morris/uvm-1.2/src/uvm_pkg.sv'.
Parsing included file '/home/morris/uvm-1.2/src/reg/uvm_reg_model.svh'.
Parsing included file '/home/morris/uvm-1.2/src/reg/uvm_reg_item.svh'.
Back to file '/home/morris/uvm-1.2/src/reg/uvm_reg_model.svh'.
Parsing included file '/home/morris/uvm-1.2/src/reg/uvm_reg_adapter.svh'.
Back to file '/home/morris/uvm-1.2/src/reg/uvm_reg_model.svh'.
Parsing included file '/home/morris/uvm-1.2/src/reg/uvm_reg_predictor.svh'.
Back to file '/home/morris/uvm-1.2/src/reg/uvm_reg_model.svh'.
Parsing included file '/home/morris/uvm-1.2/src/reg/uvm_reg_sequence.svh'.
Back to file '/home/morris/uvm-1.2/src/reg/uvm_reg_model.svh'.
Parsing included file '/home/morris/uvm-1.2/src/reg/uvm_reg_cbs.svh'.
Back to file '/home/morris/uvm-1.2/src/reg/uvm_reg_model.svh'.
Parsing included file '/home/morris/uvm-1.2/src/reg/uvm_reg_backdoor.svh'.
Back to file '/home/morris/uvm-1.2/src/reg/uvm_reg_model.svh'.
Parsing included file '/home/morris/uvm-1.2/src/reg/uvm_reg_field.svh'.
Back to file '/home/morris/uvm-1.2/src/reg/uvm_reg_model.svh'.
Parsing included file '/home/morris/uvm-1.2/src/reg/uvm_vreg_field.svh'.
Back to file '/home/morris/uvm-1.2/src/reg/uvm_reg_model.svh'.
Parsing included file '/home/morris/uvm-1.2/src/reg/uvm_reg.svh'.
Back to file '/home/morris/uvm-1.2/src/reg/uvm_reg_model.svh'.
Parsing included file '/home/morris/uvm-1.2/src/reg/uvm_reg_indirect.svh'.
Back to file '/home/morris/uvm-1.2/src/reg/uvm_reg_model.svh'.
Parsing included file '/home/morris/uvm-1.2/src/reg/uvm_reg_fifo.svh'.
Back to file '/home/morris/uvm-1.2/src/reg/uvm_reg_model.svh'.
Parsing included file '/home/morris/uvm-1.2/src/reg/uvm_reg_file.svh'.
Back to file '/home/morris/uvm-1.2/src/reg/uvm_reg_model.svh'.
Parsing included file '/home/morris/uvm-1.2/src/reg/uvm_mem_mam.svh'.
Back to file '/home/morris/uvm-1.2/src/reg/uvm_reg_model.svh'.
Parsing included file '/home/morris/uvm-1.2/src/reg/uvm_vreg.svh'.
Back to file '/home/morris/uvm-1.2/src/reg/uvm_reg_model.svh'.
Parsing included file '/home/morris/uvm-1.2/src/reg/uvm_mem.svh'.
Back to file '/home/morris/uvm-1.2/src/reg/uvm_reg_model.svh'.
Parsing included file '/home/morris/uvm-1.2/src/reg/uvm_reg_map.svh'.
Back to file '/home/morris/uvm-1.2/src/reg/uvm_reg_model.svh'.
Parsing included file '/home/morris/uvm-1.2/src/reg/uvm_reg_block.svh'.
Back to file '/home/morris/uvm-1.2/src/reg/uvm_reg_model.svh'.
Parsing included file '/home/morris/uvm-1.2/src/reg/sequences/uvm_reg_hw_reset_seq.svh'.
Back to file '/home/morris/uvm-1.2/src/reg/uvm_reg_model.svh'.
Parsing included file '/home/morris/uvm-1.2/src/reg/sequences/uvm_reg_bit_bash_seq.svh'.
Back to file '/home/morris/uvm-1.2/src/reg/uvm_reg_model.svh'.
Parsing included file '/home/morris/uvm-1.2/src/reg/sequences/uvm_mem_walk_seq.svh'.
Back to file '/home/morris/uvm-1.2/src/reg/uvm_reg_model.svh'.
Parsing included file '/home/morris/uvm-1.2/src/reg/sequences/uvm_mem_access_seq.svh'.
Back to file '/home/morris/uvm-1.2/src/reg/uvm_reg_model.svh'.
Parsing included file '/home/morris/uvm-1.2/src/reg/sequences/uvm_reg_access_seq.svh'.
Back to file '/home/morris/uvm-1.2/src/reg/uvm_reg_model.svh'.
Parsing included file '/home/morris/uvm-1.2/src/reg/sequences/uvm_reg_mem_shared_access_seq.svh'.
Back to file '/home/morris/uvm-1.2/src/reg/uvm_reg_model.svh'.
Parsing included file '/home/morris/uvm-1.2/src/reg/sequences/uvm_reg_mem_built_in_seq.svh'.
Back to file '/home/morris/uvm-1.2/src/reg/uvm_reg_model.svh'.
Parsing included file '/home/morris/uvm-1.2/src/reg/sequences/uvm_reg_mem_hdl_paths_seq.svh'.
Back to file '/home/morris/uvm-1.2/src/reg/uvm_reg_model.svh'.
Back to file '/home/morris/uvm-1.2/src/uvm_pkg.sv'.
Back to file '/home/morris/uvm-1.2/src/uvm.sv'.
Parsing design file '/home/morris/uvm-1.2/src/uvm_pkg.sv'
Parsing design file './ALU_DUTs/alu.sv'
Parsing design file 'alu_top.sv'
Parsing included file 'alu_packet.sv'.
Back to file 'alu_top.sv'.
Parsing included file 'alu_sequence_item.sv'.
Back to file 'alu_top.sv'.
Parsing included file 'alu_sequence.sv'.
Back to file 'alu_top.sv'.
Parsing included file 'alu_sequencer.sv'.
Back to file 'alu_top.sv'.
Parsing included file 'alu_driver.sv'.
Back to file 'alu_top.sv'.
Parsing included file 'alu_monitor.sv'.
Back to file 'alu_top.sv'.
Parsing included file 'alu_monitor_2.sv'.
Back to file 'alu_top.sv'.
Parsing included file 'alu_agent.sv'.
Back to file 'alu_top.sv'.
Parsing included file 'alu_scoreboard.sv'.

Error-[SE] Syntax error
  Following verilog source has syntax error :
  "alu_scoreboard.sv", 7: token is '<<<'
  <<<<<<< HEAD
     ^

1 warning
1 error
CPU time: .645 seconds to compile
