Command: ./simv -l run.log
Chronologic VCS simulator copyright 1991-2014
Contains Synopsys proprietary information.
Compiler version I-2014.03-2; Runtime version I-2014.03-2;  Mar 10 18:25 2020
UVM_INFO /home/morris/uvm-1.2/src/base/uvm_root.svh(392) @ 0: reporter [UVM/RELNOTES] 
----------------------------------------------------------------
UVM-1.2
(C) 2007-2014 Mentor Graphics Corporation
(C) 2007-2014 Cadence Design Systems, Inc.
(C) 2006-2014 Synopsys, Inc.
(C) 2011-2013 Cypress Semiconductor Corp.
(C) 2013-2014 NVIDIA Corporation
----------------------------------------------------------------

  ***********       IMPORTANT RELEASE NOTES         ************

  You are using a version of the UVM library that has been compiled
  with `UVM_OBJECT_DO_NOT_NEED_CONSTRUCTOR undefined.
  See http://www.eda.org/svdb/view.php?id=3770 for more details.

      (Specify +UVM_NO_RELNOTES to turn off this notice)

UVM_INFO @ 0: reporter [RNTST] Running test my_test...
UVM_INFO alu_sequencer.sv(10) @ 0: uvm_test_top.env_alu.agnt_alu.SEQUENCER [SEQUENCER] build phase
UVM_INFO alu_scoreboard.sv(30) @ 0: uvm_test_top.env_alu.sb_alu [alu_scoreboard] build phase
UVM_INFO /home/morris/uvm-1.2/src/base/uvm_root.svh(579) @ 0: reporter [UVMTOP] UVM testbench topology:
---------------------------------------------------------------------
Name                              Type                    Size  Value
---------------------------------------------------------------------
uvm_test_top                      my_test                 -     @340 
  env_alu                         my_environment          -     @353 
    agnt_alu                      my_agent                -     @363 
      DRIVER                      my_driver               -     @410 
        rsp_port                  uvm_analysis_port       -     @429 
        seq_item_port             uvm_seq_item_pull_port  -     @419 
      MONITOR_IN                  my_monitor_in           -     @576 
        monitor_port              uvm_analysis_port       -     @596 
      SEQUENCER                   my_sequencer            -     @439 
        rsp_export                uvm_analysis_export     -     @448 
        seq_item_export           uvm_seq_item_pull_imp   -     @566 
        arbitration_queue         array                   0     -    
        lock_queue                array                   0     -    
        num_last_reqs             integral                32    'd1  
        num_last_rsps             integral                32    'd1  
      agent_port                  uvm_analysis_port       -     @585 
    mon_alu_2                     my_monitor_out          -     @401 
      monitor_port                uvm_analysis_port       -     @609 
    sb_alu                        my_scoreboard           -     @372 
      scoreboard_port building    uvm_analysis_imp_a      -     @381 
      scoreboard_port_2 building  uvm_analysis_imp_b      -     @391 
---------------------------------------------------------------------

UVM_INFO alu_driver.sv(21) @ 0: uvm_test_top.env_alu.agnt_alu.DRIVER [DRIVER] RUN PHASE
UVM_INFO alu_monitor.sv(23) @ 0: uvm_test_top.env_alu.agnt_alu.MONITOR_IN [MONITOR_IN] RUN PHASE
UVM_INFO alu_sequencer.sv(14) @ 0: uvm_test_top.env_alu.agnt_alu.SEQUENCER [SEQUENCER] packet sent
UVM_INFO alu_monitor_2.sv(23) @ 0: uvm_test_top.env_alu.mon_alu_2 [MONITOR_OUT] RUN PHASE
UVM_INFO alu_environment.sv(29) @ 0: uvm_test_top.env_alu [my_environment] run phase
UVM_INFO alu_sequence.sv(11) @ 0: uvm_test_top.env_alu.agnt_alu.SEQUENCER@@seq_alu [SEQUENCE] Body Task
UVM_INFO alu_driver.sv(25) @ 2: uvm_test_top.env_alu.agnt_alu.DRIVER [DRIVER] FOREVER LOOP
UVM_INFO alu_sequence.sv(17) @ 2: uvm_test_top.env_alu.agnt_alu.SEQUENCER@@seq_alu [SEQUENCE] Repeat Task
UVM_INFO alu_driver.sv(28) @ 12: uvm_test_top.env_alu.agnt_alu.DRIVER [DRIVER] IF A =  36 , B =  36, ctl=0, pi=1, stpin=0
UVM_INFO alu_driver.sv(25) @ 14: uvm_test_top.env_alu.agnt_alu.DRIVER [DRIVER] FOREVER LOOP
UVM_INFO alu_sequence.sv(17) @ 14: uvm_test_top.env_alu.agnt_alu.SEQUENCER@@seq_alu [SEQUENCE] Repeat Task
UVM_INFO alu_scoreboard.sv(53) @ 16: uvm_test_top.env_alu.sb_alu [SCBD] PASS  a= 36, b=  36, out= 36 exp= 36
UVM_INFO alu_scoreboard.sv(53) @ 18: uvm_test_top.env_alu.sb_alu [SCBD] PASS  a= 36, b=  36, out= 36 exp= 36
UVM_INFO alu_scoreboard.sv(53) @ 20: uvm_test_top.env_alu.sb_alu [SCBD] PASS  a= 36, b=  36, out= 36 exp= 36
UVM_INFO alu_scoreboard.sv(53) @ 22: uvm_test_top.env_alu.sb_alu [SCBD] PASS  a= 36, b=  36, out= 36 exp= 36
UVM_INFO alu_driver.sv(28) @ 24: uvm_test_top.env_alu.agnt_alu.DRIVER [DRIVER] IF A =  51 , B =  26, ctl=0, pi=1, stpin=0
UVM_INFO alu_scoreboard.sv(53) @ 24: uvm_test_top.env_alu.sb_alu [SCBD] PASS  a= 36, b=  36, out= 36 exp= 36
UVM_INFO alu_driver.sv(25) @ 26: uvm_test_top.env_alu.agnt_alu.DRIVER [DRIVER] FOREVER LOOP
UVM_INFO alu_scoreboard.sv(57) @ 26: uvm_test_top.env_alu.sb_alu [SCBD] FAIL  a= 51, b=  26, out= 36 exp= 51
UVM_INFO alu_sequence.sv(17) @ 26: uvm_test_top.env_alu.agnt_alu.SEQUENCER@@seq_alu [SEQUENCE] Repeat Task
UVM_INFO alu_scoreboard.sv(53) @ 28: uvm_test_top.env_alu.sb_alu [SCBD] PASS  a= 51, b=  26, out= 51 exp= 51
UVM_INFO alu_scoreboard.sv(53) @ 30: uvm_test_top.env_alu.sb_alu [SCBD] PASS  a= 51, b=  26, out= 51 exp= 51
UVM_INFO alu_scoreboard.sv(53) @ 32: uvm_test_top.env_alu.sb_alu [SCBD] PASS  a= 51, b=  26, out= 51 exp= 51
UVM_INFO alu_scoreboard.sv(53) @ 34: uvm_test_top.env_alu.sb_alu [SCBD] PASS  a= 51, b=  26, out= 51 exp= 51
UVM_INFO alu_driver.sv(28) @ 36: uvm_test_top.env_alu.agnt_alu.DRIVER [DRIVER] IF A =  91 , B =  34, ctl=0, pi=1, stpin=0
UVM_INFO alu_scoreboard.sv(53) @ 36: uvm_test_top.env_alu.sb_alu [SCBD] PASS  a= 51, b=  26, out= 51 exp= 51
UVM_INFO alu_driver.sv(25) @ 38: uvm_test_top.env_alu.agnt_alu.DRIVER [DRIVER] FOREVER LOOP
UVM_INFO alu_scoreboard.sv(57) @ 38: uvm_test_top.env_alu.sb_alu [SCBD] FAIL  a= 91, b=  34, out= 51 exp= 91
UVM_INFO alu_sequence.sv(17) @ 38: uvm_test_top.env_alu.agnt_alu.SEQUENCER@@seq_alu [SEQUENCE] Repeat Task
UVM_INFO alu_scoreboard.sv(53) @ 40: uvm_test_top.env_alu.sb_alu [SCBD] PASS  a= 91, b=  34, out= 91 exp= 91
UVM_INFO alu_scoreboard.sv(53) @ 42: uvm_test_top.env_alu.sb_alu [SCBD] PASS  a= 91, b=  34, out= 91 exp= 91
UVM_INFO alu_scoreboard.sv(53) @ 44: uvm_test_top.env_alu.sb_alu [SCBD] PASS  a= 91, b=  34, out= 91 exp= 91
UVM_INFO alu_scoreboard.sv(53) @ 46: uvm_test_top.env_alu.sb_alu [SCBD] PASS  a= 91, b=  34, out= 91 exp= 91
UVM_INFO alu_driver.sv(28) @ 48: uvm_test_top.env_alu.agnt_alu.DRIVER [DRIVER] IF A =  97 , B =  70, ctl=0, pi=1, stpin=0
UVM_INFO alu_scoreboard.sv(53) @ 48: uvm_test_top.env_alu.sb_alu [SCBD] PASS  a= 91, b=  34, out= 91 exp= 91
UVM_INFO alu_driver.sv(25) @ 50: uvm_test_top.env_alu.agnt_alu.DRIVER [DRIVER] FOREVER LOOP
UVM_INFO alu_scoreboard.sv(57) @ 50: uvm_test_top.env_alu.sb_alu [SCBD] FAIL  a= 97, b=  70, out= 91 exp= 97
UVM_INFO alu_sequence.sv(17) @ 50: uvm_test_top.env_alu.agnt_alu.SEQUENCER@@seq_alu [SEQUENCE] Repeat Task
UVM_INFO alu_scoreboard.sv(53) @ 52: uvm_test_top.env_alu.sb_alu [SCBD] PASS  a= 97, b=  70, out= 97 exp= 97
UVM_INFO alu_scoreboard.sv(53) @ 54: uvm_test_top.env_alu.sb_alu [SCBD] PASS  a= 97, b=  70, out= 97 exp= 97
UVM_INFO alu_scoreboard.sv(53) @ 56: uvm_test_top.env_alu.sb_alu [SCBD] PASS  a= 97, b=  70, out= 97 exp= 97
UVM_INFO alu_scoreboard.sv(53) @ 58: uvm_test_top.env_alu.sb_alu [SCBD] PASS  a= 97, b=  70, out= 97 exp= 97
UVM_INFO alu_driver.sv(28) @ 60: uvm_test_top.env_alu.agnt_alu.DRIVER [DRIVER] IF A = 117 , B = 101, ctl=0, pi=1, stpin=0
UVM_INFO alu_scoreboard.sv(53) @ 60: uvm_test_top.env_alu.sb_alu [SCBD] PASS  a= 97, b=  70, out= 97 exp= 97
UVM_INFO alu_driver.sv(25) @ 62: uvm_test_top.env_alu.agnt_alu.DRIVER [DRIVER] FOREVER LOOP
UVM_INFO alu_scoreboard.sv(57) @ 62: uvm_test_top.env_alu.sb_alu [SCBD] FAIL  a=117, b= 101, out= 97 exp=117
UVM_INFO alu_sequence.sv(17) @ 62: uvm_test_top.env_alu.agnt_alu.SEQUENCER@@seq_alu [SEQUENCE] Repeat Task
UVM_INFO alu_scoreboard.sv(53) @ 64: uvm_test_top.env_alu.sb_alu [SCBD] PASS  a=117, b= 101, out=117 exp=117
UVM_INFO alu_scoreboard.sv(53) @ 66: uvm_test_top.env_alu.sb_alu [SCBD] PASS  a=117, b= 101, out=117 exp=117
UVM_INFO alu_scoreboard.sv(53) @ 68: uvm_test_top.env_alu.sb_alu [SCBD] PASS  a=117, b= 101, out=117 exp=117
UVM_INFO alu_scoreboard.sv(53) @ 70: uvm_test_top.env_alu.sb_alu [SCBD] PASS  a=117, b= 101, out=117 exp=117
UVM_INFO alu_driver.sv(28) @ 72: uvm_test_top.env_alu.agnt_alu.DRIVER [DRIVER] IF A =  49 , B =  41, ctl=0, pi=1, stpin=0
UVM_INFO alu_scoreboard.sv(53) @ 72: uvm_test_top.env_alu.sb_alu [SCBD] PASS  a=117, b= 101, out=117 exp=117
UVM_INFO alu_driver.sv(25) @ 74: uvm_test_top.env_alu.agnt_alu.DRIVER [DRIVER] FOREVER LOOP
UVM_INFO alu_scoreboard.sv(57) @ 74: uvm_test_top.env_alu.sb_alu [SCBD] FAIL  a= 49, b=  41, out=117 exp= 49
UVM_INFO alu_sequence.sv(17) @ 74: uvm_test_top.env_alu.agnt_alu.SEQUENCER@@seq_alu [SEQUENCE] Repeat Task
UVM_INFO alu_scoreboard.sv(53) @ 76: uvm_test_top.env_alu.sb_alu [SCBD] PASS  a= 49, b=  41, out= 49 exp= 49
UVM_INFO alu_scoreboard.sv(53) @ 78: uvm_test_top.env_alu.sb_alu [SCBD] PASS  a= 49, b=  41, out= 49 exp= 49
UVM_INFO alu_scoreboard.sv(53) @ 80: uvm_test_top.env_alu.sb_alu [SCBD] PASS  a= 49, b=  41, out= 49 exp= 49
UVM_INFO alu_scoreboard.sv(53) @ 82: uvm_test_top.env_alu.sb_alu [SCBD] PASS  a= 49, b=  41, out= 49 exp= 49
UVM_INFO alu_driver.sv(28) @ 84: uvm_test_top.env_alu.agnt_alu.DRIVER [DRIVER] IF A = 114 , B =  17, ctl=0, pi=1, stpin=0
UVM_INFO alu_scoreboard.sv(53) @ 84: uvm_test_top.env_alu.sb_alu [SCBD] PASS  a= 49, b=  41, out= 49 exp= 49
UVM_INFO alu_driver.sv(25) @ 86: uvm_test_top.env_alu.agnt_alu.DRIVER [DRIVER] FOREVER LOOP
UVM_INFO alu_scoreboard.sv(57) @ 86: uvm_test_top.env_alu.sb_alu [SCBD] FAIL  a=114, b=  17, out= 49 exp=114
UVM_INFO alu_sequence.sv(17) @ 86: uvm_test_top.env_alu.agnt_alu.SEQUENCER@@seq_alu [SEQUENCE] Repeat Task
UVM_INFO alu_scoreboard.sv(53) @ 88: uvm_test_top.env_alu.sb_alu [SCBD] PASS  a=114, b=  17, out=114 exp=114
UVM_INFO alu_scoreboard.sv(53) @ 90: uvm_test_top.env_alu.sb_alu [SCBD] PASS  a=114, b=  17, out=114 exp=114
UVM_INFO alu_scoreboard.sv(53) @ 92: uvm_test_top.env_alu.sb_alu [SCBD] PASS  a=114, b=  17, out=114 exp=114
UVM_INFO alu_scoreboard.sv(53) @ 94: uvm_test_top.env_alu.sb_alu [SCBD] PASS  a=114, b=  17, out=114 exp=114
UVM_INFO alu_driver.sv(28) @ 96: uvm_test_top.env_alu.agnt_alu.DRIVER [DRIVER] IF A = 112 , B =  86, ctl=0, pi=1, stpin=0
UVM_INFO alu_scoreboard.sv(53) @ 96: uvm_test_top.env_alu.sb_alu [SCBD] PASS  a=114, b=  17, out=114 exp=114
UVM_INFO alu_driver.sv(25) @ 98: uvm_test_top.env_alu.agnt_alu.DRIVER [DRIVER] FOREVER LOOP
UVM_INFO alu_scoreboard.sv(57) @ 98: uvm_test_top.env_alu.sb_alu [SCBD] FAIL  a=112, b=  86, out=114 exp=112
UVM_INFO alu_sequence.sv(17) @ 98: uvm_test_top.env_alu.agnt_alu.SEQUENCER@@seq_alu [SEQUENCE] Repeat Task
UVM_INFO alu_scoreboard.sv(53) @ 100: uvm_test_top.env_alu.sb_alu [SCBD] PASS  a=112, b=  86, out=112 exp=112
UVM_INFO alu_scoreboard.sv(53) @ 102: uvm_test_top.env_alu.sb_alu [SCBD] PASS  a=112, b=  86, out=112 exp=112
UVM_INFO alu_scoreboard.sv(53) @ 104: uvm_test_top.env_alu.sb_alu [SCBD] PASS  a=112, b=  86, out=112 exp=112
UVM_INFO alu_scoreboard.sv(53) @ 106: uvm_test_top.env_alu.sb_alu [SCBD] PASS  a=112, b=  86, out=112 exp=112
UVM_INFO alu_driver.sv(28) @ 108: uvm_test_top.env_alu.agnt_alu.DRIVER [DRIVER] IF A = 107 , B = 102, ctl=0, pi=1, stpin=0
UVM_INFO alu_scoreboard.sv(53) @ 108: uvm_test_top.env_alu.sb_alu [SCBD] PASS  a=112, b=  86, out=112 exp=112
UVM_INFO alu_driver.sv(25) @ 110: uvm_test_top.env_alu.agnt_alu.DRIVER [DRIVER] FOREVER LOOP
UVM_INFO alu_scoreboard.sv(57) @ 110: uvm_test_top.env_alu.sb_alu [SCBD] FAIL  a=107, b= 102, out=112 exp=107
UVM_INFO alu_sequence.sv(17) @ 110: uvm_test_top.env_alu.agnt_alu.SEQUENCER@@seq_alu [SEQUENCE] Repeat Task
UVM_INFO alu_scoreboard.sv(53) @ 112: uvm_test_top.env_alu.sb_alu [SCBD] PASS  a=107, b= 102, out=107 exp=107
UVM_INFO alu_scoreboard.sv(53) @ 114: uvm_test_top.env_alu.sb_alu [SCBD] PASS  a=107, b= 102, out=107 exp=107
UVM_INFO alu_scoreboard.sv(53) @ 116: uvm_test_top.env_alu.sb_alu [SCBD] PASS  a=107, b= 102, out=107 exp=107
UVM_INFO alu_scoreboard.sv(53) @ 118: uvm_test_top.env_alu.sb_alu [SCBD] PASS  a=107, b= 102, out=107 exp=107
UVM_INFO alu_driver.sv(28) @ 120: uvm_test_top.env_alu.agnt_alu.DRIVER [DRIVER] IF A =  66 , B =   4, ctl=0, pi=1, stpin=0
UVM_INFO alu_scoreboard.sv(53) @ 120: uvm_test_top.env_alu.sb_alu [SCBD] PASS  a=107, b= 102, out=107 exp=107
UVM_INFO alu_driver.sv(25) @ 122: uvm_test_top.env_alu.agnt_alu.DRIVER [DRIVER] FOREVER LOOP
UVM_INFO alu_scoreboard.sv(57) @ 122: uvm_test_top.env_alu.sb_alu [SCBD] FAIL  a= 66, b=   4, out=107 exp= 66
UVM_INFO alu_sequence.sv(17) @ 122: uvm_test_top.env_alu.agnt_alu.SEQUENCER@@seq_alu [SEQUENCE] Repeat Task
UVM_INFO alu_scoreboard.sv(53) @ 124: uvm_test_top.env_alu.sb_alu [SCBD] PASS  a= 66, b=   4, out= 66 exp= 66
UVM_INFO alu_scoreboard.sv(53) @ 126: uvm_test_top.env_alu.sb_alu [SCBD] PASS  a= 66, b=   4, out= 66 exp= 66
UVM_INFO alu_scoreboard.sv(53) @ 128: uvm_test_top.env_alu.sb_alu [SCBD] PASS  a= 66, b=   4, out= 66 exp= 66
UVM_INFO alu_scoreboard.sv(53) @ 130: uvm_test_top.env_alu.sb_alu [SCBD] PASS  a= 66, b=   4, out= 66 exp= 66
UVM_INFO alu_driver.sv(28) @ 132: uvm_test_top.env_alu.agnt_alu.DRIVER [DRIVER] IF A =  84 , B =  59, ctl=0, pi=1, stpin=0
UVM_INFO alu_scoreboard.sv(53) @ 132: uvm_test_top.env_alu.sb_alu [SCBD] PASS  a= 66, b=   4, out= 66 exp= 66
UVM_INFO alu_driver.sv(25) @ 134: uvm_test_top.env_alu.agnt_alu.DRIVER [DRIVER] FOREVER LOOP
UVM_INFO alu_scoreboard.sv(57) @ 134: uvm_test_top.env_alu.sb_alu [SCBD] FAIL  a= 84, b=  59, out= 66 exp= 84
UVM_INFO alu_sequence.sv(17) @ 134: uvm_test_top.env_alu.agnt_alu.SEQUENCER@@seq_alu [SEQUENCE] Repeat Task
UVM_INFO alu_scoreboard.sv(53) @ 136: uvm_test_top.env_alu.sb_alu [SCBD] PASS  a= 84, b=  59, out= 84 exp= 84
UVM_INFO alu_scoreboard.sv(53) @ 138: uvm_test_top.env_alu.sb_alu [SCBD] PASS  a= 84, b=  59, out= 84 exp= 84
UVM_INFO alu_scoreboard.sv(53) @ 140: uvm_test_top.env_alu.sb_alu [SCBD] PASS  a= 84, b=  59, out= 84 exp= 84
UVM_INFO alu_scoreboard.sv(53) @ 142: uvm_test_top.env_alu.sb_alu [SCBD] PASS  a= 84, b=  59, out= 84 exp= 84
UVM_INFO alu_driver.sv(28) @ 144: uvm_test_top.env_alu.agnt_alu.DRIVER [DRIVER] IF A =  90 , B =  19, ctl=0, pi=1, stpin=0
UVM_INFO alu_scoreboard.sv(53) @ 144: uvm_test_top.env_alu.sb_alu [SCBD] PASS  a= 84, b=  59, out= 84 exp= 84
UVM_INFO alu_driver.sv(25) @ 146: uvm_test_top.env_alu.agnt_alu.DRIVER [DRIVER] FOREVER LOOP
UVM_INFO alu_scoreboard.sv(57) @ 146: uvm_test_top.env_alu.sb_alu [SCBD] FAIL  a= 90, b=  19, out= 84 exp= 90
UVM_INFO alu_sequence.sv(17) @ 146: uvm_test_top.env_alu.agnt_alu.SEQUENCER@@seq_alu [SEQUENCE] Repeat Task
UVM_INFO alu_scoreboard.sv(53) @ 148: uvm_test_top.env_alu.sb_alu [SCBD] PASS  a= 90, b=  19, out= 90 exp= 90
UVM_INFO alu_scoreboard.sv(53) @ 150: uvm_test_top.env_alu.sb_alu [SCBD] PASS  a= 90, b=  19, out= 90 exp= 90
UVM_INFO alu_scoreboard.sv(53) @ 152: uvm_test_top.env_alu.sb_alu [SCBD] PASS  a= 90, b=  19, out= 90 exp= 90
UVM_INFO alu_scoreboard.sv(53) @ 154: uvm_test_top.env_alu.sb_alu [SCBD] PASS  a= 90, b=  19, out= 90 exp= 90
UVM_INFO alu_driver.sv(28) @ 156: uvm_test_top.env_alu.agnt_alu.DRIVER [DRIVER] IF A =  79 , B =   3, ctl=0, pi=1, stpin=0
UVM_INFO alu_scoreboard.sv(53) @ 156: uvm_test_top.env_alu.sb_alu [SCBD] PASS  a= 90, b=  19, out= 90 exp= 90
UVM_INFO alu_driver.sv(25) @ 158: uvm_test_top.env_alu.agnt_alu.DRIVER [DRIVER] FOREVER LOOP
UVM_INFO alu_scoreboard.sv(57) @ 158: uvm_test_top.env_alu.sb_alu [SCBD] FAIL  a= 79, b=   3, out= 90 exp= 79
UVM_INFO alu_sequence.sv(17) @ 158: uvm_test_top.env_alu.agnt_alu.SEQUENCER@@seq_alu [SEQUENCE] Repeat Task
UVM_INFO alu_scoreboard.sv(53) @ 160: uvm_test_top.env_alu.sb_alu [SCBD] PASS  a= 79, b=   3, out= 79 exp= 79
UVM_INFO alu_scoreboard.sv(53) @ 162: uvm_test_top.env_alu.sb_alu [SCBD] PASS  a= 79, b=   3, out= 79 exp= 79
UVM_INFO alu_scoreboard.sv(53) @ 164: uvm_test_top.env_alu.sb_alu [SCBD] PASS  a= 79, b=   3, out= 79 exp= 79
UVM_INFO alu_scoreboard.sv(53) @ 166: uvm_test_top.env_alu.sb_alu [SCBD] PASS  a= 79, b=   3, out= 79 exp= 79
UVM_INFO alu_driver.sv(28) @ 168: uvm_test_top.env_alu.agnt_alu.DRIVER [DRIVER] IF A =   1 , B =   1, ctl=0, pi=1, stpin=0
UVM_INFO alu_scoreboard.sv(53) @ 168: uvm_test_top.env_alu.sb_alu [SCBD] PASS  a= 79, b=   3, out= 79 exp= 79
UVM_INFO alu_driver.sv(25) @ 170: uvm_test_top.env_alu.agnt_alu.DRIVER [DRIVER] FOREVER LOOP
UVM_INFO alu_scoreboard.sv(57) @ 170: uvm_test_top.env_alu.sb_alu [SCBD] FAIL  a=  1, b=   1, out= 79 exp=  1
UVM_INFO alu_sequence.sv(17) @ 170: uvm_test_top.env_alu.agnt_alu.SEQUENCER@@seq_alu [SEQUENCE] Repeat Task
UVM_INFO alu_scoreboard.sv(53) @ 172: uvm_test_top.env_alu.sb_alu [SCBD] PASS  a=  1, b=   1, out=  1 exp=  1
UVM_INFO alu_scoreboard.sv(53) @ 174: uvm_test_top.env_alu.sb_alu [SCBD] PASS  a=  1, b=   1, out=  1 exp=  1
UVM_INFO alu_scoreboard.sv(53) @ 176: uvm_test_top.env_alu.sb_alu [SCBD] PASS  a=  1, b=   1, out=  1 exp=  1
UVM_INFO alu_scoreboard.sv(53) @ 178: uvm_test_top.env_alu.sb_alu [SCBD] PASS  a=  1, b=   1, out=  1 exp=  1
UVM_INFO alu_driver.sv(28) @ 180: uvm_test_top.env_alu.agnt_alu.DRIVER [DRIVER] IF A =  57 , B =  42, ctl=0, pi=1, stpin=0
UVM_INFO alu_scoreboard.sv(53) @ 180: uvm_test_top.env_alu.sb_alu [SCBD] PASS  a=  1, b=   1, out=  1 exp=  1
UVM_INFO alu_driver.sv(25) @ 182: uvm_test_top.env_alu.agnt_alu.DRIVER [DRIVER] FOREVER LOOP
UVM_INFO alu_scoreboard.sv(57) @ 182: uvm_test_top.env_alu.sb_alu [SCBD] FAIL  a= 57, b=  42, out=  1 exp= 57
UVM_INFO alu_sequence.sv(17) @ 182: uvm_test_top.env_alu.agnt_alu.SEQUENCER@@seq_alu [SEQUENCE] Repeat Task
UVM_INFO alu_scoreboard.sv(53) @ 184: uvm_test_top.env_alu.sb_alu [SCBD] PASS  a= 57, b=  42, out= 57 exp= 57
UVM_INFO alu_scoreboard.sv(53) @ 186: uvm_test_top.env_alu.sb_alu [SCBD] PASS  a= 57, b=  42, out= 57 exp= 57
UVM_INFO alu_scoreboard.sv(53) @ 188: uvm_test_top.env_alu.sb_alu [SCBD] PASS  a= 57, b=  42, out= 57 exp= 57
UVM_INFO alu_scoreboard.sv(53) @ 190: uvm_test_top.env_alu.sb_alu [SCBD] PASS  a= 57, b=  42, out= 57 exp= 57
UVM_INFO alu_driver.sv(28) @ 192: uvm_test_top.env_alu.agnt_alu.DRIVER [DRIVER] IF A =  84 , B =  79, ctl=0, pi=1, stpin=0
UVM_INFO alu_scoreboard.sv(53) @ 192: uvm_test_top.env_alu.sb_alu [SCBD] PASS  a= 57, b=  42, out= 57 exp= 57
UVM_INFO alu_driver.sv(25) @ 194: uvm_test_top.env_alu.agnt_alu.DRIVER [DRIVER] FOREVER LOOP
UVM_INFO alu_scoreboard.sv(57) @ 194: uvm_test_top.env_alu.sb_alu [SCBD] FAIL  a= 84, b=  79, out= 57 exp= 84
UVM_INFO alu_sequence.sv(17) @ 194: uvm_test_top.env_alu.agnt_alu.SEQUENCER@@seq_alu [SEQUENCE] Repeat Task
UVM_INFO alu_scoreboard.sv(53) @ 196: uvm_test_top.env_alu.sb_alu [SCBD] PASS  a= 84, b=  79, out= 84 exp= 84
UVM_INFO alu_scoreboard.sv(53) @ 198: uvm_test_top.env_alu.sb_alu [SCBD] PASS  a= 84, b=  79, out= 84 exp= 84
UVM_INFO alu_scoreboard.sv(53) @ 200: uvm_test_top.env_alu.sb_alu [SCBD] PASS  a= 84, b=  79, out= 84 exp= 84
UVM_INFO alu_scoreboard.sv(53) @ 202: uvm_test_top.env_alu.sb_alu [SCBD] PASS  a= 84, b=  79, out= 84 exp= 84
UVM_INFO alu_driver.sv(28) @ 204: uvm_test_top.env_alu.agnt_alu.DRIVER [DRIVER] IF A = 125 , B = 108, ctl=0, pi=1, stpin=0
UVM_INFO alu_scoreboard.sv(53) @ 204: uvm_test_top.env_alu.sb_alu [SCBD] PASS  a= 84, b=  79, out= 84 exp= 84
UVM_INFO alu_driver.sv(25) @ 206: uvm_test_top.env_alu.agnt_alu.DRIVER [DRIVER] FOREVER LOOP
UVM_INFO alu_scoreboard.sv(57) @ 206: uvm_test_top.env_alu.sb_alu [SCBD] FAIL  a=125, b= 108, out= 84 exp=125
UVM_INFO alu_sequence.sv(17) @ 206: uvm_test_top.env_alu.agnt_alu.SEQUENCER@@seq_alu [SEQUENCE] Repeat Task
UVM_INFO alu_scoreboard.sv(53) @ 208: uvm_test_top.env_alu.sb_alu [SCBD] PASS  a=125, b= 108, out=125 exp=125
UVM_INFO alu_scoreboard.sv(53) @ 210: uvm_test_top.env_alu.sb_alu [SCBD] PASS  a=125, b= 108, out=125 exp=125
UVM_INFO alu_scoreboard.sv(53) @ 212: uvm_test_top.env_alu.sb_alu [SCBD] PASS  a=125, b= 108, out=125 exp=125
UVM_INFO alu_scoreboard.sv(53) @ 214: uvm_test_top.env_alu.sb_alu [SCBD] PASS  a=125, b= 108, out=125 exp=125
UVM_INFO alu_driver.sv(28) @ 216: uvm_test_top.env_alu.agnt_alu.DRIVER [DRIVER] IF A =  82 , B =  34, ctl=0, pi=1, stpin=0
UVM_INFO alu_scoreboard.sv(53) @ 216: uvm_test_top.env_alu.sb_alu [SCBD] PASS  a=125, b= 108, out=125 exp=125
UVM_INFO alu_driver.sv(25) @ 218: uvm_test_top.env_alu.agnt_alu.DRIVER [DRIVER] FOREVER LOOP
UVM_INFO alu_scoreboard.sv(57) @ 218: uvm_test_top.env_alu.sb_alu [SCBD] FAIL  a= 82, b=  34, out=125 exp= 82
UVM_INFO alu_sequence.sv(17) @ 218: uvm_test_top.env_alu.agnt_alu.SEQUENCER@@seq_alu [SEQUENCE] Repeat Task
UVM_INFO alu_scoreboard.sv(53) @ 220: uvm_test_top.env_alu.sb_alu [SCBD] PASS  a= 82, b=  34, out= 82 exp= 82
UVM_INFO alu_scoreboard.sv(53) @ 222: uvm_test_top.env_alu.sb_alu [SCBD] PASS  a= 82, b=  34, out= 82 exp= 82
UVM_INFO alu_scoreboard.sv(53) @ 224: uvm_test_top.env_alu.sb_alu [SCBD] PASS  a= 82, b=  34, out= 82 exp= 82
UVM_INFO alu_scoreboard.sv(53) @ 226: uvm_test_top.env_alu.sb_alu [SCBD] PASS  a= 82, b=  34, out= 82 exp= 82
UVM_INFO alu_driver.sv(28) @ 228: uvm_test_top.env_alu.agnt_alu.DRIVER [DRIVER] IF A =  72 , B =  30, ctl=0, pi=1, stpin=0
UVM_INFO alu_scoreboard.sv(53) @ 228: uvm_test_top.env_alu.sb_alu [SCBD] PASS  a= 82, b=  34, out= 82 exp= 82
UVM_INFO alu_driver.sv(25) @ 230: uvm_test_top.env_alu.agnt_alu.DRIVER [DRIVER] FOREVER LOOP
UVM_INFO alu_scoreboard.sv(57) @ 230: uvm_test_top.env_alu.sb_alu [SCBD] FAIL  a= 72, b=  30, out= 82 exp= 72
UVM_INFO alu_sequence.sv(17) @ 230: uvm_test_top.env_alu.agnt_alu.SEQUENCER@@seq_alu [SEQUENCE] Repeat Task
UVM_INFO alu_scoreboard.sv(53) @ 232: uvm_test_top.env_alu.sb_alu [SCBD] PASS  a= 72, b=  30, out= 72 exp= 72
UVM_INFO alu_scoreboard.sv(53) @ 234: uvm_test_top.env_alu.sb_alu [SCBD] PASS  a= 72, b=  30, out= 72 exp= 72
UVM_INFO alu_scoreboard.sv(53) @ 236: uvm_test_top.env_alu.sb_alu [SCBD] PASS  a= 72, b=  30, out= 72 exp= 72
UVM_INFO alu_scoreboard.sv(53) @ 238: uvm_test_top.env_alu.sb_alu [SCBD] PASS  a= 72, b=  30, out= 72 exp= 72
UVM_INFO alu_driver.sv(28) @ 240: uvm_test_top.env_alu.agnt_alu.DRIVER [DRIVER] IF A = 127 , B =  97, ctl=0, pi=1, stpin=0
UVM_INFO alu_scoreboard.sv(53) @ 240: uvm_test_top.env_alu.sb_alu [SCBD] PASS  a= 72, b=  30, out= 72 exp= 72
UVM_INFO alu_driver.sv(25) @ 242: uvm_test_top.env_alu.agnt_alu.DRIVER [DRIVER] FOREVER LOOP
UVM_INFO alu_scoreboard.sv(57) @ 242: uvm_test_top.env_alu.sb_alu [SCBD] FAIL  a=127, b=  97, out= 72 exp=127
UVM_INFO alu_sequence.sv(17) @ 242: uvm_test_top.env_alu.agnt_alu.SEQUENCER@@seq_alu [SEQUENCE] Repeat Task
UVM_INFO alu_scoreboard.sv(53) @ 244: uvm_test_top.env_alu.sb_alu [SCBD] PASS  a=127, b=  97, out=127 exp=127
UVM_INFO alu_scoreboard.sv(53) @ 246: uvm_test_top.env_alu.sb_alu [SCBD] PASS  a=127, b=  97, out=127 exp=127
UVM_INFO alu_scoreboard.sv(53) @ 248: uvm_test_top.env_alu.sb_alu [SCBD] PASS  a=127, b=  97, out=127 exp=127
UVM_INFO alu_scoreboard.sv(53) @ 250: uvm_test_top.env_alu.sb_alu [SCBD] PASS  a=127, b=  97, out=127 exp=127
UVM_INFO alu_driver.sv(28) @ 252: uvm_test_top.env_alu.agnt_alu.DRIVER [DRIVER] IF A =  56 , B =  24, ctl=0, pi=1, stpin=0
UVM_INFO alu_scoreboard.sv(53) @ 252: uvm_test_top.env_alu.sb_alu [SCBD] PASS  a=127, b=  97, out=127 exp=127
UVM_INFO alu_driver.sv(25) @ 254: uvm_test_top.env_alu.agnt_alu.DRIVER [DRIVER] FOREVER LOOP
UVM_INFO alu_scoreboard.sv(57) @ 254: uvm_test_top.env_alu.sb_alu [SCBD] FAIL  a= 56, b=  24, out=127 exp= 56
UVM_INFO alu_sequence.sv(17) @ 254: uvm_test_top.env_alu.agnt_alu.SEQUENCER@@seq_alu [SEQUENCE] Repeat Task
UVM_INFO alu_scoreboard.sv(53) @ 256: uvm_test_top.env_alu.sb_alu [SCBD] PASS  a= 56, b=  24, out= 56 exp= 56
UVM_INFO alu_scoreboard.sv(53) @ 258: uvm_test_top.env_alu.sb_alu [SCBD] PASS  a= 56, b=  24, out= 56 exp= 56
UVM_INFO alu_scoreboard.sv(53) @ 260: uvm_test_top.env_alu.sb_alu [SCBD] PASS  a= 56, b=  24, out= 56 exp= 56
UVM_INFO alu_scoreboard.sv(53) @ 262: uvm_test_top.env_alu.sb_alu [SCBD] PASS  a= 56, b=  24, out= 56 exp= 56
UVM_INFO alu_driver.sv(28) @ 264: uvm_test_top.env_alu.agnt_alu.DRIVER [DRIVER] IF A =  41 , B =  26, ctl=0, pi=1, stpin=0
UVM_INFO alu_scoreboard.sv(53) @ 264: uvm_test_top.env_alu.sb_alu [SCBD] PASS  a= 56, b=  24, out= 56 exp= 56
UVM_INFO alu_driver.sv(25) @ 266: uvm_test_top.env_alu.agnt_alu.DRIVER [DRIVER] FOREVER LOOP
UVM_INFO alu_scoreboard.sv(57) @ 266: uvm_test_top.env_alu.sb_alu [SCBD] FAIL  a= 41, b=  26, out= 56 exp= 41
UVM_INFO alu_sequence.sv(17) @ 266: uvm_test_top.env_alu.agnt_alu.SEQUENCER@@seq_alu [SEQUENCE] Repeat Task
UVM_INFO alu_scoreboard.sv(53) @ 268: uvm_test_top.env_alu.sb_alu [SCBD] PASS  a= 41, b=  26, out= 41 exp= 41
UVM_INFO alu_scoreboard.sv(53) @ 270: uvm_test_top.env_alu.sb_alu [SCBD] PASS  a= 41, b=  26, out= 41 exp= 41
UVM_INFO alu_scoreboard.sv(53) @ 272: uvm_test_top.env_alu.sb_alu [SCBD] PASS  a= 41, b=  26, out= 41 exp= 41
UVM_INFO alu_scoreboard.sv(53) @ 274: uvm_test_top.env_alu.sb_alu [SCBD] PASS  a= 41, b=  26, out= 41 exp= 41
UVM_INFO alu_driver.sv(28) @ 276: uvm_test_top.env_alu.agnt_alu.DRIVER [DRIVER] IF A = 101 , B =  90, ctl=0, pi=1, stpin=0
UVM_INFO alu_scoreboard.sv(53) @ 276: uvm_test_top.env_alu.sb_alu [SCBD] PASS  a= 41, b=  26, out= 41 exp= 41
UVM_INFO alu_driver.sv(25) @ 278: uvm_test_top.env_alu.agnt_alu.DRIVER [DRIVER] FOREVER LOOP
UVM_INFO alu_scoreboard.sv(57) @ 278: uvm_test_top.env_alu.sb_alu [SCBD] FAIL  a=101, b=  90, out= 41 exp=101
UVM_INFO alu_sequence.sv(17) @ 278: uvm_test_top.env_alu.agnt_alu.SEQUENCER@@seq_alu [SEQUENCE] Repeat Task
UVM_INFO alu_scoreboard.sv(53) @ 280: uvm_test_top.env_alu.sb_alu [SCBD] PASS  a=101, b=  90, out=101 exp=101
UVM_INFO alu_scoreboard.sv(53) @ 282: uvm_test_top.env_alu.sb_alu [SCBD] PASS  a=101, b=  90, out=101 exp=101
UVM_INFO alu_scoreboard.sv(53) @ 284: uvm_test_top.env_alu.sb_alu [SCBD] PASS  a=101, b=  90, out=101 exp=101
UVM_INFO alu_scoreboard.sv(53) @ 286: uvm_test_top.env_alu.sb_alu [SCBD] PASS  a=101, b=  90, out=101 exp=101
UVM_INFO alu_driver.sv(28) @ 288: uvm_test_top.env_alu.agnt_alu.DRIVER [DRIVER] IF A = 126 , B = 120, ctl=0, pi=1, stpin=0
UVM_INFO alu_scoreboard.sv(53) @ 288: uvm_test_top.env_alu.sb_alu [SCBD] PASS  a=101, b=  90, out=101 exp=101
UVM_INFO alu_driver.sv(25) @ 290: uvm_test_top.env_alu.agnt_alu.DRIVER [DRIVER] FOREVER LOOP
UVM_INFO alu_scoreboard.sv(57) @ 290: uvm_test_top.env_alu.sb_alu [SCBD] FAIL  a=126, b= 120, out=101 exp=126
UVM_INFO alu_sequence.sv(17) @ 290: uvm_test_top.env_alu.agnt_alu.SEQUENCER@@seq_alu [SEQUENCE] Repeat Task
UVM_INFO alu_scoreboard.sv(53) @ 292: uvm_test_top.env_alu.sb_alu [SCBD] PASS  a=126, b= 120, out=126 exp=126
UVM_INFO alu_scoreboard.sv(53) @ 294: uvm_test_top.env_alu.sb_alu [SCBD] PASS  a=126, b= 120, out=126 exp=126
UVM_INFO alu_scoreboard.sv(53) @ 296: uvm_test_top.env_alu.sb_alu [SCBD] PASS  a=126, b= 120, out=126 exp=126
UVM_INFO alu_scoreboard.sv(53) @ 298: uvm_test_top.env_alu.sb_alu [SCBD] PASS  a=126, b= 120, out=126 exp=126
UVM_INFO alu_driver.sv(28) @ 300: uvm_test_top.env_alu.agnt_alu.DRIVER [DRIVER] IF A =  49 , B =  27, ctl=0, pi=1, stpin=0
UVM_INFO alu_scoreboard.sv(53) @ 300: uvm_test_top.env_alu.sb_alu [SCBD] PASS  a=126, b= 120, out=126 exp=126
UVM_INFO alu_driver.sv(25) @ 302: uvm_test_top.env_alu.agnt_alu.DRIVER [DRIVER] FOREVER LOOP
UVM_INFO alu_scoreboard.sv(57) @ 302: uvm_test_top.env_alu.sb_alu [SCBD] FAIL  a= 49, b=  27, out=126 exp= 49
UVM_INFO alu_sequence.sv(17) @ 302: uvm_test_top.env_alu.agnt_alu.SEQUENCER@@seq_alu [SEQUENCE] Repeat Task
UVM_INFO alu_scoreboard.sv(53) @ 304: uvm_test_top.env_alu.sb_alu [SCBD] PASS  a= 49, b=  27, out= 49 exp= 49
UVM_INFO alu_scoreboard.sv(53) @ 306: uvm_test_top.env_alu.sb_alu [SCBD] PASS  a= 49, b=  27, out= 49 exp= 49
UVM_INFO alu_scoreboard.sv(53) @ 308: uvm_test_top.env_alu.sb_alu [SCBD] PASS  a= 49, b=  27, out= 49 exp= 49
UVM_INFO alu_scoreboard.sv(53) @ 310: uvm_test_top.env_alu.sb_alu [SCBD] PASS  a= 49, b=  27, out= 49 exp= 49
UVM_INFO alu_driver.sv(28) @ 312: uvm_test_top.env_alu.agnt_alu.DRIVER [DRIVER] IF A =   7 , B =   0, ctl=0, pi=1, stpin=0
UVM_INFO alu_scoreboard.sv(53) @ 312: uvm_test_top.env_alu.sb_alu [SCBD] PASS  a= 49, b=  27, out= 49 exp= 49
UVM_INFO alu_driver.sv(25) @ 314: uvm_test_top.env_alu.agnt_alu.DRIVER [DRIVER] FOREVER LOOP
UVM_INFO alu_scoreboard.sv(57) @ 314: uvm_test_top.env_alu.sb_alu [SCBD] FAIL  a=  7, b=   0, out= 49 exp=  7
UVM_INFO alu_sequence.sv(17) @ 314: uvm_test_top.env_alu.agnt_alu.SEQUENCER@@seq_alu [SEQUENCE] Repeat Task
UVM_INFO alu_scoreboard.sv(53) @ 316: uvm_test_top.env_alu.sb_alu [SCBD] PASS  a=  7, b=   0, out=  7 exp=  7
UVM_INFO alu_scoreboard.sv(53) @ 318: uvm_test_top.env_alu.sb_alu [SCBD] PASS  a=  7, b=   0, out=  7 exp=  7
UVM_INFO alu_scoreboard.sv(53) @ 320: uvm_test_top.env_alu.sb_alu [SCBD] PASS  a=  7, b=   0, out=  7 exp=  7
UVM_INFO alu_scoreboard.sv(53) @ 322: uvm_test_top.env_alu.sb_alu [SCBD] PASS  a=  7, b=   0, out=  7 exp=  7
UVM_INFO alu_driver.sv(28) @ 324: uvm_test_top.env_alu.agnt_alu.DRIVER [DRIVER] IF A =  63 , B =  13, ctl=0, pi=1, stpin=0
UVM_INFO alu_scoreboard.sv(53) @ 324: uvm_test_top.env_alu.sb_alu [SCBD] PASS  a=  7, b=   0, out=  7 exp=  7
UVM_INFO alu_driver.sv(25) @ 326: uvm_test_top.env_alu.agnt_alu.DRIVER [DRIVER] FOREVER LOOP
UVM_INFO alu_scoreboard.sv(57) @ 326: uvm_test_top.env_alu.sb_alu [SCBD] FAIL  a= 63, b=  13, out=  7 exp= 63
UVM_INFO alu_sequence.sv(17) @ 326: uvm_test_top.env_alu.agnt_alu.SEQUENCER@@seq_alu [SEQUENCE] Repeat Task
UVM_INFO alu_scoreboard.sv(53) @ 328: uvm_test_top.env_alu.sb_alu [SCBD] PASS  a= 63, b=  13, out= 63 exp= 63
UVM_INFO alu_scoreboard.sv(53) @ 330: uvm_test_top.env_alu.sb_alu [SCBD] PASS  a= 63, b=  13, out= 63 exp= 63
UVM_INFO alu_scoreboard.sv(53) @ 332: uvm_test_top.env_alu.sb_alu [SCBD] PASS  a= 63, b=  13, out= 63 exp= 63
UVM_INFO alu_scoreboard.sv(53) @ 334: uvm_test_top.env_alu.sb_alu [SCBD] PASS  a= 63, b=  13, out= 63 exp= 63
UVM_INFO alu_driver.sv(28) @ 336: uvm_test_top.env_alu.agnt_alu.DRIVER [DRIVER] IF A =  94 , B =  21, ctl=0, pi=1, stpin=0
UVM_INFO alu_scoreboard.sv(53) @ 336: uvm_test_top.env_alu.sb_alu [SCBD] PASS  a= 63, b=  13, out= 63 exp= 63
UVM_INFO alu_driver.sv(25) @ 338: uvm_test_top.env_alu.agnt_alu.DRIVER [DRIVER] FOREVER LOOP
UVM_INFO alu_scoreboard.sv(57) @ 338: uvm_test_top.env_alu.sb_alu [SCBD] FAIL  a= 94, b=  21, out= 63 exp= 94
UVM_INFO alu_sequence.sv(17) @ 338: uvm_test_top.env_alu.agnt_alu.SEQUENCER@@seq_alu [SEQUENCE] Repeat Task
UVM_INFO alu_scoreboard.sv(53) @ 340: uvm_test_top.env_alu.sb_alu [SCBD] PASS  a= 94, b=  21, out= 94 exp= 94
UVM_INFO alu_scoreboard.sv(53) @ 342: uvm_test_top.env_alu.sb_alu [SCBD] PASS  a= 94, b=  21, out= 94 exp= 94
UVM_INFO alu_scoreboard.sv(53) @ 344: uvm_test_top.env_alu.sb_alu [SCBD] PASS  a= 94, b=  21, out= 94 exp= 94
UVM_INFO alu_scoreboard.sv(53) @ 346: uvm_test_top.env_alu.sb_alu [SCBD] PASS  a= 94, b=  21, out= 94 exp= 94
UVM_INFO alu_driver.sv(28) @ 348: uvm_test_top.env_alu.agnt_alu.DRIVER [DRIVER] IF A =  12 , B =   1, ctl=0, pi=1, stpin=0
UVM_INFO alu_scoreboard.sv(53) @ 348: uvm_test_top.env_alu.sb_alu [SCBD] PASS  a= 94, b=  21, out= 94 exp= 94
UVM_INFO alu_driver.sv(25) @ 350: uvm_test_top.env_alu.agnt_alu.DRIVER [DRIVER] FOREVER LOOP
UVM_INFO alu_scoreboard.sv(57) @ 350: uvm_test_top.env_alu.sb_alu [SCBD] FAIL  a= 12, b=   1, out= 94 exp= 12
UVM_INFO alu_sequence.sv(17) @ 350: uvm_test_top.env_alu.agnt_alu.SEQUENCER@@seq_alu [SEQUENCE] Repeat Task
UVM_INFO alu_scoreboard.sv(53) @ 352: uvm_test_top.env_alu.sb_alu [SCBD] PASS  a= 12, b=   1, out= 12 exp= 12
UVM_INFO alu_scoreboard.sv(53) @ 354: uvm_test_top.env_alu.sb_alu [SCBD] PASS  a= 12, b=   1, out= 12 exp= 12
UVM_INFO alu_scoreboard.sv(53) @ 356: uvm_test_top.env_alu.sb_alu [SCBD] PASS  a= 12, b=   1, out= 12 exp= 12
UVM_INFO alu_scoreboard.sv(53) @ 358: uvm_test_top.env_alu.sb_alu [SCBD] PASS  a= 12, b=   1, out= 12 exp= 12
UVM_INFO alu_driver.sv(28) @ 360: uvm_test_top.env_alu.agnt_alu.DRIVER [DRIVER] IF A =  83 , B =  83, ctl=0, pi=1, stpin=0
UVM_INFO alu_scoreboard.sv(53) @ 360: uvm_test_top.env_alu.sb_alu [SCBD] PASS  a= 12, b=   1, out= 12 exp= 12
UVM_INFO alu_driver.sv(25) @ 362: uvm_test_top.env_alu.agnt_alu.DRIVER [DRIVER] FOREVER LOOP
UVM_INFO alu_scoreboard.sv(57) @ 362: uvm_test_top.env_alu.sb_alu [SCBD] FAIL  a= 83, b=  83, out= 12 exp= 83
UVM_INFO alu_sequence.sv(17) @ 362: uvm_test_top.env_alu.agnt_alu.SEQUENCER@@seq_alu [SEQUENCE] Repeat Task
UVM_INFO alu_scoreboard.sv(53) @ 364: uvm_test_top.env_alu.sb_alu [SCBD] PASS  a= 83, b=  83, out= 83 exp= 83
UVM_INFO alu_scoreboard.sv(53) @ 366: uvm_test_top.env_alu.sb_alu [SCBD] PASS  a= 83, b=  83, out= 83 exp= 83
UVM_INFO alu_scoreboard.sv(53) @ 368: uvm_test_top.env_alu.sb_alu [SCBD] PASS  a= 83, b=  83, out= 83 exp= 83
UVM_INFO alu_scoreboard.sv(53) @ 370: uvm_test_top.env_alu.sb_alu [SCBD] PASS  a= 83, b=  83, out= 83 exp= 83
UVM_INFO alu_driver.sv(28) @ 372: uvm_test_top.env_alu.agnt_alu.DRIVER [DRIVER] IF A = 123 , B = 118, ctl=0, pi=1, stpin=0
UVM_INFO alu_scoreboard.sv(53) @ 372: uvm_test_top.env_alu.sb_alu [SCBD] PASS  a= 83, b=  83, out= 83 exp= 83
UVM_INFO alu_driver.sv(25) @ 374: uvm_test_top.env_alu.agnt_alu.DRIVER [DRIVER] FOREVER LOOP
UVM_INFO alu_scoreboard.sv(57) @ 374: uvm_test_top.env_alu.sb_alu [SCBD] FAIL  a=123, b= 118, out= 83 exp=123
UVM_INFO alu_sequence.sv(17) @ 374: uvm_test_top.env_alu.agnt_alu.SEQUENCER@@seq_alu [SEQUENCE] Repeat Task
UVM_INFO alu_scoreboard.sv(53) @ 376: uvm_test_top.env_alu.sb_alu [SCBD] PASS  a=123, b= 118, out=123 exp=123
UVM_INFO alu_scoreboard.sv(53) @ 378: uvm_test_top.env_alu.sb_alu [SCBD] PASS  a=123, b= 118, out=123 exp=123
UVM_INFO alu_scoreboard.sv(53) @ 380: uvm_test_top.env_alu.sb_alu [SCBD] PASS  a=123, b= 118, out=123 exp=123
UVM_INFO alu_scoreboard.sv(53) @ 382: uvm_test_top.env_alu.sb_alu [SCBD] PASS  a=123, b= 118, out=123 exp=123
UVM_INFO alu_driver.sv(28) @ 384: uvm_test_top.env_alu.agnt_alu.DRIVER [DRIVER] IF A =  34 , B =  28, ctl=0, pi=1, stpin=0
UVM_INFO alu_scoreboard.sv(53) @ 384: uvm_test_top.env_alu.sb_alu [SCBD] PASS  a=123, b= 118, out=123 exp=123
UVM_INFO alu_driver.sv(25) @ 386: uvm_test_top.env_alu.agnt_alu.DRIVER [DRIVER] FOREVER LOOP
UVM_INFO alu_scoreboard.sv(57) @ 386: uvm_test_top.env_alu.sb_alu [SCBD] FAIL  a= 34, b=  28, out=123 exp= 34
UVM_INFO alu_sequence.sv(17) @ 386: uvm_test_top.env_alu.agnt_alu.SEQUENCER@@seq_alu [SEQUENCE] Repeat Task
UVM_INFO alu_scoreboard.sv(53) @ 388: uvm_test_top.env_alu.sb_alu [SCBD] PASS  a= 34, b=  28, out= 34 exp= 34
UVM_INFO alu_scoreboard.sv(53) @ 390: uvm_test_top.env_alu.sb_alu [SCBD] PASS  a= 34, b=  28, out= 34 exp= 34
UVM_INFO alu_scoreboard.sv(53) @ 392: uvm_test_top.env_alu.sb_alu [SCBD] PASS  a= 34, b=  28, out= 34 exp= 34
UVM_INFO alu_scoreboard.sv(53) @ 394: uvm_test_top.env_alu.sb_alu [SCBD] PASS  a= 34, b=  28, out= 34 exp= 34
UVM_INFO alu_driver.sv(28) @ 396: uvm_test_top.env_alu.agnt_alu.DRIVER [DRIVER] IF A = 100 , B =  92, ctl=0, pi=1, stpin=0
UVM_INFO alu_scoreboard.sv(53) @ 396: uvm_test_top.env_alu.sb_alu [SCBD] PASS  a= 34, b=  28, out= 34 exp= 34
UVM_INFO alu_driver.sv(25) @ 398: uvm_test_top.env_alu.agnt_alu.DRIVER [DRIVER] FOREVER LOOP
UVM_INFO alu_scoreboard.sv(57) @ 398: uvm_test_top.env_alu.sb_alu [SCBD] FAIL  a=100, b=  92, out= 34 exp=100
UVM_INFO alu_sequence.sv(17) @ 398: uvm_test_top.env_alu.agnt_alu.SEQUENCER@@seq_alu [SEQUENCE] Repeat Task
UVM_INFO alu_scoreboard.sv(53) @ 400: uvm_test_top.env_alu.sb_alu [SCBD] PASS  a=100, b=  92, out=100 exp=100
UVM_INFO alu_scoreboard.sv(53) @ 402: uvm_test_top.env_alu.sb_alu [SCBD] PASS  a=100, b=  92, out=100 exp=100
UVM_INFO alu_scoreboard.sv(53) @ 404: uvm_test_top.env_alu.sb_alu [SCBD] PASS  a=100, b=  92, out=100 exp=100
UVM_INFO alu_scoreboard.sv(53) @ 406: uvm_test_top.env_alu.sb_alu [SCBD] PASS  a=100, b=  92, out=100 exp=100
UVM_INFO alu_driver.sv(28) @ 408: uvm_test_top.env_alu.agnt_alu.DRIVER [DRIVER] IF A = 106 , B =  49, ctl=0, pi=1, stpin=0
UVM_INFO alu_scoreboard.sv(53) @ 408: uvm_test_top.env_alu.sb_alu [SCBD] PASS  a=100, b=  92, out=100 exp=100
UVM_INFO alu_driver.sv(25) @ 410: uvm_test_top.env_alu.agnt_alu.DRIVER [DRIVER] FOREVER LOOP
UVM_INFO alu_scoreboard.sv(57) @ 410: uvm_test_top.env_alu.sb_alu [SCBD] FAIL  a=106, b=  49, out=100 exp=106
UVM_INFO alu_sequence.sv(17) @ 410: uvm_test_top.env_alu.agnt_alu.SEQUENCER@@seq_alu [SEQUENCE] Repeat Task
UVM_INFO alu_scoreboard.sv(53) @ 412: uvm_test_top.env_alu.sb_alu [SCBD] PASS  a=106, b=  49, out=106 exp=106
UVM_INFO alu_scoreboard.sv(53) @ 414: uvm_test_top.env_alu.sb_alu [SCBD] PASS  a=106, b=  49, out=106 exp=106
UVM_INFO alu_scoreboard.sv(53) @ 416: uvm_test_top.env_alu.sb_alu [SCBD] PASS  a=106, b=  49, out=106 exp=106
UVM_INFO alu_scoreboard.sv(53) @ 418: uvm_test_top.env_alu.sb_alu [SCBD] PASS  a=106, b=  49, out=106 exp=106
UVM_INFO alu_driver.sv(28) @ 420: uvm_test_top.env_alu.agnt_alu.DRIVER [DRIVER] IF A =  76 , B =   2, ctl=0, pi=1, stpin=0
UVM_INFO alu_scoreboard.sv(53) @ 420: uvm_test_top.env_alu.sb_alu [SCBD] PASS  a=106, b=  49, out=106 exp=106
UVM_INFO alu_driver.sv(25) @ 422: uvm_test_top.env_alu.agnt_alu.DRIVER [DRIVER] FOREVER LOOP
UVM_INFO alu_scoreboard.sv(57) @ 422: uvm_test_top.env_alu.sb_alu [SCBD] FAIL  a= 76, b=   2, out=106 exp= 76
UVM_INFO alu_sequence.sv(17) @ 422: uvm_test_top.env_alu.agnt_alu.SEQUENCER@@seq_alu [SEQUENCE] Repeat Task
UVM_INFO alu_scoreboard.sv(53) @ 424: uvm_test_top.env_alu.sb_alu [SCBD] PASS  a= 76, b=   2, out= 76 exp= 76
UVM_INFO alu_scoreboard.sv(53) @ 426: uvm_test_top.env_alu.sb_alu [SCBD] PASS  a= 76, b=   2, out= 76 exp= 76
UVM_INFO alu_scoreboard.sv(53) @ 428: uvm_test_top.env_alu.sb_alu [SCBD] PASS  a= 76, b=   2, out= 76 exp= 76
UVM_INFO alu_scoreboard.sv(53) @ 430: uvm_test_top.env_alu.sb_alu [SCBD] PASS  a= 76, b=   2, out= 76 exp= 76
UVM_INFO alu_driver.sv(28) @ 432: uvm_test_top.env_alu.agnt_alu.DRIVER [DRIVER] IF A = 120 , B = 100, ctl=0, pi=1, stpin=0
UVM_INFO alu_scoreboard.sv(53) @ 432: uvm_test_top.env_alu.sb_alu [SCBD] PASS  a= 76, b=   2, out= 76 exp= 76
UVM_INFO alu_driver.sv(25) @ 434: uvm_test_top.env_alu.agnt_alu.DRIVER [DRIVER] FOREVER LOOP
UVM_INFO alu_scoreboard.sv(57) @ 434: uvm_test_top.env_alu.sb_alu [SCBD] FAIL  a=120, b= 100, out= 76 exp=120
UVM_INFO alu_sequence.sv(17) @ 434: uvm_test_top.env_alu.agnt_alu.SEQUENCER@@seq_alu [SEQUENCE] Repeat Task
UVM_INFO alu_scoreboard.sv(53) @ 436: uvm_test_top.env_alu.sb_alu [SCBD] PASS  a=120, b= 100, out=120 exp=120
UVM_INFO alu_scoreboard.sv(53) @ 438: uvm_test_top.env_alu.sb_alu [SCBD] PASS  a=120, b= 100, out=120 exp=120
UVM_INFO alu_scoreboard.sv(53) @ 440: uvm_test_top.env_alu.sb_alu [SCBD] PASS  a=120, b= 100, out=120 exp=120
UVM_INFO alu_scoreboard.sv(53) @ 442: uvm_test_top.env_alu.sb_alu [SCBD] PASS  a=120, b= 100, out=120 exp=120
UVM_INFO alu_driver.sv(28) @ 444: uvm_test_top.env_alu.agnt_alu.DRIVER [DRIVER] IF A = 126 , B = 126, ctl=0, pi=1, stpin=0
UVM_INFO alu_scoreboard.sv(53) @ 444: uvm_test_top.env_alu.sb_alu [SCBD] PASS  a=120, b= 100, out=120 exp=120
UVM_INFO alu_driver.sv(25) @ 446: uvm_test_top.env_alu.agnt_alu.DRIVER [DRIVER] FOREVER LOOP
UVM_INFO alu_scoreboard.sv(57) @ 446: uvm_test_top.env_alu.sb_alu [SCBD] FAIL  a=126, b= 126, out=120 exp=126
UVM_INFO alu_sequence.sv(17) @ 446: uvm_test_top.env_alu.agnt_alu.SEQUENCER@@seq_alu [SEQUENCE] Repeat Task
UVM_INFO alu_scoreboard.sv(53) @ 448: uvm_test_top.env_alu.sb_alu [SCBD] PASS  a=126, b= 126, out=126 exp=126
UVM_INFO alu_scoreboard.sv(53) @ 450: uvm_test_top.env_alu.sb_alu [SCBD] PASS  a=126, b= 126, out=126 exp=126
UVM_INFO alu_scoreboard.sv(53) @ 452: uvm_test_top.env_alu.sb_alu [SCBD] PASS  a=126, b= 126, out=126 exp=126
UVM_INFO alu_scoreboard.sv(53) @ 454: uvm_test_top.env_alu.sb_alu [SCBD] PASS  a=126, b= 126, out=126 exp=126
UVM_INFO alu_driver.sv(28) @ 456: uvm_test_top.env_alu.agnt_alu.DRIVER [DRIVER] IF A = 126 , B =  36, ctl=0, pi=1, stpin=0
UVM_INFO alu_scoreboard.sv(53) @ 456: uvm_test_top.env_alu.sb_alu [SCBD] PASS  a=126, b= 126, out=126 exp=126
UVM_INFO alu_driver.sv(25) @ 458: uvm_test_top.env_alu.agnt_alu.DRIVER [DRIVER] FOREVER LOOP
UVM_INFO alu_scoreboard.sv(53) @ 458: uvm_test_top.env_alu.sb_alu [SCBD] PASS  a=126, b=  36, out=126 exp=126
UVM_INFO alu_sequence.sv(17) @ 458: uvm_test_top.env_alu.agnt_alu.SEQUENCER@@seq_alu [SEQUENCE] Repeat Task
UVM_INFO alu_scoreboard.sv(53) @ 460: uvm_test_top.env_alu.sb_alu [SCBD] PASS  a=126, b=  36, out=126 exp=126
UVM_INFO alu_scoreboard.sv(53) @ 462: uvm_test_top.env_alu.sb_alu [SCBD] PASS  a=126, b=  36, out=126 exp=126
UVM_INFO alu_scoreboard.sv(53) @ 464: uvm_test_top.env_alu.sb_alu [SCBD] PASS  a=126, b=  36, out=126 exp=126
UVM_INFO alu_scoreboard.sv(53) @ 466: uvm_test_top.env_alu.sb_alu [SCBD] PASS  a=126, b=  36, out=126 exp=126
UVM_INFO alu_driver.sv(28) @ 468: uvm_test_top.env_alu.agnt_alu.DRIVER [DRIVER] IF A = 122 , B = 118, ctl=0, pi=1, stpin=0
UVM_INFO alu_scoreboard.sv(53) @ 468: uvm_test_top.env_alu.sb_alu [SCBD] PASS  a=126, b=  36, out=126 exp=126
UVM_INFO alu_driver.sv(25) @ 470: uvm_test_top.env_alu.agnt_alu.DRIVER [DRIVER] FOREVER LOOP
UVM_INFO alu_scoreboard.sv(57) @ 470: uvm_test_top.env_alu.sb_alu [SCBD] FAIL  a=122, b= 118, out=126 exp=122
UVM_INFO alu_sequence.sv(17) @ 470: uvm_test_top.env_alu.agnt_alu.SEQUENCER@@seq_alu [SEQUENCE] Repeat Task
UVM_INFO alu_scoreboard.sv(53) @ 472: uvm_test_top.env_alu.sb_alu [SCBD] PASS  a=122, b= 118, out=122 exp=122
UVM_INFO alu_scoreboard.sv(53) @ 474: uvm_test_top.env_alu.sb_alu [SCBD] PASS  a=122, b= 118, out=122 exp=122
UVM_INFO alu_scoreboard.sv(53) @ 476: uvm_test_top.env_alu.sb_alu [SCBD] PASS  a=122, b= 118, out=122 exp=122
UVM_INFO alu_scoreboard.sv(53) @ 478: uvm_test_top.env_alu.sb_alu [SCBD] PASS  a=122, b= 118, out=122 exp=122
UVM_INFO alu_driver.sv(28) @ 480: uvm_test_top.env_alu.agnt_alu.DRIVER [DRIVER] IF A =  87 , B =  26, ctl=0, pi=1, stpin=0
UVM_INFO alu_scoreboard.sv(53) @ 480: uvm_test_top.env_alu.sb_alu [SCBD] PASS  a=122, b= 118, out=122 exp=122
UVM_INFO alu_driver.sv(25) @ 482: uvm_test_top.env_alu.agnt_alu.DRIVER [DRIVER] FOREVER LOOP
UVM_INFO alu_scoreboard.sv(57) @ 482: uvm_test_top.env_alu.sb_alu [SCBD] FAIL  a= 87, b=  26, out=122 exp= 87
UVM_INFO alu_sequence.sv(17) @ 482: uvm_test_top.env_alu.agnt_alu.SEQUENCER@@seq_alu [SEQUENCE] Repeat Task
UVM_INFO alu_scoreboard.sv(53) @ 484: uvm_test_top.env_alu.sb_alu [SCBD] PASS  a= 87, b=  26, out= 87 exp= 87
UVM_INFO alu_scoreboard.sv(53) @ 486: uvm_test_top.env_alu.sb_alu [SCBD] PASS  a= 87, b=  26, out= 87 exp= 87
UVM_INFO alu_scoreboard.sv(53) @ 488: uvm_test_top.env_alu.sb_alu [SCBD] PASS  a= 87, b=  26, out= 87 exp= 87
UVM_INFO alu_scoreboard.sv(53) @ 490: uvm_test_top.env_alu.sb_alu [SCBD] PASS  a= 87, b=  26, out= 87 exp= 87
UVM_INFO alu_driver.sv(28) @ 492: uvm_test_top.env_alu.agnt_alu.DRIVER [DRIVER] IF A =  97 , B =  84, ctl=0, pi=1, stpin=0
UVM_INFO alu_scoreboard.sv(53) @ 492: uvm_test_top.env_alu.sb_alu [SCBD] PASS  a= 87, b=  26, out= 87 exp= 87
UVM_INFO alu_driver.sv(25) @ 494: uvm_test_top.env_alu.agnt_alu.DRIVER [DRIVER] FOREVER LOOP
UVM_INFO alu_scoreboard.sv(57) @ 494: uvm_test_top.env_alu.sb_alu [SCBD] FAIL  a= 97, b=  84, out= 87 exp= 97
UVM_INFO alu_sequence.sv(17) @ 494: uvm_test_top.env_alu.agnt_alu.SEQUENCER@@seq_alu [SEQUENCE] Repeat Task
UVM_INFO alu_scoreboard.sv(53) @ 496: uvm_test_top.env_alu.sb_alu [SCBD] PASS  a= 97, b=  84, out= 97 exp= 97
UVM_INFO alu_scoreboard.sv(53) @ 498: uvm_test_top.env_alu.sb_alu [SCBD] PASS  a= 97, b=  84, out= 97 exp= 97
UVM_INFO alu_scoreboard.sv(53) @ 500: uvm_test_top.env_alu.sb_alu [SCBD] PASS  a= 97, b=  84, out= 97 exp= 97
UVM_INFO alu_scoreboard.sv(53) @ 502: uvm_test_top.env_alu.sb_alu [SCBD] PASS  a= 97, b=  84, out= 97 exp= 97
UVM_INFO alu_driver.sv(28) @ 504: uvm_test_top.env_alu.agnt_alu.DRIVER [DRIVER] IF A =  95 , B =  76, ctl=0, pi=1, stpin=0
UVM_INFO alu_scoreboard.sv(53) @ 504: uvm_test_top.env_alu.sb_alu [SCBD] PASS  a= 97, b=  84, out= 97 exp= 97
UVM_INFO alu_driver.sv(25) @ 506: uvm_test_top.env_alu.agnt_alu.DRIVER [DRIVER] FOREVER LOOP
UVM_INFO alu_scoreboard.sv(57) @ 506: uvm_test_top.env_alu.sb_alu [SCBD] FAIL  a= 95, b=  76, out= 97 exp= 95
UVM_INFO alu_sequence.sv(17) @ 506: uvm_test_top.env_alu.agnt_alu.SEQUENCER@@seq_alu [SEQUENCE] Repeat Task
UVM_INFO alu_scoreboard.sv(53) @ 508: uvm_test_top.env_alu.sb_alu [SCBD] PASS  a= 95, b=  76, out= 95 exp= 95
UVM_INFO alu_scoreboard.sv(53) @ 510: uvm_test_top.env_alu.sb_alu [SCBD] PASS  a= 95, b=  76, out= 95 exp= 95
UVM_INFO alu_scoreboard.sv(53) @ 512: uvm_test_top.env_alu.sb_alu [SCBD] PASS  a= 95, b=  76, out= 95 exp= 95
UVM_INFO alu_scoreboard.sv(53) @ 514: uvm_test_top.env_alu.sb_alu [SCBD] PASS  a= 95, b=  76, out= 95 exp= 95
UVM_INFO alu_driver.sv(28) @ 516: uvm_test_top.env_alu.agnt_alu.DRIVER [DRIVER] IF A = 122 , B =  61, ctl=0, pi=1, stpin=0
UVM_INFO alu_scoreboard.sv(53) @ 516: uvm_test_top.env_alu.sb_alu [SCBD] PASS  a= 95, b=  76, out= 95 exp= 95
UVM_INFO alu_driver.sv(25) @ 518: uvm_test_top.env_alu.agnt_alu.DRIVER [DRIVER] FOREVER LOOP
UVM_INFO alu_scoreboard.sv(57) @ 518: uvm_test_top.env_alu.sb_alu [SCBD] FAIL  a=122, b=  61, out= 95 exp=122
UVM_INFO alu_sequence.sv(17) @ 518: uvm_test_top.env_alu.agnt_alu.SEQUENCER@@seq_alu [SEQUENCE] Repeat Task
UVM_INFO alu_scoreboard.sv(53) @ 520: uvm_test_top.env_alu.sb_alu [SCBD] PASS  a=122, b=  61, out=122 exp=122
UVM_INFO alu_scoreboard.sv(53) @ 522: uvm_test_top.env_alu.sb_alu [SCBD] PASS  a=122, b=  61, out=122 exp=122
UVM_INFO alu_scoreboard.sv(53) @ 524: uvm_test_top.env_alu.sb_alu [SCBD] PASS  a=122, b=  61, out=122 exp=122
UVM_INFO alu_scoreboard.sv(53) @ 526: uvm_test_top.env_alu.sb_alu [SCBD] PASS  a=122, b=  61, out=122 exp=122
UVM_INFO alu_driver.sv(28) @ 528: uvm_test_top.env_alu.agnt_alu.DRIVER [DRIVER] IF A =   0 , B =   0, ctl=0, pi=1, stpin=0
UVM_INFO alu_scoreboard.sv(53) @ 528: uvm_test_top.env_alu.sb_alu [SCBD] PASS  a=122, b=  61, out=122 exp=122
UVM_INFO alu_driver.sv(25) @ 530: uvm_test_top.env_alu.agnt_alu.DRIVER [DRIVER] FOREVER LOOP
UVM_INFO alu_scoreboard.sv(57) @ 530: uvm_test_top.env_alu.sb_alu [SCBD] FAIL  a=  0, b=   0, out=122 exp=  0
UVM_INFO alu_sequence.sv(17) @ 530: uvm_test_top.env_alu.agnt_alu.SEQUENCER@@seq_alu [SEQUENCE] Repeat Task
UVM_INFO alu_scoreboard.sv(53) @ 532: uvm_test_top.env_alu.sb_alu [SCBD] PASS  a=  0, b=   0, out=  0 exp=  0
UVM_INFO alu_scoreboard.sv(53) @ 534: uvm_test_top.env_alu.sb_alu [SCBD] PASS  a=  0, b=   0, out=  0 exp=  0
UVM_INFO alu_scoreboard.sv(53) @ 536: uvm_test_top.env_alu.sb_alu [SCBD] PASS  a=  0, b=   0, out=  0 exp=  0
UVM_INFO alu_scoreboard.sv(53) @ 538: uvm_test_top.env_alu.sb_alu [SCBD] PASS  a=  0, b=   0, out=  0 exp=  0
UVM_INFO alu_driver.sv(28) @ 540: uvm_test_top.env_alu.agnt_alu.DRIVER [DRIVER] IF A = 126 , B =  58, ctl=0, pi=1, stpin=0
UVM_INFO alu_scoreboard.sv(53) @ 540: uvm_test_top.env_alu.sb_alu [SCBD] PASS  a=  0, b=   0, out=  0 exp=  0
UVM_INFO alu_driver.sv(25) @ 542: uvm_test_top.env_alu.agnt_alu.DRIVER [DRIVER] FOREVER LOOP
UVM_INFO alu_scoreboard.sv(57) @ 542: uvm_test_top.env_alu.sb_alu [SCBD] FAIL  a=126, b=  58, out=  0 exp=126
UVM_INFO alu_sequence.sv(17) @ 542: uvm_test_top.env_alu.agnt_alu.SEQUENCER@@seq_alu [SEQUENCE] Repeat Task
UVM_INFO alu_scoreboard.sv(53) @ 544: uvm_test_top.env_alu.sb_alu [SCBD] PASS  a=126, b=  58, out=126 exp=126
UVM_INFO alu_scoreboard.sv(53) @ 546: uvm_test_top.env_alu.sb_alu [SCBD] PASS  a=126, b=  58, out=126 exp=126
UVM_INFO alu_scoreboard.sv(53) @ 548: uvm_test_top.env_alu.sb_alu [SCBD] PASS  a=126, b=  58, out=126 exp=126
UVM_INFO alu_scoreboard.sv(53) @ 550: uvm_test_top.env_alu.sb_alu [SCBD] PASS  a=126, b=  58, out=126 exp=126
UVM_INFO alu_driver.sv(28) @ 552: uvm_test_top.env_alu.agnt_alu.DRIVER [DRIVER] IF A = 120 , B =  39, ctl=0, pi=1, stpin=0
UVM_INFO alu_scoreboard.sv(53) @ 552: uvm_test_top.env_alu.sb_alu [SCBD] PASS  a=126, b=  58, out=126 exp=126
UVM_INFO alu_driver.sv(25) @ 554: uvm_test_top.env_alu.agnt_alu.DRIVER [DRIVER] FOREVER LOOP
UVM_INFO alu_scoreboard.sv(57) @ 554: uvm_test_top.env_alu.sb_alu [SCBD] FAIL  a=120, b=  39, out=126 exp=120
UVM_INFO alu_sequence.sv(17) @ 554: uvm_test_top.env_alu.agnt_alu.SEQUENCER@@seq_alu [SEQUENCE] Repeat Task
UVM_INFO alu_scoreboard.sv(53) @ 556: uvm_test_top.env_alu.sb_alu [SCBD] PASS  a=120, b=  39, out=120 exp=120
UVM_INFO alu_scoreboard.sv(53) @ 558: uvm_test_top.env_alu.sb_alu [SCBD] PASS  a=120, b=  39, out=120 exp=120
UVM_INFO alu_scoreboard.sv(53) @ 560: uvm_test_top.env_alu.sb_alu [SCBD] PASS  a=120, b=  39, out=120 exp=120
UVM_INFO alu_scoreboard.sv(53) @ 562: uvm_test_top.env_alu.sb_alu [SCBD] PASS  a=120, b=  39, out=120 exp=120
UVM_INFO alu_driver.sv(28) @ 564: uvm_test_top.env_alu.agnt_alu.DRIVER [DRIVER] IF A =  39 , B =  21, ctl=0, pi=1, stpin=0
UVM_INFO alu_scoreboard.sv(53) @ 564: uvm_test_top.env_alu.sb_alu [SCBD] PASS  a=120, b=  39, out=120 exp=120
UVM_INFO alu_driver.sv(25) @ 566: uvm_test_top.env_alu.agnt_alu.DRIVER [DRIVER] FOREVER LOOP
UVM_INFO alu_scoreboard.sv(57) @ 566: uvm_test_top.env_alu.sb_alu [SCBD] FAIL  a= 39, b=  21, out=120 exp= 39
UVM_INFO alu_sequence.sv(17) @ 566: uvm_test_top.env_alu.agnt_alu.SEQUENCER@@seq_alu [SEQUENCE] Repeat Task
UVM_INFO alu_scoreboard.sv(53) @ 568: uvm_test_top.env_alu.sb_alu [SCBD] PASS  a= 39, b=  21, out= 39 exp= 39
UVM_INFO alu_scoreboard.sv(53) @ 570: uvm_test_top.env_alu.sb_alu [SCBD] PASS  a= 39, b=  21, out= 39 exp= 39
UVM_INFO alu_scoreboard.sv(53) @ 572: uvm_test_top.env_alu.sb_alu [SCBD] PASS  a= 39, b=  21, out= 39 exp= 39
UVM_INFO alu_scoreboard.sv(53) @ 574: uvm_test_top.env_alu.sb_alu [SCBD] PASS  a= 39, b=  21, out= 39 exp= 39
UVM_INFO alu_driver.sv(28) @ 576: uvm_test_top.env_alu.agnt_alu.DRIVER [DRIVER] IF A =  49 , B =  39, ctl=0, pi=1, stpin=0
UVM_INFO alu_scoreboard.sv(53) @ 576: uvm_test_top.env_alu.sb_alu [SCBD] PASS  a= 39, b=  21, out= 39 exp= 39
UVM_INFO alu_driver.sv(25) @ 578: uvm_test_top.env_alu.agnt_alu.DRIVER [DRIVER] FOREVER LOOP
UVM_INFO alu_scoreboard.sv(57) @ 578: uvm_test_top.env_alu.sb_alu [SCBD] FAIL  a= 49, b=  39, out= 39 exp= 49
UVM_INFO alu_sequence.sv(17) @ 578: uvm_test_top.env_alu.agnt_alu.SEQUENCER@@seq_alu [SEQUENCE] Repeat Task
UVM_INFO alu_scoreboard.sv(53) @ 580: uvm_test_top.env_alu.sb_alu [SCBD] PASS  a= 49, b=  39, out= 49 exp= 49
UVM_INFO alu_scoreboard.sv(53) @ 582: uvm_test_top.env_alu.sb_alu [SCBD] PASS  a= 49, b=  39, out= 49 exp= 49
UVM_INFO alu_scoreboard.sv(53) @ 584: uvm_test_top.env_alu.sb_alu [SCBD] PASS  a= 49, b=  39, out= 49 exp= 49
UVM_INFO alu_scoreboard.sv(53) @ 586: uvm_test_top.env_alu.sb_alu [SCBD] PASS  a= 49, b=  39, out= 49 exp= 49
UVM_INFO alu_driver.sv(28) @ 588: uvm_test_top.env_alu.agnt_alu.DRIVER [DRIVER] IF A =  93 , B =   2, ctl=0, pi=1, stpin=0
UVM_INFO alu_scoreboard.sv(53) @ 588: uvm_test_top.env_alu.sb_alu [SCBD] PASS  a= 49, b=  39, out= 49 exp= 49
UVM_INFO alu_driver.sv(25) @ 590: uvm_test_top.env_alu.agnt_alu.DRIVER [DRIVER] FOREVER LOOP
UVM_INFO alu_scoreboard.sv(57) @ 590: uvm_test_top.env_alu.sb_alu [SCBD] FAIL  a= 93, b=   2, out= 49 exp= 93
UVM_INFO alu_sequence.sv(17) @ 590: uvm_test_top.env_alu.agnt_alu.SEQUENCER@@seq_alu [SEQUENCE] Repeat Task
UVM_INFO alu_scoreboard.sv(53) @ 592: uvm_test_top.env_alu.sb_alu [SCBD] PASS  a= 93, b=   2, out= 93 exp= 93
UVM_INFO alu_scoreboard.sv(53) @ 594: uvm_test_top.env_alu.sb_alu [SCBD] PASS  a= 93, b=   2, out= 93 exp= 93
UVM_INFO alu_scoreboard.sv(53) @ 596: uvm_test_top.env_alu.sb_alu [SCBD] PASS  a= 93, b=   2, out= 93 exp= 93
UVM_INFO alu_scoreboard.sv(53) @ 598: uvm_test_top.env_alu.sb_alu [SCBD] PASS  a= 93, b=   2, out= 93 exp= 93
UVM_INFO alu_driver.sv(28) @ 600: uvm_test_top.env_alu.agnt_alu.DRIVER [DRIVER] IF A =  79 , B =  11, ctl=0, pi=1, stpin=0
UVM_INFO alu_scoreboard.sv(53) @ 600: uvm_test_top.env_alu.sb_alu [SCBD] PASS  a= 93, b=   2, out= 93 exp= 93
UVM_INFO alu_driver.sv(25) @ 602: uvm_test_top.env_alu.agnt_alu.DRIVER [DRIVER] FOREVER LOOP
UVM_INFO alu_scoreboard.sv(57) @ 602: uvm_test_top.env_alu.sb_alu [SCBD] FAIL  a= 79, b=  11, out= 93 exp= 79
UVM_INFO alu_scoreboard.sv(53) @ 604: uvm_test_top.env_alu.sb_alu [SCBD] PASS  a= 79, b=  11, out= 79 exp= 79
UVM_INFO alu_scoreboard.sv(53) @ 606: uvm_test_top.env_alu.sb_alu [SCBD] PASS  a= 79, b=  11, out= 79 exp= 79
UVM_INFO alu_scoreboard.sv(53) @ 608: uvm_test_top.env_alu.sb_alu [SCBD] PASS  a= 79, b=  11, out= 79 exp= 79
UVM_INFO alu_scoreboard.sv(53) @ 610: uvm_test_top.env_alu.sb_alu [SCBD] PASS  a= 79, b=  11, out= 79 exp= 79
UVM_INFO alu_scoreboard.sv(53) @ 612: uvm_test_top.env_alu.sb_alu [SCBD] PASS  a= 79, b=  11, out= 79 exp= 79
UVM_INFO alu_scoreboard.sv(53) @ 614: uvm_test_top.env_alu.sb_alu [SCBD] PASS  a= 79, b=  11, out= 79 exp= 79
UVM_INFO alu_scoreboard.sv(53) @ 616: uvm_test_top.env_alu.sb_alu [SCBD] PASS  a= 79, b=  11, out= 79 exp= 79
UVM_INFO alu_scoreboard.sv(53) @ 618: uvm_test_top.env_alu.sb_alu [SCBD] PASS  a= 79, b=  11, out= 79 exp= 79
UVM_INFO alu_scoreboard.sv(53) @ 620: uvm_test_top.env_alu.sb_alu [SCBD] PASS  a= 79, b=  11, out= 79 exp= 79
UVM_INFO alu_scoreboard.sv(53) @ 622: uvm_test_top.env_alu.sb_alu [SCBD] PASS  a= 79, b=  11, out= 79 exp= 79
UVM_INFO alu_scoreboard.sv(53) @ 624: uvm_test_top.env_alu.sb_alu [SCBD] PASS  a= 79, b=  11, out= 79 exp= 79
UVM_INFO alu_scoreboard.sv(53) @ 626: uvm_test_top.env_alu.sb_alu [SCBD] PASS  a= 79, b=  11, out= 79 exp= 79
UVM_INFO alu_scoreboard.sv(53) @ 628: uvm_test_top.env_alu.sb_alu [SCBD] PASS  a= 79, b=  11, out= 79 exp= 79
UVM_INFO alu_scoreboard.sv(53) @ 630: uvm_test_top.env_alu.sb_alu [SCBD] PASS  a= 79, b=  11, out= 79 exp= 79
UVM_INFO alu_scoreboard.sv(53) @ 632: uvm_test_top.env_alu.sb_alu [SCBD] PASS  a= 79, b=  11, out= 79 exp= 79
UVM_INFO alu_scoreboard.sv(53) @ 634: uvm_test_top.env_alu.sb_alu [SCBD] PASS  a= 79, b=  11, out= 79 exp= 79
UVM_INFO alu_scoreboard.sv(53) @ 636: uvm_test_top.env_alu.sb_alu [SCBD] PASS  a= 79, b=  11, out= 79 exp= 79
UVM_INFO alu_scoreboard.sv(53) @ 638: uvm_test_top.env_alu.sb_alu [SCBD] PASS  a= 79, b=  11, out= 79 exp= 79
UVM_INFO alu_scoreboard.sv(53) @ 640: uvm_test_top.env_alu.sb_alu [SCBD] PASS  a= 79, b=  11, out= 79 exp= 79
UVM_INFO alu_scoreboard.sv(53) @ 642: uvm_test_top.env_alu.sb_alu [SCBD] PASS  a= 79, b=  11, out= 79 exp= 79
UVM_INFO alu_scoreboard.sv(53) @ 644: uvm_test_top.env_alu.sb_alu [SCBD] PASS  a= 79, b=  11, out= 79 exp= 79
UVM_INFO alu_scoreboard.sv(53) @ 646: uvm_test_top.env_alu.sb_alu [SCBD] PASS  a= 79, b=  11, out= 79 exp= 79
UVM_INFO alu_scoreboard.sv(53) @ 648: uvm_test_top.env_alu.sb_alu [SCBD] PASS  a= 79, b=  11, out= 79 exp= 79
UVM_INFO alu_scoreboard.sv(53) @ 650: uvm_test_top.env_alu.sb_alu [SCBD] PASS  a= 79, b=  11, out= 79 exp= 79
UVM_INFO alu_scoreboard.sv(53) @ 652: uvm_test_top.env_alu.sb_alu [SCBD] PASS  a= 79, b=  11, out= 79 exp= 79
UVM_INFO alu_scoreboard.sv(53) @ 654: uvm_test_top.env_alu.sb_alu [SCBD] PASS  a= 79, b=  11, out= 79 exp= 79
UVM_INFO alu_scoreboard.sv(53) @ 656: uvm_test_top.env_alu.sb_alu [SCBD] PASS  a= 79, b=  11, out= 79 exp= 79
UVM_INFO alu_scoreboard.sv(53) @ 658: uvm_test_top.env_alu.sb_alu [SCBD] PASS  a= 79, b=  11, out= 79 exp= 79
UVM_INFO alu_scoreboard.sv(53) @ 660: uvm_test_top.env_alu.sb_alu [SCBD] PASS  a= 79, b=  11, out= 79 exp= 79
UVM_INFO alu_scoreboard.sv(53) @ 662: uvm_test_top.env_alu.sb_alu [SCBD] PASS  a= 79, b=  11, out= 79 exp= 79
UVM_INFO alu_scoreboard.sv(53) @ 664: uvm_test_top.env_alu.sb_alu [SCBD] PASS  a= 79, b=  11, out= 79 exp= 79
UVM_INFO alu_scoreboard.sv(53) @ 666: uvm_test_top.env_alu.sb_alu [SCBD] PASS  a= 79, b=  11, out= 79 exp= 79
UVM_INFO alu_scoreboard.sv(53) @ 668: uvm_test_top.env_alu.sb_alu [SCBD] PASS  a= 79, b=  11, out= 79 exp= 79
UVM_INFO alu_scoreboard.sv(53) @ 670: uvm_test_top.env_alu.sb_alu [SCBD] PASS  a= 79, b=  11, out= 79 exp= 79
UVM_INFO alu_scoreboard.sv(53) @ 672: uvm_test_top.env_alu.sb_alu [SCBD] PASS  a= 79, b=  11, out= 79 exp= 79
UVM_INFO alu_scoreboard.sv(53) @ 674: uvm_test_top.env_alu.sb_alu [SCBD] PASS  a= 79, b=  11, out= 79 exp= 79
UVM_INFO alu_scoreboard.sv(53) @ 676: uvm_test_top.env_alu.sb_alu [SCBD] PASS  a= 79, b=  11, out= 79 exp= 79
UVM_INFO alu_scoreboard.sv(53) @ 678: uvm_test_top.env_alu.sb_alu [SCBD] PASS  a= 79, b=  11, out= 79 exp= 79
UVM_INFO alu_scoreboard.sv(53) @ 680: uvm_test_top.env_alu.sb_alu [SCBD] PASS  a= 79, b=  11, out= 79 exp= 79
UVM_INFO alu_scoreboard.sv(53) @ 682: uvm_test_top.env_alu.sb_alu [SCBD] PASS  a= 79, b=  11, out= 79 exp= 79
UVM_INFO alu_scoreboard.sv(53) @ 684: uvm_test_top.env_alu.sb_alu [SCBD] PASS  a= 79, b=  11, out= 79 exp= 79
UVM_INFO alu_scoreboard.sv(53) @ 686: uvm_test_top.env_alu.sb_alu [SCBD] PASS  a= 79, b=  11, out= 79 exp= 79
UVM_INFO alu_scoreboard.sv(53) @ 688: uvm_test_top.env_alu.sb_alu [SCBD] PASS  a= 79, b=  11, out= 79 exp= 79
UVM_INFO alu_scoreboard.sv(53) @ 690: uvm_test_top.env_alu.sb_alu [SCBD] PASS  a= 79, b=  11, out= 79 exp= 79
UVM_INFO alu_scoreboard.sv(53) @ 692: uvm_test_top.env_alu.sb_alu [SCBD] PASS  a= 79, b=  11, out= 79 exp= 79
UVM_INFO alu_scoreboard.sv(53) @ 694: uvm_test_top.env_alu.sb_alu [SCBD] PASS  a= 79, b=  11, out= 79 exp= 79
UVM_INFO alu_scoreboard.sv(53) @ 696: uvm_test_top.env_alu.sb_alu [SCBD] PASS  a= 79, b=  11, out= 79 exp= 79
UVM_INFO alu_scoreboard.sv(53) @ 698: uvm_test_top.env_alu.sb_alu [SCBD] PASS  a= 79, b=  11, out= 79 exp= 79
UVM_INFO alu_scoreboard.sv(53) @ 700: uvm_test_top.env_alu.sb_alu [SCBD] PASS  a= 79, b=  11, out= 79 exp= 79
UVM_INFO alu_scoreboard.sv(53) @ 702: uvm_test_top.env_alu.sb_alu [SCBD] PASS  a= 79, b=  11, out= 79 exp= 79
UVM_INFO alu_scoreboard.sv(53) @ 704: uvm_test_top.env_alu.sb_alu [SCBD] PASS  a= 79, b=  11, out= 79 exp= 79
UVM_INFO alu_scoreboard.sv(53) @ 706: uvm_test_top.env_alu.sb_alu [SCBD] PASS  a= 79, b=  11, out= 79 exp= 79
UVM_INFO alu_scoreboard.sv(53) @ 708: uvm_test_top.env_alu.sb_alu [SCBD] PASS  a= 79, b=  11, out= 79 exp= 79
UVM_INFO alu_scoreboard.sv(53) @ 710: uvm_test_top.env_alu.sb_alu [SCBD] PASS  a= 79, b=  11, out= 79 exp= 79
UVM_INFO alu_scoreboard.sv(53) @ 712: uvm_test_top.env_alu.sb_alu [SCBD] PASS  a= 79, b=  11, out= 79 exp= 79
UVM_INFO alu_scoreboard.sv(53) @ 714: uvm_test_top.env_alu.sb_alu [SCBD] PASS  a= 79, b=  11, out= 79 exp= 79
UVM_INFO alu_scoreboard.sv(53) @ 716: uvm_test_top.env_alu.sb_alu [SCBD] PASS  a= 79, b=  11, out= 79 exp= 79
UVM_INFO alu_scoreboard.sv(53) @ 718: uvm_test_top.env_alu.sb_alu [SCBD] PASS  a= 79, b=  11, out= 79 exp= 79
UVM_INFO alu_scoreboard.sv(53) @ 720: uvm_test_top.env_alu.sb_alu [SCBD] PASS  a= 79, b=  11, out= 79 exp= 79
UVM_INFO alu_scoreboard.sv(53) @ 722: uvm_test_top.env_alu.sb_alu [SCBD] PASS  a= 79, b=  11, out= 79 exp= 79
UVM_INFO alu_scoreboard.sv(53) @ 724: uvm_test_top.env_alu.sb_alu [SCBD] PASS  a= 79, b=  11, out= 79 exp= 79
UVM_INFO alu_scoreboard.sv(53) @ 726: uvm_test_top.env_alu.sb_alu [SCBD] PASS  a= 79, b=  11, out= 79 exp= 79
UVM_INFO alu_scoreboard.sv(53) @ 728: uvm_test_top.env_alu.sb_alu [SCBD] PASS  a= 79, b=  11, out= 79 exp= 79
UVM_INFO alu_scoreboard.sv(53) @ 730: uvm_test_top.env_alu.sb_alu [SCBD] PASS  a= 79, b=  11, out= 79 exp= 79
UVM_INFO alu_scoreboard.sv(53) @ 732: uvm_test_top.env_alu.sb_alu [SCBD] PASS  a= 79, b=  11, out= 79 exp= 79
UVM_INFO alu_scoreboard.sv(53) @ 734: uvm_test_top.env_alu.sb_alu [SCBD] PASS  a= 79, b=  11, out= 79 exp= 79
UVM_INFO alu_scoreboard.sv(53) @ 736: uvm_test_top.env_alu.sb_alu [SCBD] PASS  a= 79, b=  11, out= 79 exp= 79
UVM_INFO alu_scoreboard.sv(53) @ 738: uvm_test_top.env_alu.sb_alu [SCBD] PASS  a= 79, b=  11, out= 79 exp= 79
UVM_INFO alu_scoreboard.sv(53) @ 740: uvm_test_top.env_alu.sb_alu [SCBD] PASS  a= 79, b=  11, out= 79 exp= 79
UVM_INFO alu_scoreboard.sv(53) @ 742: uvm_test_top.env_alu.sb_alu [SCBD] PASS  a= 79, b=  11, out= 79 exp= 79
UVM_INFO alu_scoreboard.sv(53) @ 744: uvm_test_top.env_alu.sb_alu [SCBD] PASS  a= 79, b=  11, out= 79 exp= 79
UVM_INFO alu_scoreboard.sv(53) @ 746: uvm_test_top.env_alu.sb_alu [SCBD] PASS  a= 79, b=  11, out= 79 exp= 79
UVM_INFO alu_scoreboard.sv(53) @ 748: uvm_test_top.env_alu.sb_alu [SCBD] PASS  a= 79, b=  11, out= 79 exp= 79
UVM_INFO alu_scoreboard.sv(53) @ 750: uvm_test_top.env_alu.sb_alu [SCBD] PASS  a= 79, b=  11, out= 79 exp= 79
UVM_INFO alu_scoreboard.sv(53) @ 752: uvm_test_top.env_alu.sb_alu [SCBD] PASS  a= 79, b=  11, out= 79 exp= 79
UVM_INFO alu_scoreboard.sv(53) @ 754: uvm_test_top.env_alu.sb_alu [SCBD] PASS  a= 79, b=  11, out= 79 exp= 79
UVM_INFO alu_scoreboard.sv(53) @ 756: uvm_test_top.env_alu.sb_alu [SCBD] PASS  a= 79, b=  11, out= 79 exp= 79
UVM_INFO alu_scoreboard.sv(53) @ 758: uvm_test_top.env_alu.sb_alu [SCBD] PASS  a= 79, b=  11, out= 79 exp= 79
UVM_INFO alu_scoreboard.sv(53) @ 760: uvm_test_top.env_alu.sb_alu [SCBD] PASS  a= 79, b=  11, out= 79 exp= 79
UVM_INFO alu_scoreboard.sv(53) @ 762: uvm_test_top.env_alu.sb_alu [SCBD] PASS  a= 79, b=  11, out= 79 exp= 79
UVM_INFO alu_scoreboard.sv(53) @ 764: uvm_test_top.env_alu.sb_alu [SCBD] PASS  a= 79, b=  11, out= 79 exp= 79
UVM_INFO alu_scoreboard.sv(53) @ 766: uvm_test_top.env_alu.sb_alu [SCBD] PASS  a= 79, b=  11, out= 79 exp= 79
UVM_INFO alu_scoreboard.sv(53) @ 768: uvm_test_top.env_alu.sb_alu [SCBD] PASS  a= 79, b=  11, out= 79 exp= 79
UVM_INFO alu_scoreboard.sv(53) @ 770: uvm_test_top.env_alu.sb_alu [SCBD] PASS  a= 79, b=  11, out= 79 exp= 79
UVM_INFO alu_scoreboard.sv(53) @ 772: uvm_test_top.env_alu.sb_alu [SCBD] PASS  a= 79, b=  11, out= 79 exp= 79
UVM_INFO alu_scoreboard.sv(53) @ 774: uvm_test_top.env_alu.sb_alu [SCBD] PASS  a= 79, b=  11, out= 79 exp= 79
UVM_INFO alu_scoreboard.sv(53) @ 776: uvm_test_top.env_alu.sb_alu [SCBD] PASS  a= 79, b=  11, out= 79 exp= 79
UVM_INFO alu_scoreboard.sv(53) @ 778: uvm_test_top.env_alu.sb_alu [SCBD] PASS  a= 79, b=  11, out= 79 exp= 79
UVM_INFO alu_scoreboard.sv(53) @ 780: uvm_test_top.env_alu.sb_alu [SCBD] PASS  a= 79, b=  11, out= 79 exp= 79
UVM_INFO alu_scoreboard.sv(53) @ 782: uvm_test_top.env_alu.sb_alu [SCBD] PASS  a= 79, b=  11, out= 79 exp= 79
UVM_INFO alu_scoreboard.sv(53) @ 784: uvm_test_top.env_alu.sb_alu [SCBD] PASS  a= 79, b=  11, out= 79 exp= 79
UVM_INFO alu_scoreboard.sv(53) @ 786: uvm_test_top.env_alu.sb_alu [SCBD] PASS  a= 79, b=  11, out= 79 exp= 79
UVM_INFO alu_scoreboard.sv(53) @ 788: uvm_test_top.env_alu.sb_alu [SCBD] PASS  a= 79, b=  11, out= 79 exp= 79
UVM_INFO alu_scoreboard.sv(53) @ 790: uvm_test_top.env_alu.sb_alu [SCBD] PASS  a= 79, b=  11, out= 79 exp= 79
UVM_INFO alu_scoreboard.sv(53) @ 792: uvm_test_top.env_alu.sb_alu [SCBD] PASS  a= 79, b=  11, out= 79 exp= 79
UVM_INFO alu_scoreboard.sv(53) @ 794: uvm_test_top.env_alu.sb_alu [SCBD] PASS  a= 79, b=  11, out= 79 exp= 79
UVM_INFO alu_scoreboard.sv(53) @ 796: uvm_test_top.env_alu.sb_alu [SCBD] PASS  a= 79, b=  11, out= 79 exp= 79
UVM_INFO alu_scoreboard.sv(53) @ 798: uvm_test_top.env_alu.sb_alu [SCBD] PASS  a= 79, b=  11, out= 79 exp= 79
UVM_INFO alu_scoreboard.sv(53) @ 800: uvm_test_top.env_alu.sb_alu [SCBD] PASS  a= 79, b=  11, out= 79 exp= 79
UVM_INFO alu_scoreboard.sv(53) @ 802: uvm_test_top.env_alu.sb_alu [SCBD] PASS  a= 79, b=  11, out= 79 exp= 79
UVM_INFO alu_scoreboard.sv(53) @ 804: uvm_test_top.env_alu.sb_alu [SCBD] PASS  a= 79, b=  11, out= 79 exp= 79
UVM_INFO alu_scoreboard.sv(53) @ 806: uvm_test_top.env_alu.sb_alu [SCBD] PASS  a= 79, b=  11, out= 79 exp= 79
UVM_INFO alu_scoreboard.sv(53) @ 808: uvm_test_top.env_alu.sb_alu [SCBD] PASS  a= 79, b=  11, out= 79 exp= 79
UVM_INFO alu_scoreboard.sv(53) @ 810: uvm_test_top.env_alu.sb_alu [SCBD] PASS  a= 79, b=  11, out= 79 exp= 79
UVM_INFO alu_scoreboard.sv(53) @ 812: uvm_test_top.env_alu.sb_alu [SCBD] PASS  a= 79, b=  11, out= 79 exp= 79
UVM_INFO alu_scoreboard.sv(53) @ 814: uvm_test_top.env_alu.sb_alu [SCBD] PASS  a= 79, b=  11, out= 79 exp= 79
UVM_INFO alu_scoreboard.sv(53) @ 816: uvm_test_top.env_alu.sb_alu [SCBD] PASS  a= 79, b=  11, out= 79 exp= 79
UVM_INFO alu_scoreboard.sv(53) @ 818: uvm_test_top.env_alu.sb_alu [SCBD] PASS  a= 79, b=  11, out= 79 exp= 79
UVM_INFO alu_scoreboard.sv(53) @ 820: uvm_test_top.env_alu.sb_alu [SCBD] PASS  a= 79, b=  11, out= 79 exp= 79
UVM_INFO alu_scoreboard.sv(53) @ 822: uvm_test_top.env_alu.sb_alu [SCBD] PASS  a= 79, b=  11, out= 79 exp= 79
UVM_INFO alu_scoreboard.sv(53) @ 824: uvm_test_top.env_alu.sb_alu [SCBD] PASS  a= 79, b=  11, out= 79 exp= 79
UVM_INFO alu_scoreboard.sv(53) @ 826: uvm_test_top.env_alu.sb_alu [SCBD] PASS  a= 79, b=  11, out= 79 exp= 79
UVM_INFO alu_scoreboard.sv(53) @ 828: uvm_test_top.env_alu.sb_alu [SCBD] PASS  a= 79, b=  11, out= 79 exp= 79
UVM_INFO alu_scoreboard.sv(53) @ 830: uvm_test_top.env_alu.sb_alu [SCBD] PASS  a= 79, b=  11, out= 79 exp= 79
UVM_INFO alu_scoreboard.sv(53) @ 832: uvm_test_top.env_alu.sb_alu [SCBD] PASS  a= 79, b=  11, out= 79 exp= 79
UVM_INFO alu_scoreboard.sv(53) @ 834: uvm_test_top.env_alu.sb_alu [SCBD] PASS  a= 79, b=  11, out= 79 exp= 79
UVM_INFO alu_scoreboard.sv(53) @ 836: uvm_test_top.env_alu.sb_alu [SCBD] PASS  a= 79, b=  11, out= 79 exp= 79
UVM_INFO alu_scoreboard.sv(53) @ 838: uvm_test_top.env_alu.sb_alu [SCBD] PASS  a= 79, b=  11, out= 79 exp= 79
UVM_INFO alu_scoreboard.sv(53) @ 840: uvm_test_top.env_alu.sb_alu [SCBD] PASS  a= 79, b=  11, out= 79 exp= 79
UVM_INFO alu_scoreboard.sv(53) @ 842: uvm_test_top.env_alu.sb_alu [SCBD] PASS  a= 79, b=  11, out= 79 exp= 79
UVM_INFO alu_scoreboard.sv(53) @ 844: uvm_test_top.env_alu.sb_alu [SCBD] PASS  a= 79, b=  11, out= 79 exp= 79
UVM_INFO alu_scoreboard.sv(53) @ 846: uvm_test_top.env_alu.sb_alu [SCBD] PASS  a= 79, b=  11, out= 79 exp= 79
UVM_INFO alu_scoreboard.sv(53) @ 848: uvm_test_top.env_alu.sb_alu [SCBD] PASS  a= 79, b=  11, out= 79 exp= 79
UVM_INFO alu_scoreboard.sv(53) @ 850: uvm_test_top.env_alu.sb_alu [SCBD] PASS  a= 79, b=  11, out= 79 exp= 79
UVM_INFO alu_scoreboard.sv(53) @ 852: uvm_test_top.env_alu.sb_alu [SCBD] PASS  a= 79, b=  11, out= 79 exp= 79
UVM_INFO alu_scoreboard.sv(53) @ 854: uvm_test_top.env_alu.sb_alu [SCBD] PASS  a= 79, b=  11, out= 79 exp= 79
UVM_INFO alu_scoreboard.sv(53) @ 856: uvm_test_top.env_alu.sb_alu [SCBD] PASS  a= 79, b=  11, out= 79 exp= 79
UVM_INFO alu_scoreboard.sv(53) @ 858: uvm_test_top.env_alu.sb_alu [SCBD] PASS  a= 79, b=  11, out= 79 exp= 79
UVM_INFO alu_scoreboard.sv(53) @ 860: uvm_test_top.env_alu.sb_alu [SCBD] PASS  a= 79, b=  11, out= 79 exp= 79
UVM_INFO alu_scoreboard.sv(53) @ 862: uvm_test_top.env_alu.sb_alu [SCBD] PASS  a= 79, b=  11, out= 79 exp= 79
UVM_INFO alu_scoreboard.sv(53) @ 864: uvm_test_top.env_alu.sb_alu [SCBD] PASS  a= 79, b=  11, out= 79 exp= 79
UVM_INFO alu_scoreboard.sv(53) @ 866: uvm_test_top.env_alu.sb_alu [SCBD] PASS  a= 79, b=  11, out= 79 exp= 79
UVM_INFO alu_scoreboard.sv(53) @ 868: uvm_test_top.env_alu.sb_alu [SCBD] PASS  a= 79, b=  11, out= 79 exp= 79
UVM_INFO alu_scoreboard.sv(53) @ 870: uvm_test_top.env_alu.sb_alu [SCBD] PASS  a= 79, b=  11, out= 79 exp= 79
UVM_INFO alu_scoreboard.sv(53) @ 872: uvm_test_top.env_alu.sb_alu [SCBD] PASS  a= 79, b=  11, out= 79 exp= 79
UVM_INFO alu_scoreboard.sv(53) @ 874: uvm_test_top.env_alu.sb_alu [SCBD] PASS  a= 79, b=  11, out= 79 exp= 79
UVM_INFO alu_scoreboard.sv(53) @ 876: uvm_test_top.env_alu.sb_alu [SCBD] PASS  a= 79, b=  11, out= 79 exp= 79
UVM_INFO alu_scoreboard.sv(53) @ 878: uvm_test_top.env_alu.sb_alu [SCBD] PASS  a= 79, b=  11, out= 79 exp= 79
UVM_INFO alu_scoreboard.sv(53) @ 880: uvm_test_top.env_alu.sb_alu [SCBD] PASS  a= 79, b=  11, out= 79 exp= 79
UVM_INFO alu_scoreboard.sv(53) @ 882: uvm_test_top.env_alu.sb_alu [SCBD] PASS  a= 79, b=  11, out= 79 exp= 79
UVM_INFO alu_scoreboard.sv(53) @ 884: uvm_test_top.env_alu.sb_alu [SCBD] PASS  a= 79, b=  11, out= 79 exp= 79
UVM_INFO alu_scoreboard.sv(53) @ 886: uvm_test_top.env_alu.sb_alu [SCBD] PASS  a= 79, b=  11, out= 79 exp= 79
UVM_INFO alu_scoreboard.sv(53) @ 888: uvm_test_top.env_alu.sb_alu [SCBD] PASS  a= 79, b=  11, out= 79 exp= 79
UVM_INFO alu_scoreboard.sv(53) @ 890: uvm_test_top.env_alu.sb_alu [SCBD] PASS  a= 79, b=  11, out= 79 exp= 79
UVM_INFO alu_scoreboard.sv(53) @ 892: uvm_test_top.env_alu.sb_alu [SCBD] PASS  a= 79, b=  11, out= 79 exp= 79
UVM_INFO alu_scoreboard.sv(53) @ 894: uvm_test_top.env_alu.sb_alu [SCBD] PASS  a= 79, b=  11, out= 79 exp= 79
UVM_INFO alu_scoreboard.sv(53) @ 896: uvm_test_top.env_alu.sb_alu [SCBD] PASS  a= 79, b=  11, out= 79 exp= 79
UVM_INFO alu_scoreboard.sv(53) @ 898: uvm_test_top.env_alu.sb_alu [SCBD] PASS  a= 79, b=  11, out= 79 exp= 79
UVM_INFO alu_scoreboard.sv(53) @ 900: uvm_test_top.env_alu.sb_alu [SCBD] PASS  a= 79, b=  11, out= 79 exp= 79
UVM_INFO alu_scoreboard.sv(53) @ 902: uvm_test_top.env_alu.sb_alu [SCBD] PASS  a= 79, b=  11, out= 79 exp= 79
UVM_INFO alu_scoreboard.sv(53) @ 904: uvm_test_top.env_alu.sb_alu [SCBD] PASS  a= 79, b=  11, out= 79 exp= 79
UVM_INFO alu_scoreboard.sv(53) @ 906: uvm_test_top.env_alu.sb_alu [SCBD] PASS  a= 79, b=  11, out= 79 exp= 79
UVM_INFO alu_scoreboard.sv(53) @ 908: uvm_test_top.env_alu.sb_alu [SCBD] PASS  a= 79, b=  11, out= 79 exp= 79
UVM_INFO alu_scoreboard.sv(53) @ 910: uvm_test_top.env_alu.sb_alu [SCBD] PASS  a= 79, b=  11, out= 79 exp= 79
UVM_INFO alu_scoreboard.sv(53) @ 912: uvm_test_top.env_alu.sb_alu [SCBD] PASS  a= 79, b=  11, out= 79 exp= 79
UVM_INFO alu_scoreboard.sv(53) @ 914: uvm_test_top.env_alu.sb_alu [SCBD] PASS  a= 79, b=  11, out= 79 exp= 79
UVM_INFO alu_scoreboard.sv(53) @ 916: uvm_test_top.env_alu.sb_alu [SCBD] PASS  a= 79, b=  11, out= 79 exp= 79
UVM_INFO alu_scoreboard.sv(53) @ 918: uvm_test_top.env_alu.sb_alu [SCBD] PASS  a= 79, b=  11, out= 79 exp= 79
UVM_INFO alu_scoreboard.sv(53) @ 920: uvm_test_top.env_alu.sb_alu [SCBD] PASS  a= 79, b=  11, out= 79 exp= 79
UVM_INFO alu_scoreboard.sv(53) @ 922: uvm_test_top.env_alu.sb_alu [SCBD] PASS  a= 79, b=  11, out= 79 exp= 79
UVM_INFO alu_scoreboard.sv(53) @ 924: uvm_test_top.env_alu.sb_alu [SCBD] PASS  a= 79, b=  11, out= 79 exp= 79
UVM_INFO alu_scoreboard.sv(53) @ 926: uvm_test_top.env_alu.sb_alu [SCBD] PASS  a= 79, b=  11, out= 79 exp= 79
UVM_INFO alu_scoreboard.sv(53) @ 928: uvm_test_top.env_alu.sb_alu [SCBD] PASS  a= 79, b=  11, out= 79 exp= 79
UVM_INFO alu_scoreboard.sv(53) @ 930: uvm_test_top.env_alu.sb_alu [SCBD] PASS  a= 79, b=  11, out= 79 exp= 79
UVM_INFO alu_scoreboard.sv(53) @ 932: uvm_test_top.env_alu.sb_alu [SCBD] PASS  a= 79, b=  11, out= 79 exp= 79
UVM_INFO alu_scoreboard.sv(53) @ 934: uvm_test_top.env_alu.sb_alu [SCBD] PASS  a= 79, b=  11, out= 79 exp= 79
UVM_INFO alu_scoreboard.sv(53) @ 936: uvm_test_top.env_alu.sb_alu [SCBD] PASS  a= 79, b=  11, out= 79 exp= 79
UVM_INFO alu_scoreboard.sv(53) @ 938: uvm_test_top.env_alu.sb_alu [SCBD] PASS  a= 79, b=  11, out= 79 exp= 79
UVM_INFO alu_scoreboard.sv(53) @ 940: uvm_test_top.env_alu.sb_alu [SCBD] PASS  a= 79, b=  11, out= 79 exp= 79
UVM_INFO alu_scoreboard.sv(53) @ 942: uvm_test_top.env_alu.sb_alu [SCBD] PASS  a= 79, b=  11, out= 79 exp= 79
UVM_INFO alu_scoreboard.sv(53) @ 944: uvm_test_top.env_alu.sb_alu [SCBD] PASS  a= 79, b=  11, out= 79 exp= 79
UVM_INFO alu_scoreboard.sv(53) @ 946: uvm_test_top.env_alu.sb_alu [SCBD] PASS  a= 79, b=  11, out= 79 exp= 79
UVM_INFO alu_scoreboard.sv(53) @ 948: uvm_test_top.env_alu.sb_alu [SCBD] PASS  a= 79, b=  11, out= 79 exp= 79
UVM_INFO alu_scoreboard.sv(53) @ 950: uvm_test_top.env_alu.sb_alu [SCBD] PASS  a= 79, b=  11, out= 79 exp= 79
UVM_INFO alu_scoreboard.sv(53) @ 952: uvm_test_top.env_alu.sb_alu [SCBD] PASS  a= 79, b=  11, out= 79 exp= 79
UVM_INFO alu_scoreboard.sv(53) @ 954: uvm_test_top.env_alu.sb_alu [SCBD] PASS  a= 79, b=  11, out= 79 exp= 79
UVM_INFO alu_scoreboard.sv(53) @ 956: uvm_test_top.env_alu.sb_alu [SCBD] PASS  a= 79, b=  11, out= 79 exp= 79
UVM_INFO alu_scoreboard.sv(53) @ 958: uvm_test_top.env_alu.sb_alu [SCBD] PASS  a= 79, b=  11, out= 79 exp= 79
UVM_INFO alu_scoreboard.sv(53) @ 960: uvm_test_top.env_alu.sb_alu [SCBD] PASS  a= 79, b=  11, out= 79 exp= 79
UVM_INFO alu_scoreboard.sv(53) @ 962: uvm_test_top.env_alu.sb_alu [SCBD] PASS  a= 79, b=  11, out= 79 exp= 79
UVM_INFO alu_scoreboard.sv(53) @ 964: uvm_test_top.env_alu.sb_alu [SCBD] PASS  a= 79, b=  11, out= 79 exp= 79
UVM_INFO alu_scoreboard.sv(53) @ 966: uvm_test_top.env_alu.sb_alu [SCBD] PASS  a= 79, b=  11, out= 79 exp= 79
UVM_INFO alu_scoreboard.sv(53) @ 968: uvm_test_top.env_alu.sb_alu [SCBD] PASS  a= 79, b=  11, out= 79 exp= 79
UVM_INFO alu_scoreboard.sv(53) @ 970: uvm_test_top.env_alu.sb_alu [SCBD] PASS  a= 79, b=  11, out= 79 exp= 79
UVM_INFO alu_scoreboard.sv(53) @ 972: uvm_test_top.env_alu.sb_alu [SCBD] PASS  a= 79, b=  11, out= 79 exp= 79
UVM_INFO alu_scoreboard.sv(53) @ 974: uvm_test_top.env_alu.sb_alu [SCBD] PASS  a= 79, b=  11, out= 79 exp= 79
UVM_INFO alu_scoreboard.sv(53) @ 976: uvm_test_top.env_alu.sb_alu [SCBD] PASS  a= 79, b=  11, out= 79 exp= 79
UVM_INFO alu_scoreboard.sv(53) @ 978: uvm_test_top.env_alu.sb_alu [SCBD] PASS  a= 79, b=  11, out= 79 exp= 79
UVM_INFO alu_scoreboard.sv(53) @ 980: uvm_test_top.env_alu.sb_alu [SCBD] PASS  a= 79, b=  11, out= 79 exp= 79
UVM_INFO alu_scoreboard.sv(53) @ 982: uvm_test_top.env_alu.sb_alu [SCBD] PASS  a= 79, b=  11, out= 79 exp= 79
UVM_INFO alu_scoreboard.sv(53) @ 984: uvm_test_top.env_alu.sb_alu [SCBD] PASS  a= 79, b=  11, out= 79 exp= 79
UVM_INFO alu_scoreboard.sv(53) @ 986: uvm_test_top.env_alu.sb_alu [SCBD] PASS  a= 79, b=  11, out= 79 exp= 79
UVM_INFO alu_scoreboard.sv(53) @ 988: uvm_test_top.env_alu.sb_alu [SCBD] PASS  a= 79, b=  11, out= 79 exp= 79
UVM_INFO alu_scoreboard.sv(53) @ 990: uvm_test_top.env_alu.sb_alu [SCBD] PASS  a= 79, b=  11, out= 79 exp= 79
UVM_INFO alu_scoreboard.sv(53) @ 992: uvm_test_top.env_alu.sb_alu [SCBD] PASS  a= 79, b=  11, out= 79 exp= 79
UVM_INFO alu_scoreboard.sv(53) @ 994: uvm_test_top.env_alu.sb_alu [SCBD] PASS  a= 79, b=  11, out= 79 exp= 79
UVM_INFO alu_scoreboard.sv(53) @ 996: uvm_test_top.env_alu.sb_alu [SCBD] PASS  a= 79, b=  11, out= 79 exp= 79
UVM_INFO alu_scoreboard.sv(53) @ 998: uvm_test_top.env_alu.sb_alu [SCBD] PASS  a= 79, b=  11, out= 79 exp= 79
UVM_INFO alu_scoreboard.sv(53) @ 1000: uvm_test_top.env_alu.sb_alu [SCBD] PASS  a= 79, b=  11, out= 79 exp= 79
UVM_INFO alu_scoreboard.sv(53) @ 1002: uvm_test_top.env_alu.sb_alu [SCBD] PASS  a= 79, b=  11, out= 79 exp= 79
UVM_INFO alu_scoreboard.sv(53) @ 1004: uvm_test_top.env_alu.sb_alu [SCBD] PASS  a= 79, b=  11, out= 79 exp= 79
UVM_INFO alu_scoreboard.sv(53) @ 1006: uvm_test_top.env_alu.sb_alu [SCBD] PASS  a= 79, b=  11, out= 79 exp= 79
UVM_INFO alu_scoreboard.sv(53) @ 1008: uvm_test_top.env_alu.sb_alu [SCBD] PASS  a= 79, b=  11, out= 79 exp= 79
UVM_INFO alu_scoreboard.sv(53) @ 1010: uvm_test_top.env_alu.sb_alu [SCBD] PASS  a= 79, b=  11, out= 79 exp= 79
UVM_INFO alu_scoreboard.sv(53) @ 1012: uvm_test_top.env_alu.sb_alu [SCBD] PASS  a= 79, b=  11, out= 79 exp= 79
UVM_INFO alu_scoreboard.sv(53) @ 1014: uvm_test_top.env_alu.sb_alu [SCBD] PASS  a= 79, b=  11, out= 79 exp= 79
UVM_INFO alu_scoreboard.sv(53) @ 1016: uvm_test_top.env_alu.sb_alu [SCBD] PASS  a= 79, b=  11, out= 79 exp= 79
UVM_INFO alu_scoreboard.sv(53) @ 1018: uvm_test_top.env_alu.sb_alu [SCBD] PASS  a= 79, b=  11, out= 79 exp= 79
UVM_INFO alu_scoreboard.sv(53) @ 1020: uvm_test_top.env_alu.sb_alu [SCBD] PASS  a= 79, b=  11, out= 79 exp= 79
UVM_INFO alu_scoreboard.sv(53) @ 1022: uvm_test_top.env_alu.sb_alu [SCBD] PASS  a= 79, b=  11, out= 79 exp= 79
UVM_INFO alu_scoreboard.sv(53) @ 1024: uvm_test_top.env_alu.sb_alu [SCBD] PASS  a= 79, b=  11, out= 79 exp= 79
UVM_INFO alu_scoreboard.sv(53) @ 1026: uvm_test_top.env_alu.sb_alu [SCBD] PASS  a= 79, b=  11, out= 79 exp= 79
UVM_INFO alu_scoreboard.sv(53) @ 1028: uvm_test_top.env_alu.sb_alu [SCBD] PASS  a= 79, b=  11, out= 79 exp= 79
UVM_INFO alu_scoreboard.sv(53) @ 1030: uvm_test_top.env_alu.sb_alu [SCBD] PASS  a= 79, b=  11, out= 79 exp= 79
UVM_INFO alu_scoreboard.sv(53) @ 1032: uvm_test_top.env_alu.sb_alu [SCBD] PASS  a= 79, b=  11, out= 79 exp= 79
UVM_INFO alu_scoreboard.sv(53) @ 1034: uvm_test_top.env_alu.sb_alu [SCBD] PASS  a= 79, b=  11, out= 79 exp= 79
UVM_INFO alu_scoreboard.sv(53) @ 1036: uvm_test_top.env_alu.sb_alu [SCBD] PASS  a= 79, b=  11, out= 79 exp= 79
UVM_INFO alu_scoreboard.sv(53) @ 1038: uvm_test_top.env_alu.sb_alu [SCBD] PASS  a= 79, b=  11, out= 79 exp= 79
UVM_INFO alu_scoreboard.sv(53) @ 1040: uvm_test_top.env_alu.sb_alu [SCBD] PASS  a= 79, b=  11, out= 79 exp= 79
UVM_INFO alu_scoreboard.sv(53) @ 1042: uvm_test_top.env_alu.sb_alu [SCBD] PASS  a= 79, b=  11, out= 79 exp= 79
UVM_INFO alu_scoreboard.sv(53) @ 1044: uvm_test_top.env_alu.sb_alu [SCBD] PASS  a= 79, b=  11, out= 79 exp= 79
UVM_INFO alu_scoreboard.sv(53) @ 1046: uvm_test_top.env_alu.sb_alu [SCBD] PASS  a= 79, b=  11, out= 79 exp= 79
UVM_INFO alu_scoreboard.sv(53) @ 1048: uvm_test_top.env_alu.sb_alu [SCBD] PASS  a= 79, b=  11, out= 79 exp= 79
UVM_INFO alu_scoreboard.sv(53) @ 1050: uvm_test_top.env_alu.sb_alu [SCBD] PASS  a= 79, b=  11, out= 79 exp= 79
UVM_INFO alu_scoreboard.sv(53) @ 1052: uvm_test_top.env_alu.sb_alu [SCBD] PASS  a= 79, b=  11, out= 79 exp= 79
UVM_INFO alu_scoreboard.sv(53) @ 1054: uvm_test_top.env_alu.sb_alu [SCBD] PASS  a= 79, b=  11, out= 79 exp= 79
UVM_INFO alu_scoreboard.sv(53) @ 1056: uvm_test_top.env_alu.sb_alu [SCBD] PASS  a= 79, b=  11, out= 79 exp= 79
UVM_INFO alu_scoreboard.sv(53) @ 1058: uvm_test_top.env_alu.sb_alu [SCBD] PASS  a= 79, b=  11, out= 79 exp= 79
UVM_INFO alu_scoreboard.sv(53) @ 1060: uvm_test_top.env_alu.sb_alu [SCBD] PASS  a= 79, b=  11, out= 79 exp= 79
UVM_INFO alu_scoreboard.sv(53) @ 1062: uvm_test_top.env_alu.sb_alu [SCBD] PASS  a= 79, b=  11, out= 79 exp= 79
UVM_INFO alu_scoreboard.sv(53) @ 1064: uvm_test_top.env_alu.sb_alu [SCBD] PASS  a= 79, b=  11, out= 79 exp= 79
UVM_INFO alu_scoreboard.sv(53) @ 1066: uvm_test_top.env_alu.sb_alu [SCBD] PASS  a= 79, b=  11, out= 79 exp= 79
UVM_INFO alu_scoreboard.sv(53) @ 1068: uvm_test_top.env_alu.sb_alu [SCBD] PASS  a= 79, b=  11, out= 79 exp= 79
UVM_INFO alu_scoreboard.sv(53) @ 1070: uvm_test_top.env_alu.sb_alu [SCBD] PASS  a= 79, b=  11, out= 79 exp= 79
UVM_INFO alu_scoreboard.sv(53) @ 1072: uvm_test_top.env_alu.sb_alu [SCBD] PASS  a= 79, b=  11, out= 79 exp= 79
UVM_INFO alu_scoreboard.sv(53) @ 1074: uvm_test_top.env_alu.sb_alu [SCBD] PASS  a= 79, b=  11, out= 79 exp= 79
UVM_INFO alu_scoreboard.sv(53) @ 1076: uvm_test_top.env_alu.sb_alu [SCBD] PASS  a= 79, b=  11, out= 79 exp= 79
UVM_INFO alu_scoreboard.sv(53) @ 1078: uvm_test_top.env_alu.sb_alu [SCBD] PASS  a= 79, b=  11, out= 79 exp= 79
UVM_INFO alu_scoreboard.sv(53) @ 1080: uvm_test_top.env_alu.sb_alu [SCBD] PASS  a= 79, b=  11, out= 79 exp= 79
UVM_INFO alu_scoreboard.sv(53) @ 1082: uvm_test_top.env_alu.sb_alu [SCBD] PASS  a= 79, b=  11, out= 79 exp= 79
UVM_INFO alu_scoreboard.sv(53) @ 1084: uvm_test_top.env_alu.sb_alu [SCBD] PASS  a= 79, b=  11, out= 79 exp= 79
UVM_INFO alu_scoreboard.sv(53) @ 1086: uvm_test_top.env_alu.sb_alu [SCBD] PASS  a= 79, b=  11, out= 79 exp= 79
UVM_INFO alu_scoreboard.sv(53) @ 1088: uvm_test_top.env_alu.sb_alu [SCBD] PASS  a= 79, b=  11, out= 79 exp= 79
UVM_INFO alu_scoreboard.sv(53) @ 1090: uvm_test_top.env_alu.sb_alu [SCBD] PASS  a= 79, b=  11, out= 79 exp= 79
UVM_INFO alu_scoreboard.sv(53) @ 1092: uvm_test_top.env_alu.sb_alu [SCBD] PASS  a= 79, b=  11, out= 79 exp= 79
UVM_INFO alu_scoreboard.sv(53) @ 1094: uvm_test_top.env_alu.sb_alu [SCBD] PASS  a= 79, b=  11, out= 79 exp= 79
UVM_INFO alu_scoreboard.sv(53) @ 1096: uvm_test_top.env_alu.sb_alu [SCBD] PASS  a= 79, b=  11, out= 79 exp= 79
UVM_INFO alu_scoreboard.sv(53) @ 1098: uvm_test_top.env_alu.sb_alu [SCBD] PASS  a= 79, b=  11, out= 79 exp= 79
UVM_INFO alu_scoreboard.sv(53) @ 1100: uvm_test_top.env_alu.sb_alu [SCBD] PASS  a= 79, b=  11, out= 79 exp= 79
UVM_INFO /home/morris/uvm-1.2/src/base/uvm_report_server.svh(847) @ 1100: reporter [UVM/REPORT/SERVER] 
--- UVM Report Summary ---

** Report counts by severity
UVM_INFO :  705
UVM_WARNING :    0
UVM_ERROR :    0
UVM_FATAL :    0
** Report counts by id
[DRIVER]   102
[MONITOR_IN]     1
[MONITOR_OUT]     1
[RNTST]     1
[SCBD]   543
[SEQUENCE]    51
[SEQUENCER]     2
[UVM/RELNOTES]     1
[UVMTOP]     1
[alu_scoreboard]     1
[my_environment]     1

$finish called from file "/home/morris/uvm-1.2/src/base/uvm_root.svh", line 517.
$finish at simulation time                 1100
           V C S   S i m u l a t i o n   R e p o r t 
Time: 1100 ns
CPU Time:      0.310 seconds;       Data structure size:   0.2Mb
Tue Mar 10 18:25:42 2020
