Command: ./simv -l run.log
Chronologic VCS simulator copyright 1991-2014
Contains Synopsys proprietary information.
Compiler version I-2014.03-2; Runtime version I-2014.03-2;  Mar  7 21:25 2020
UVM_INFO /home/morris/uvm-1.2/src/base/uvm_root.svh(392) @ 0: reporter [UVM/RELNOTES] 
----------------------------------------------------------------
UVM-1.2
(C) 2007-2014 Mentor Graphics Corporation
(C) 2007-2014 Cadence Design Systems, Inc.
(C) 2006-2014 Synopsys, Inc.
(C) 2011-2013 Cypress Semiconductor Corp.
(C) 2013-2014 NVIDIA Corporation
----------------------------------------------------------------

  ***********       IMPORTANT RELEASE NOTES         ************

  You are using a version of the UVM library that has been compiled
  with `UVM_OBJECT_DO_NOT_NEED_CONSTRUCTOR undefined.
  See http://www.eda.org/svdb/view.php?id=3770 for more details.

      (Specify +UVM_NO_RELNOTES to turn off this notice)

UVM_INFO @ 0: reporter [RNTST] Running test my_test...
UVM_INFO sequencer.sv(10) @ 0: uvm_test_top.ENV.AGENT.SEQUENCER [SEQUENCER] BUILD PHASE
UVM_INFO scoreboard.sv(29) @ 0: uvm_test_top.ENV.SCOREBOARD [SCOREBOARD] BUILD PHASE
UVM_INFO /home/morris/uvm-1.2/src/base/uvm_root.svh(579) @ 0: reporter [UVMTOP] UVM testbench topology:
--------------------------------------------------------------
Name                       Type                    Size  Value
--------------------------------------------------------------
uvm_test_top               my_test                 -     @340 
  ENV                      my_environment          -     @353 
    AGENT                  my_agent                -     @363 
      DRIVER               my_driver               -     @410 
        rsp_port           uvm_analysis_port       -     @429 
        seq_item_port      uvm_seq_item_pull_port  -     @419 
      MONITOR              my_monitor              -     @576 
        monitor_port       uvm_analysis_port       -     @596 
      SEQUENCER            my_sequencer            -     @439 
        rsp_export         uvm_analysis_export     -     @448 
        seq_item_export    uvm_seq_item_pull_imp   -     @566 
        arbitration_queue  array                   0     -    
        lock_queue         array                   0     -    
        num_last_reqs      integral                32    'd1  
        num_last_rsps      integral                32    'd1  
      agent_port           uvm_analysis_port       -     @585 
    REFERENCE MONITOR      ref_model               -     @401 
      ref_port             uvm_analysis_port       -     @609 
    SCOREBOARD             my_scoreboard           -     @372 
      in_port building     uvm_analysis_imp_in     -     @381 
      out_port building    uvm_analysis_imp_ref    -     @391 
--------------------------------------------------------------

UVM_INFO driver.sv(25) @ 0: uvm_test_top.ENV.AGENT.DRIVER [DRIVER] RUN PHASE
UVM_INFO monitor.sv(30) @ 0: uvm_test_top.ENV.AGENT.MONITOR [MONITOR] RUN PHASE
UVM_INFO sequencer.sv(14) @ 0: uvm_test_top.ENV.AGENT.SEQUENCER [SEQUENCER] packet sent
UVM_INFO reference.sv(30) @ 0: uvm_test_top.ENV.REFERENCE MONITOR [MONITOR] RUN PHASE
UVM_INFO environment.sv(27) @ 0: uvm_test_top.ENV [ENV] RUN PHASE
UVM_INFO sequence.sv(11) @ 0: uvm_test_top.ENV.AGENT.SEQUENCER@@SEQUENCE [SEQUENCE] TASK
BUYING A PRODUCT NOW
UVM_INFO scoreboard.sv(99) @ 82360000: uvm_test_top.ENV.SCOREBOARD [SCBD] PASS in ok 1 , out ok 1
UVM_INFO scoreboard.sv(104) @ 82360000: uvm_test_top.ENV.SCOREBOARD [SCBD] PASS in ret5 0 , out ret5 0
UVM_INFO scoreboard.sv(109) @ 82360000: uvm_test_top.ENV.SCOREBOARD [SCBD] PASS in ret10 0 , out ret10 0
UVM_INFO scoreboard.sv(116) @ 82360000: uvm_test_top.ENV.SCOREBOARD [SCBD] FAIL in ret25 1 , out ret25 0
BUYING A PRODUCT NOW
UVM_INFO scoreboard.sv(99) @ 329010000: uvm_test_top.ENV.SCOREBOARD [SCBD] PASS in ok 1 , out ok 1
UVM_INFO scoreboard.sv(104) @ 329010000: uvm_test_top.ENV.SCOREBOARD [SCBD] PASS in ret5 0 , out ret5 0
UVM_INFO scoreboard.sv(109) @ 329010000: uvm_test_top.ENV.SCOREBOARD [SCBD] PASS in ret10 0 , out ret10 0
UVM_INFO scoreboard.sv(116) @ 329010000: uvm_test_top.ENV.SCOREBOARD [SCBD] FAIL in ret25 1 , out ret25 0
BUYING A PRODUCT NOW
UVM_INFO scoreboard.sv(99) @ 575670000: uvm_test_top.ENV.SCOREBOARD [SCBD] PASS in ok 1 , out ok 1
UVM_INFO scoreboard.sv(104) @ 575670000: uvm_test_top.ENV.SCOREBOARD [SCBD] PASS in ret5 0 , out ret5 0
UVM_INFO scoreboard.sv(109) @ 575670000: uvm_test_top.ENV.SCOREBOARD [SCBD] PASS in ret10 0 , out ret10 0
UVM_INFO scoreboard.sv(116) @ 575670000: uvm_test_top.ENV.SCOREBOARD [SCBD] FAIL in ret25 1 , out ret25 0
UVM_INFO /home/morris/uvm-1.2/src/base/uvm_report_server.svh(847) @ 740050000: reporter [UVM/REPORT/SERVER] 
--- UVM Report Summary ---

** Report counts by severity
UVM_INFO :   23
UVM_WARNING :    0
UVM_ERROR :    0
UVM_FATAL :    0
** Report counts by id
[DRIVER]     1
[ENV]     1
[MONITOR]     2
[RNTST]     1
[SCBD]    12
[SCOREBOARD]     1
[SEQUENCE]     1
[SEQUENCER]     2
[UVM/RELNOTES]     1
[UVMTOP]     1

$finish called from file "/home/morris/uvm-1.2/src/base/uvm_root.svh", line 517.
$finish at simulation time            740050000
           V C S   S i m u l a t i o n   R e p o r t 
Time: 740050000 ns
CPU Time:      0.520 seconds;       Data structure size:   0.2Mb
Sat Mar  7 21:25:49 2020
