Command: ./simv -l run.log
Chronologic VCS simulator copyright 1991-2014
Contains Synopsys proprietary information.
Compiler version I-2014.03-2; Runtime version I-2014.03-2;  Mar  2 02:24 2020
UVM_INFO /home/morris/uvm-1.2/src/base/uvm_root.svh(392) @ 0: reporter [UVM/RELNOTES] 
----------------------------------------------------------------
UVM-1.2
(C) 2007-2014 Mentor Graphics Corporation
(C) 2007-2014 Cadence Design Systems, Inc.
(C) 2006-2014 Synopsys, Inc.
(C) 2011-2013 Cypress Semiconductor Corp.
(C) 2013-2014 NVIDIA Corporation
----------------------------------------------------------------

  ***********       IMPORTANT RELEASE NOTES         ************

  You are using a version of the UVM library that has been compiled
  with `UVM_OBJECT_DO_NOT_NEED_CONSTRUCTOR undefined.
  See http://www.eda.org/svdb/view.php?id=3770 for more details.

      (Specify +UVM_NO_RELNOTES to turn off this notice)

UVM_INFO @ 0: reporter [RNTST] Running test test...
UVM_INFO test.sv(15) @ 0: uvm_test_top [my_environment] build phase
UVM_INFO my_environment.sv(12) @ 0: uvm_test_top.env_glbl [my_environment] build phase
UVM_INFO driver.sv(12) @ 0: uvm_test_top.env_glbl.agent.driver [driver] build phase
UVM_INFO monitor.sv(13) @ 0: uvm_test_top.env_glbl.agent.monitor [monitor] build phase
UVM_INFO sequencer.sv(9) @ 0: uvm_test_top.env_glbl.agent.sequencer [sequencer] build phase
UVM_INFO scoreboard.sv(19) @ 0: uvm_test_top.env_glbl.scoreboard [scoreboard] build phase
UVM_INFO monitor.sv(20) @ 0: uvm_test_top.env_glbl.agent.monitor [monitor] run phase
UVM_INFO sequencer.sv(13) @ 0: uvm_test_top.env_glbl.agent.sequencer [sequencer] packet sent
UVM_INFO scoreboard.sv(27) @ 0: uvm_test_top.env_glbl.scoreboard [SB] run phase
UVM_INFO my_environment.sv(23) @ 0: uvm_test_top.env_glbl [my environment] run phase
UVM_INFO test.sv(22) @ 0: uvm_test_top [my_environment] build phase
UVM_INFO /home/morris/uvm-1.2/src/base/uvm_report_server.svh(847) @ 2100000: reporter [UVM/REPORT/SERVER] 
--- UVM Report Summary ---

** Report counts by severity
UVM_INFO :   13
UVM_WARNING :    0
UVM_ERROR :    0
UVM_FATAL :    0
** Report counts by id
[RNTST]     1
[SB]     1
[UVM/RELNOTES]     1
[driver]     1
[monitor]     2
[my environment]     1
[my_environment]     3
[scoreboard]     1
[sequencer]     2

$finish called from file "/home/morris/uvm-1.2/src/base/uvm_root.svh", line 517.
$finish at simulation time              2100000
           V C S   S i m u l a t i o n   R e p o r t 
Time: 2100000 ns
CPU Time:      0.190 seconds;       Data structure size:   0.2Mb
Mon Mar  2 02:24:18 2020
